#
# There is insufficient memory for the Java Runtime Environment to continue.
# Native memory allocation (malloc) failed to allocate 582256 bytes for Chunk::new
# Possible reasons:
#   The system is out of physical RAM or swap space
#   The process is running with CompressedOops enabled, and the Java Heap may be blocking the growth of the native heap
# Possible solutions:
#   Reduce memory load on the system
#   Increase physical memory or swap space
#   Check if swap backing store is full
#   Decrease Java heap size (-Xmx/-Xms)
#   Decrease number of Java threads
#   Decrease Java thread stack sizes (-Xss)
#   Set larger code cache with -XX:ReservedCodeCacheSize=
#   JVM is running with Zero Based Compressed Oops mode in which the Java heap is
#     placed in the first 32GB address space. The Java Heap base address is the
#     maximum limit for the native heap growth. Please use -XX:HeapBaseMinAddress
#     to set the Java Heap base and to place the Java Heap above 32GB virtual address.
# This output file may be truncated or incomplete.
#
#  Out of Memory Error (arena.cpp:168), pid=20860, tid=9136
#
# JRE version: Java(TM) SE Runtime Environment (21.0.10+8) (build 21.0.10+8-LTS-217)
# Java VM: Java HotSpot(TM) 64-Bit Server VM (21.0.10+8-LTS-217, mixed mode, sharing, tiered, compressed oops, compressed class ptrs, g1 gc, windows-amd64)
# No core dump will be written. Minidumps are not enabled by default on client versions of Windows
#

---------------  S U M M A R Y ------------

Command Line: --enable-native-access=ALL-UNNAMED -Dclassworlds.conf=C:\apache-maven-3.9.12\bin\m2.conf -Dmaven.home=C:\apache-maven-3.9.12 -Dlibrary.jansi.path=C:\apache-maven-3.9.12\lib\jansi-native -Dmaven.multiModuleProjectDirectory=D:\proj\eventmate-back org.codehaus.plexus.classworlds.launcher.Launcher spring-boot:run

Host: 11th Gen Intel(R) Core(TM) i5-1155G7 @ 2.50GHz, 8 cores, 15G,  Windows 11 , 64 bit Build 22621 (10.0.22621.5415)
Time: Sun Feb  8 14:54:15 2026 India Standard Time elapsed time: 9.530179 seconds (0d 0h 0m 9s)

---------------  T H R E A D  ---------------

Current thread (0x000001b6216d35f0):  JavaThread "C2 CompilerThread0" daemon [_thread_in_native, id=9136, stack(0x000000ac4f600000,0x000000ac4f700000) (1024K)]


Current CompileTask:
C2:   9530 1099       4       sun.nio.cs.StreamDecoder::lockedRead (189 bytes)

Stack: [0x000000ac4f600000,0x000000ac4f700000]
Native frames: (J=compiled Java code, j=interpreted, Vv=VM code, C=native code)
V  [jvm.dll+0x6d0b59]
V  [jvm.dll+0x85fd56]
V  [jvm.dll+0x86224e]
V  [jvm.dll+0x862923]
V  [jvm.dll+0x282a16]
V  [jvm.dll+0xc662d]
V  [jvm.dll+0xc6b71]
V  [jvm.dll+0x3bbb21]
V  [jvm.dll+0x387fd2]
V  [jvm.dll+0x38741a]
V  [jvm.dll+0x24b370]
V  [jvm.dll+0x24a94f]
V  [jvm.dll+0x1cacfe]
V  [jvm.dll+0x25a629]
V  [jvm.dll+0x258bb5]
V  [jvm.dll+0x3f4da1]
V  [jvm.dll+0x80a83d]
V  [jvm.dll+0x6cf3fd]
C  [ucrtbase.dll+0x29333]
C  [KERNEL32.DLL+0x1259d]
C  [ntdll.dll+0x5af78]


---------------  P R O C E S S  ---------------

Threads class SMR info:
_java_thread_list=0x000001b66770ef90, length=13, elements={
0x000001b6025a9660, 0x000001b6216bcb70, 0x000001b6216bda90, 0x000001b6216c1410,
0x000001b6216c3f80, 0x000001b6216c49e0, 0x000001b6216c5440, 0x000001b6216d35f0,
0x000001b6216d7590, 0x000001b621923850, 0x000001b621926cc0, 0x000001b667699790,
0x000001b6676b84b0
}

Java Threads: ( => current thread )
  0x000001b6025a9660 JavaThread "main"                              [_thread_in_vm, id=19412, stack(0x000000ac4e800000,0x000000ac4e900000) (1024K)]
  0x000001b6216bcb70 JavaThread "Reference Handler"          daemon [_thread_blocked, id=18760, stack(0x000000ac4f000000,0x000000ac4f100000) (1024K)]
  0x000001b6216bda90 JavaThread "Finalizer"                  daemon [_thread_blocked, id=22024, stack(0x000000ac4f100000,0x000000ac4f200000) (1024K)]
  0x000001b6216c1410 JavaThread "Signal Dispatcher"          daemon [_thread_blocked, id=13044, stack(0x000000ac4f200000,0x000000ac4f300000) (1024K)]
  0x000001b6216c3f80 JavaThread "Attach Listener"            daemon [_thread_blocked, id=17912, stack(0x000000ac4f300000,0x000000ac4f400000) (1024K)]
  0x000001b6216c49e0 JavaThread "Service Thread"             daemon [_thread_blocked, id=6228, stack(0x000000ac4f400000,0x000000ac4f500000) (1024K)]
  0x000001b6216c5440 JavaThread "Monitor Deflation Thread"   daemon [_thread_blocked, id=5692, stack(0x000000ac4f500000,0x000000ac4f600000) (1024K)]
=>0x000001b6216d35f0 JavaThread "C2 CompilerThread0"         daemon [_thread_in_native, id=9136, stack(0x000000ac4f600000,0x000000ac4f700000) (1024K)]
  0x000001b6216d7590 JavaThread "C1 CompilerThread0"         daemon [_thread_blocked, id=12748, stack(0x000000ac4f700000,0x000000ac4f800000) (1024K)]
  0x000001b621923850 JavaThread "Notification Thread"        daemon [_thread_blocked, id=6184, stack(0x000000ac4f800000,0x000000ac4f900000) (1024K)]
  0x000001b621926cc0 JavaThread "Common-Cleaner"             daemon [_thread_blocked, id=6664, stack(0x000000ac4f900000,0x000000ac4fa00000) (1024K)]
  0x000001b667699790 JavaThread "C2 CompilerThread1"         daemon [_thread_in_native, id=17852, stack(0x000000ac4fa00000,0x000000ac4fb00000) (1024K)]
  0x000001b6676b84b0 JavaThread "C2 CompilerThread2"         daemon [_thread_in_native, id=22756, stack(0x000000ac4fb00000,0x000000ac4fc00000) (1024K)]
Total: 13

Other Threads:
  0x000001b62169f910 VMThread "VM Thread"                           [id=22684, stack(0x000000ac4ef00000,0x000000ac4f000000) (1024K)]
  0x000001b62168f710 WatcherThread "VM Periodic Task Thread"        [id=5624, stack(0x000000ac4ee00000,0x000000ac4ef00000) (1024K)]
  0x000001b60260e880 WorkerThread "GC Thread#0"                     [id=22088, stack(0x000000ac4e900000,0x000000ac4ea00000) (1024K)]
  0x000001b60261f5c0 ConcurrentGCThread "G1 Main Marker"            [id=22804, stack(0x000000ac4ea00000,0x000000ac4eb00000) (1024K)]
  0x000001b60261ffe0 WorkerThread "G1 Conc#0"                       [id=19144, stack(0x000000ac4eb00000,0x000000ac4ec00000) (1024K)]
  0x000001b60266ea90 ConcurrentGCThread "G1 Refine#0"               [id=15184, stack(0x000000ac4ec00000,0x000000ac4ed00000) (1024K)]
  0x000001b621563ad0 ConcurrentGCThread "G1 Service"                [id=11732, stack(0x000000ac4ed00000,0x000000ac4ee00000) (1024K)]
Total: 7

Threads with active compile tasks:
C2 CompilerThread0     9560 1099       4       sun.nio.cs.StreamDecoder::lockedRead (189 bytes)
C2 CompilerThread1     9560 1126       4       sun.nio.cs.StreamDecoder::implRead (232 bytes)
C2 CompilerThread2     9560 1103       4       java.io.InputStreamReader::read (11 bytes)
Total: 3

VM state: not at safepoint (normal execution)

VM Mutex/Monitor currently owned by a thread:  ([mutex/lock_event])
[0x00007ffd9c717f10] Metaspace_lock - owner thread: 0x000001b6025a9660

Heap address: 0x0000000703600000, size: 4042 MB, Compressed Oops mode: Zero based, Oop shift amount: 3

CDS archive(s) mapped at: [0x000001b622000000-0x000001b622c90000-0x000001b622c90000), size 13172736, SharedBaseAddress: 0x000001b622000000, ArchiveRelocationMode: 1.
Compressed class space mapped at: 0x000001b623000000-0x000001b663000000, reserved size: 1073741824
Narrow klass base: 0x000001b622000000, Narrow klass shift: 0, Narrow klass range: 0x100000000

GC Precious Log:
 CardTable entry size: 512
 Card Set container configuration: InlinePtr #cards 4 size 8 Array Of Cards #cards 16 size 48 Howl #buckets 8 coarsen threshold 3686 Howl Bitmap #cards 512 size 80 coarsen threshold 460 Card regions per heap region 1 cards per card region 4096
 CPUs: 8 total, 8 available
 Memory: 16167M
 Large Page Support: Disabled
 NUMA Support: Disabled
 Compressed Oops: Enabled (Zero based)
 Heap Region Size: 2M
 Heap Min Capacity: 8M
 Heap Initial Capacity: 254M
 Heap Max Capacity: 4042M
 Pre-touch: Disabled
 Parallel Workers: 8
 Concurrent Workers: 2
 Concurrent Refinement Workers: 8
 Periodic GC: Disabled

Heap:
 garbage-first heap   total 260096K, used 20480K [0x0000000703600000, 0x0000000800000000)
  region size 2048K, 11 young (22528K), 0 survivors (0K)
 Metaspace       used 5605K, committed 5760K, reserved 1114112K
  class space    used 644K, committed 768K, reserved 1048576K

Heap Regions: E=young(eden), S=young(survivor), O=old, HS=humongous(starts), HC=humongous(continues), CS=collection set, F=free, TAMS=top-at-mark-start, PB=parsable bottom
|   0|0x0000000703600000, 0x0000000703600000, 0x0000000703800000|  0%| F|  |TAMS 0x0000000703600000| PB 0x0000000703600000| Untracked 
|   1|0x0000000703800000, 0x0000000703800000, 0x0000000703a00000|  0%| F|  |TAMS 0x0000000703800000| PB 0x0000000703800000| Untracked 
|   2|0x0000000703a00000, 0x0000000703a00000, 0x0000000703c00000|  0%| F|  |TAMS 0x0000000703a00000| PB 0x0000000703a00000| Untracked 
|   3|0x0000000703c00000, 0x0000000703c00000, 0x0000000703e00000|  0%| F|  |TAMS 0x0000000703c00000| PB 0x0000000703c00000| Untracked 
|   4|0x0000000703e00000, 0x0000000703e00000, 0x0000000704000000|  0%| F|  |TAMS 0x0000000703e00000| PB 0x0000000703e00000| Untracked 
|   5|0x0000000704000000, 0x0000000704000000, 0x0000000704200000|  0%| F|  |TAMS 0x0000000704000000| PB 0x0000000704000000| Untracked 
|   6|0x0000000704200000, 0x0000000704200000, 0x0000000704400000|  0%| F|  |TAMS 0x0000000704200000| PB 0x0000000704200000| Untracked 
|   7|0x0000000704400000, 0x0000000704400000, 0x0000000704600000|  0%| F|  |TAMS 0x0000000704400000| PB 0x0000000704400000| Untracked 
|   8|0x0000000704600000, 0x0000000704600000, 0x0000000704800000|  0%| F|  |TAMS 0x0000000704600000| PB 0x0000000704600000| Untracked 
|   9|0x0000000704800000, 0x0000000704800000, 0x0000000704a00000|  0%| F|  |TAMS 0x0000000704800000| PB 0x0000000704800000| Untracked 
|  10|0x0000000704a00000, 0x0000000704a00000, 0x0000000704c00000|  0%| F|  |TAMS 0x0000000704a00000| PB 0x0000000704a00000| Untracked 
|  11|0x0000000704c00000, 0x0000000704c00000, 0x0000000704e00000|  0%| F|  |TAMS 0x0000000704c00000| PB 0x0000000704c00000| Untracked 
|  12|0x0000000704e00000, 0x0000000704e00000, 0x0000000705000000|  0%| F|  |TAMS 0x0000000704e00000| PB 0x0000000704e00000| Untracked 
|  13|0x0000000705000000, 0x0000000705000000, 0x0000000705200000|  0%| F|  |TAMS 0x0000000705000000| PB 0x0000000705000000| Untracked 
|  14|0x0000000705200000, 0x0000000705200000, 0x0000000705400000|  0%| F|  |TAMS 0x0000000705200000| PB 0x0000000705200000| Untracked 
|  15|0x0000000705400000, 0x0000000705400000, 0x0000000705600000|  0%| F|  |TAMS 0x0000000705400000| PB 0x0000000705400000| Untracked 
|  16|0x0000000705600000, 0x0000000705600000, 0x0000000705800000|  0%| F|  |TAMS 0x0000000705600000| PB 0x0000000705600000| Untracked 
|  17|0x0000000705800000, 0x0000000705800000, 0x0000000705a00000|  0%| F|  |TAMS 0x0000000705800000| PB 0x0000000705800000| Untracked 
|  18|0x0000000705a00000, 0x0000000705a00000, 0x0000000705c00000|  0%| F|  |TAMS 0x0000000705a00000| PB 0x0000000705a00000| Untracked 
|  19|0x0000000705c00000, 0x0000000705c00000, 0x0000000705e00000|  0%| F|  |TAMS 0x0000000705c00000| PB 0x0000000705c00000| Untracked 
|  20|0x0000000705e00000, 0x0000000705e00000, 0x0000000706000000|  0%| F|  |TAMS 0x0000000705e00000| PB 0x0000000705e00000| Untracked 
|  21|0x0000000706000000, 0x0000000706000000, 0x0000000706200000|  0%| F|  |TAMS 0x0000000706000000| PB 0x0000000706000000| Untracked 
|  22|0x0000000706200000, 0x0000000706200000, 0x0000000706400000|  0%| F|  |TAMS 0x0000000706200000| PB 0x0000000706200000| Untracked 
|  23|0x0000000706400000, 0x0000000706400000, 0x0000000706600000|  0%| F|  |TAMS 0x0000000706400000| PB 0x0000000706400000| Untracked 
|  24|0x0000000706600000, 0x0000000706600000, 0x0000000706800000|  0%| F|  |TAMS 0x0000000706600000| PB 0x0000000706600000| Untracked 
|  25|0x0000000706800000, 0x0000000706800000, 0x0000000706a00000|  0%| F|  |TAMS 0x0000000706800000| PB 0x0000000706800000| Untracked 
|  26|0x0000000706a00000, 0x0000000706a00000, 0x0000000706c00000|  0%| F|  |TAMS 0x0000000706a00000| PB 0x0000000706a00000| Untracked 
|  27|0x0000000706c00000, 0x0000000706c00000, 0x0000000706e00000|  0%| F|  |TAMS 0x0000000706c00000| PB 0x0000000706c00000| Untracked 
|  28|0x0000000706e00000, 0x0000000706e00000, 0x0000000707000000|  0%| F|  |TAMS 0x0000000706e00000| PB 0x0000000706e00000| Untracked 
|  29|0x0000000707000000, 0x0000000707000000, 0x0000000707200000|  0%| F|  |TAMS 0x0000000707000000| PB 0x0000000707000000| Untracked 
|  30|0x0000000707200000, 0x0000000707200000, 0x0000000707400000|  0%| F|  |TAMS 0x0000000707200000| PB 0x0000000707200000| Untracked 
|  31|0x0000000707400000, 0x0000000707400000, 0x0000000707600000|  0%| F|  |TAMS 0x0000000707400000| PB 0x0000000707400000| Untracked 
|  32|0x0000000707600000, 0x0000000707600000, 0x0000000707800000|  0%| F|  |TAMS 0x0000000707600000| PB 0x0000000707600000| Untracked 
|  33|0x0000000707800000, 0x0000000707800000, 0x0000000707a00000|  0%| F|  |TAMS 0x0000000707800000| PB 0x0000000707800000| Untracked 
|  34|0x0000000707a00000, 0x0000000707a00000, 0x0000000707c00000|  0%| F|  |TAMS 0x0000000707a00000| PB 0x0000000707a00000| Untracked 
|  35|0x0000000707c00000, 0x0000000707c00000, 0x0000000707e00000|  0%| F|  |TAMS 0x0000000707c00000| PB 0x0000000707c00000| Untracked 
|  36|0x0000000707e00000, 0x0000000707e00000, 0x0000000708000000|  0%| F|  |TAMS 0x0000000707e00000| PB 0x0000000707e00000| Untracked 
|  37|0x0000000708000000, 0x0000000708000000, 0x0000000708200000|  0%| F|  |TAMS 0x0000000708000000| PB 0x0000000708000000| Untracked 
|  38|0x0000000708200000, 0x0000000708200000, 0x0000000708400000|  0%| F|  |TAMS 0x0000000708200000| PB 0x0000000708200000| Untracked 
|  39|0x0000000708400000, 0x0000000708400000, 0x0000000708600000|  0%| F|  |TAMS 0x0000000708400000| PB 0x0000000708400000| Untracked 
|  40|0x0000000708600000, 0x0000000708600000, 0x0000000708800000|  0%| F|  |TAMS 0x0000000708600000| PB 0x0000000708600000| Untracked 
|  41|0x0000000708800000, 0x0000000708800000, 0x0000000708a00000|  0%| F|  |TAMS 0x0000000708800000| PB 0x0000000708800000| Untracked 
|  42|0x0000000708a00000, 0x0000000708a00000, 0x0000000708c00000|  0%| F|  |TAMS 0x0000000708a00000| PB 0x0000000708a00000| Untracked 
|  43|0x0000000708c00000, 0x0000000708c00000, 0x0000000708e00000|  0%| F|  |TAMS 0x0000000708c00000| PB 0x0000000708c00000| Untracked 
|  44|0x0000000708e00000, 0x0000000708e00000, 0x0000000709000000|  0%| F|  |TAMS 0x0000000708e00000| PB 0x0000000708e00000| Untracked 
|  45|0x0000000709000000, 0x0000000709000000, 0x0000000709200000|  0%| F|  |TAMS 0x0000000709000000| PB 0x0000000709000000| Untracked 
|  46|0x0000000709200000, 0x0000000709200000, 0x0000000709400000|  0%| F|  |TAMS 0x0000000709200000| PB 0x0000000709200000| Untracked 
|  47|0x0000000709400000, 0x0000000709400000, 0x0000000709600000|  0%| F|  |TAMS 0x0000000709400000| PB 0x0000000709400000| Untracked 
|  48|0x0000000709600000, 0x0000000709600000, 0x0000000709800000|  0%| F|  |TAMS 0x0000000709600000| PB 0x0000000709600000| Untracked 
|  49|0x0000000709800000, 0x0000000709800000, 0x0000000709a00000|  0%| F|  |TAMS 0x0000000709800000| PB 0x0000000709800000| Untracked 
|  50|0x0000000709a00000, 0x0000000709a00000, 0x0000000709c00000|  0%| F|  |TAMS 0x0000000709a00000| PB 0x0000000709a00000| Untracked 
|  51|0x0000000709c00000, 0x0000000709c00000, 0x0000000709e00000|  0%| F|  |TAMS 0x0000000709c00000| PB 0x0000000709c00000| Untracked 
|  52|0x0000000709e00000, 0x0000000709e00000, 0x000000070a000000|  0%| F|  |TAMS 0x0000000709e00000| PB 0x0000000709e00000| Untracked 
|  53|0x000000070a000000, 0x000000070a000000, 0x000000070a200000|  0%| F|  |TAMS 0x000000070a000000| PB 0x000000070a000000| Untracked 
|  54|0x000000070a200000, 0x000000070a200000, 0x000000070a400000|  0%| F|  |TAMS 0x000000070a200000| PB 0x000000070a200000| Untracked 
|  55|0x000000070a400000, 0x000000070a400000, 0x000000070a600000|  0%| F|  |TAMS 0x000000070a400000| PB 0x000000070a400000| Untracked 
|  56|0x000000070a600000, 0x000000070a600000, 0x000000070a800000|  0%| F|  |TAMS 0x000000070a600000| PB 0x000000070a600000| Untracked 
|  57|0x000000070a800000, 0x000000070a800000, 0x000000070aa00000|  0%| F|  |TAMS 0x000000070a800000| PB 0x000000070a800000| Untracked 
|  58|0x000000070aa00000, 0x000000070aa00000, 0x000000070ac00000|  0%| F|  |TAMS 0x000000070aa00000| PB 0x000000070aa00000| Untracked 
|  59|0x000000070ac00000, 0x000000070ac00000, 0x000000070ae00000|  0%| F|  |TAMS 0x000000070ac00000| PB 0x000000070ac00000| Untracked 
|  60|0x000000070ae00000, 0x000000070ae00000, 0x000000070b000000|  0%| F|  |TAMS 0x000000070ae00000| PB 0x000000070ae00000| Untracked 
|  61|0x000000070b000000, 0x000000070b000000, 0x000000070b200000|  0%| F|  |TAMS 0x000000070b000000| PB 0x000000070b000000| Untracked 
|  62|0x000000070b200000, 0x000000070b200000, 0x000000070b400000|  0%| F|  |TAMS 0x000000070b200000| PB 0x000000070b200000| Untracked 
|  63|0x000000070b400000, 0x000000070b400000, 0x000000070b600000|  0%| F|  |TAMS 0x000000070b400000| PB 0x000000070b400000| Untracked 
|  64|0x000000070b600000, 0x000000070b600000, 0x000000070b800000|  0%| F|  |TAMS 0x000000070b600000| PB 0x000000070b600000| Untracked 
|  65|0x000000070b800000, 0x000000070b800000, 0x000000070ba00000|  0%| F|  |TAMS 0x000000070b800000| PB 0x000000070b800000| Untracked 
|  66|0x000000070ba00000, 0x000000070ba00000, 0x000000070bc00000|  0%| F|  |TAMS 0x000000070ba00000| PB 0x000000070ba00000| Untracked 
|  67|0x000000070bc00000, 0x000000070bc00000, 0x000000070be00000|  0%| F|  |TAMS 0x000000070bc00000| PB 0x000000070bc00000| Untracked 
|  68|0x000000070be00000, 0x000000070be00000, 0x000000070c000000|  0%| F|  |TAMS 0x000000070be00000| PB 0x000000070be00000| Untracked 
|  69|0x000000070c000000, 0x000000070c000000, 0x000000070c200000|  0%| F|  |TAMS 0x000000070c000000| PB 0x000000070c000000| Untracked 
|  70|0x000000070c200000, 0x000000070c200000, 0x000000070c400000|  0%| F|  |TAMS 0x000000070c200000| PB 0x000000070c200000| Untracked 
|  71|0x000000070c400000, 0x000000070c400000, 0x000000070c600000|  0%| F|  |TAMS 0x000000070c400000| PB 0x000000070c400000| Untracked 
|  72|0x000000070c600000, 0x000000070c600000, 0x000000070c800000|  0%| F|  |TAMS 0x000000070c600000| PB 0x000000070c600000| Untracked 
|  73|0x000000070c800000, 0x000000070c800000, 0x000000070ca00000|  0%| F|  |TAMS 0x000000070c800000| PB 0x000000070c800000| Untracked 
|  74|0x000000070ca00000, 0x000000070ca00000, 0x000000070cc00000|  0%| F|  |TAMS 0x000000070ca00000| PB 0x000000070ca00000| Untracked 
|  75|0x000000070cc00000, 0x000000070cc00000, 0x000000070ce00000|  0%| F|  |TAMS 0x000000070cc00000| PB 0x000000070cc00000| Untracked 
|  76|0x000000070ce00000, 0x000000070ce00000, 0x000000070d000000|  0%| F|  |TAMS 0x000000070ce00000| PB 0x000000070ce00000| Untracked 
|  77|0x000000070d000000, 0x000000070d000000, 0x000000070d200000|  0%| F|  |TAMS 0x000000070d000000| PB 0x000000070d000000| Untracked 
|  78|0x000000070d200000, 0x000000070d200000, 0x000000070d400000|  0%| F|  |TAMS 0x000000070d200000| PB 0x000000070d200000| Untracked 
|  79|0x000000070d400000, 0x000000070d400000, 0x000000070d600000|  0%| F|  |TAMS 0x000000070d400000| PB 0x000000070d400000| Untracked 
|  80|0x000000070d600000, 0x000000070d600000, 0x000000070d800000|  0%| F|  |TAMS 0x000000070d600000| PB 0x000000070d600000| Untracked 
|  81|0x000000070d800000, 0x000000070d800000, 0x000000070da00000|  0%| F|  |TAMS 0x000000070d800000| PB 0x000000070d800000| Untracked 
|  82|0x000000070da00000, 0x000000070da00000, 0x000000070dc00000|  0%| F|  |TAMS 0x000000070da00000| PB 0x000000070da00000| Untracked 
|  83|0x000000070dc00000, 0x000000070dc00000, 0x000000070de00000|  0%| F|  |TAMS 0x000000070dc00000| PB 0x000000070dc00000| Untracked 
|  84|0x000000070de00000, 0x000000070de00000, 0x000000070e000000|  0%| F|  |TAMS 0x000000070de00000| PB 0x000000070de00000| Untracked 
|  85|0x000000070e000000, 0x000000070e000000, 0x000000070e200000|  0%| F|  |TAMS 0x000000070e000000| PB 0x000000070e000000| Untracked 
|  86|0x000000070e200000, 0x000000070e200000, 0x000000070e400000|  0%| F|  |TAMS 0x000000070e200000| PB 0x000000070e200000| Untracked 
|  87|0x000000070e400000, 0x000000070e400000, 0x000000070e600000|  0%| F|  |TAMS 0x000000070e400000| PB 0x000000070e400000| Untracked 
|  88|0x000000070e600000, 0x000000070e600000, 0x000000070e800000|  0%| F|  |TAMS 0x000000070e600000| PB 0x000000070e600000| Untracked 
|  89|0x000000070e800000, 0x000000070e800000, 0x000000070ea00000|  0%| F|  |TAMS 0x000000070e800000| PB 0x000000070e800000| Untracked 
|  90|0x000000070ea00000, 0x000000070ea00000, 0x000000070ec00000|  0%| F|  |TAMS 0x000000070ea00000| PB 0x000000070ea00000| Untracked 
|  91|0x000000070ec00000, 0x000000070ec00000, 0x000000070ee00000|  0%| F|  |TAMS 0x000000070ec00000| PB 0x000000070ec00000| Untracked 
|  92|0x000000070ee00000, 0x000000070ee00000, 0x000000070f000000|  0%| F|  |TAMS 0x000000070ee00000| PB 0x000000070ee00000| Untracked 
|  93|0x000000070f000000, 0x000000070f000000, 0x000000070f200000|  0%| F|  |TAMS 0x000000070f000000| PB 0x000000070f000000| Untracked 
|  94|0x000000070f200000, 0x000000070f200000, 0x000000070f400000|  0%| F|  |TAMS 0x000000070f200000| PB 0x000000070f200000| Untracked 
|  95|0x000000070f400000, 0x000000070f400000, 0x000000070f600000|  0%| F|  |TAMS 0x000000070f400000| PB 0x000000070f400000| Untracked 
|  96|0x000000070f600000, 0x000000070f600000, 0x000000070f800000|  0%| F|  |TAMS 0x000000070f600000| PB 0x000000070f600000| Untracked 
|  97|0x000000070f800000, 0x000000070f800000, 0x000000070fa00000|  0%| F|  |TAMS 0x000000070f800000| PB 0x000000070f800000| Untracked 
|  98|0x000000070fa00000, 0x000000070fa00000, 0x000000070fc00000|  0%| F|  |TAMS 0x000000070fa00000| PB 0x000000070fa00000| Untracked 
|  99|0x000000070fc00000, 0x000000070fc00000, 0x000000070fe00000|  0%| F|  |TAMS 0x000000070fc00000| PB 0x000000070fc00000| Untracked 
| 100|0x000000070fe00000, 0x000000070fe00000, 0x0000000710000000|  0%| F|  |TAMS 0x000000070fe00000| PB 0x000000070fe00000| Untracked 
| 101|0x0000000710000000, 0x0000000710000000, 0x0000000710200000|  0%| F|  |TAMS 0x0000000710000000| PB 0x0000000710000000| Untracked 
| 102|0x0000000710200000, 0x0000000710200000, 0x0000000710400000|  0%| F|  |TAMS 0x0000000710200000| PB 0x0000000710200000| Untracked 
| 103|0x0000000710400000, 0x0000000710400000, 0x0000000710600000|  0%| F|  |TAMS 0x0000000710400000| PB 0x0000000710400000| Untracked 
| 104|0x0000000710600000, 0x0000000710600000, 0x0000000710800000|  0%| F|  |TAMS 0x0000000710600000| PB 0x0000000710600000| Untracked 
| 105|0x0000000710800000, 0x0000000710800000, 0x0000000710a00000|  0%| F|  |TAMS 0x0000000710800000| PB 0x0000000710800000| Untracked 
| 106|0x0000000710a00000, 0x0000000710a00000, 0x0000000710c00000|  0%| F|  |TAMS 0x0000000710a00000| PB 0x0000000710a00000| Untracked 
| 107|0x0000000710c00000, 0x0000000710c00000, 0x0000000710e00000|  0%| F|  |TAMS 0x0000000710c00000| PB 0x0000000710c00000| Untracked 
| 108|0x0000000710e00000, 0x0000000710e00000, 0x0000000711000000|  0%| F|  |TAMS 0x0000000710e00000| PB 0x0000000710e00000| Untracked 
| 109|0x0000000711000000, 0x0000000711000000, 0x0000000711200000|  0%| F|  |TAMS 0x0000000711000000| PB 0x0000000711000000| Untracked 
| 110|0x0000000711200000, 0x0000000711200000, 0x0000000711400000|  0%| F|  |TAMS 0x0000000711200000| PB 0x0000000711200000| Untracked 
| 111|0x0000000711400000, 0x0000000711400000, 0x0000000711600000|  0%| F|  |TAMS 0x0000000711400000| PB 0x0000000711400000| Untracked 
| 112|0x0000000711600000, 0x0000000711600000, 0x0000000711800000|  0%| F|  |TAMS 0x0000000711600000| PB 0x0000000711600000| Untracked 
| 113|0x0000000711800000, 0x0000000711800000, 0x0000000711a00000|  0%| F|  |TAMS 0x0000000711800000| PB 0x0000000711800000| Untracked 
| 114|0x0000000711a00000, 0x0000000711a00000, 0x0000000711c00000|  0%| F|  |TAMS 0x0000000711a00000| PB 0x0000000711a00000| Untracked 
| 115|0x0000000711c00000, 0x0000000711c00000, 0x0000000711e00000|  0%| F|  |TAMS 0x0000000711c00000| PB 0x0000000711c00000| Untracked 
| 116|0x0000000711e00000, 0x0000000712000000, 0x0000000712000000|100%| E|  |TAMS 0x0000000711e00000| PB 0x0000000711e00000| Complete 
| 117|0x0000000712000000, 0x0000000712200000, 0x0000000712200000|100%| E|CS|TAMS 0x0000000712000000| PB 0x0000000712000000| Complete 
| 118|0x0000000712200000, 0x0000000712400000, 0x0000000712400000|100%| E|CS|TAMS 0x0000000712200000| PB 0x0000000712200000| Complete 
| 119|0x0000000712400000, 0x0000000712600000, 0x0000000712600000|100%| E|CS|TAMS 0x0000000712400000| PB 0x0000000712400000| Complete 
| 120|0x0000000712600000, 0x0000000712800000, 0x0000000712800000|100%| E|CS|TAMS 0x0000000712600000| PB 0x0000000712600000| Complete 
| 121|0x0000000712800000, 0x0000000712a00000, 0x0000000712a00000|100%| E|CS|TAMS 0x0000000712800000| PB 0x0000000712800000| Complete 
| 122|0x0000000712a00000, 0x0000000712c00000, 0x0000000712c00000|100%| E|CS|TAMS 0x0000000712a00000| PB 0x0000000712a00000| Complete 
| 123|0x0000000712c00000, 0x0000000712e00000, 0x0000000712e00000|100%| E|CS|TAMS 0x0000000712c00000| PB 0x0000000712c00000| Complete 
| 124|0x0000000712e00000, 0x0000000713000000, 0x0000000713000000|100%| E|CS|TAMS 0x0000000712e00000| PB 0x0000000712e00000| Complete 
| 125|0x0000000713000000, 0x0000000713200000, 0x0000000713200000|100%| E|CS|TAMS 0x0000000713000000| PB 0x0000000713000000| Complete 
| 126|0x0000000713200000, 0x0000000713400000, 0x0000000713400000|100%| E|CS|TAMS 0x0000000713200000| PB 0x0000000713200000| Complete 

Card table byte_map: [0x000001b61a570000,0x000001b61ad60000] _byte_map_base: 0x000001b616d55000

Marking Bits: (CMBitMap*) 0x000001b60260eea0
 Bits: [0x000001b61ad60000, 0x000001b61ec88000)

Polling page: 0x000001b6004e0000

Metaspace:

Usage:
  Non-class:      4.84 MB used.
      Class:    644.50 KB used.
       Both:      5.47 MB used.

Virtual space:
  Non-class space:       64.00 MB reserved,       4.88 MB (  8%) committed,  1 nodes.
      Class space:        1.00 GB reserved,     768.00 KB ( <1%) committed,  1 nodes.
             Both:        1.06 GB reserved,       5.62 MB ( <1%) committed. 

Chunk freelists:
   Non-Class:  9.17 MB
       Class:  15.30 MB
        Both:  24.47 MB

MaxMetaspaceSize: unlimited
CompressedClassSpaceSize: 1.00 GB
Initial GC threshold: 21.00 MB
Current GC threshold: 21.00 MB
CDS: on
 - commit_granule_bytes: 65536.
 - commit_granule_words: 8192.
 - virtual_space_node_default_size: 8388608.
 - enlarge_chunks_in_place: 1.
 - use_allocation_guard: 0.


Internal statistics:

num_allocs_failed_limit: 0.
num_arena_births: 66.
num_arena_deaths: 0.
num_vsnodes_births: 2.
num_vsnodes_deaths: 0.
num_space_committed: 90.
num_space_uncommitted: 0.
num_chunks_returned_to_freelist: 0.
num_chunks_taken_from_freelist: 228.
num_chunk_merges: 0.
num_chunk_splits: 145.
num_chunks_enlarged: 116.
num_inconsistent_stats: 0.

CodeHeap 'non-profiled nmethods': size=120000Kb used=369Kb max_used=369Kb free=119630Kb
 bounds [0x000001b612520000, 0x000001b612790000, 0x000001b619a50000]
CodeHeap 'profiled nmethods': size=120000Kb used=2224Kb max_used=2224Kb free=117775Kb
 bounds [0x000001b60aa50000, 0x000001b60acc0000, 0x000001b611f80000]
CodeHeap 'non-nmethods': size=5760Kb used=1508Kb max_used=1519Kb free=4251Kb
 bounds [0x000001b611f80000, 0x000001b6121f0000, 0x000001b612520000]
 total_blobs=1593 nmethods=1128 adapters=367
 compilation: enabled
              stopped_count=0, restarted_count=0
 full_count=0

Compilation events (20 events):
Event: 9.523 Thread 0x000001b6216d7590 1133       3       org.codehaus.plexus.util.xml.pull.MXParser::nextText (107 bytes)
Event: 9.524 Thread 0x000001b6216d7590 nmethod 1133 0x000001b60ac76510 code [0x000001b60ac767e0, 0x000001b60ac77380]
Event: 9.524 Thread 0x000001b6216d7590 1134       3       jdk.internal.loader.URLClassPath$JarLoader$2::getManifest (26 bytes)
Event: 9.525 Thread 0x000001b6216d7590 nmethod 1134 0x000001b60ac77810 code [0x000001b60ac77a60, 0x000001b60ac781d8]
Event: 9.525 Thread 0x000001b6216d7590 1135       3       java.util.jar.JavaUtilJarAccessImpl::ensureInitialization (5 bytes)
Event: 9.525 Thread 0x000001b6216d7590 nmethod 1135 0x000001b60ac78610 code [0x000001b60ac787c0, 0x000001b60ac78990]
Event: 9.525 Thread 0x000001b6216d7590 1136  s!   3       java.util.jar.JarFile::ensureInitialization (59 bytes)
Event: 9.525 Thread 0x000001b6216d7590 nmethod 1136 0x000001b60ac78a90 code [0x000001b60ac78ce0, 0x000001b60ac794a0]
Event: 9.525 Thread 0x000001b6216d7590 1137       3       java.util.jar.JarFile::getManifest (5 bytes)
Event: 9.525 Thread 0x000001b6216d7590 nmethod 1137 0x000001b60ac79790 code [0x000001b60ac79940, 0x000001b60ac79a78]
Event: 9.525 Thread 0x000001b6216d7590 1138       3       jdk.internal.loader.URLClassPath$JarLoader$2::getInputStream (15 bytes)
Event: 9.526 Thread 0x000001b6216d7590 nmethod 1138 0x000001b60ac79b10 code [0x000001b60ac79cc0, 0x000001b60ac79ea8]
Event: 9.526 Thread 0x000001b6216d7590 1139       3       jdk.internal.loader.URLClassPath$JarLoader$2::getBytes (48 bytes)
Event: 9.526 Thread 0x000001b6216d7590 nmethod 1139 0x000001b60ac79f90 code [0x000001b60ac7a1a0, 0x000001b60ac7a8f0]
Event: 9.526 Thread 0x000001b6216d7590 1140       3       jdk.internal.loader.URLClassPath$JarLoader$2::getContentLength (9 bytes)
Event: 9.526 Thread 0x000001b6216d7590 nmethod 1140 0x000001b60ac7ab90 code [0x000001b60ac7ad20, 0x000001b60ac7aed8]
Event: 9.526 Thread 0x000001b6216d7590 1141   !   3       java.util.jar.JarFile$JarFileEntry::getCodeSigners (77 bytes)
Event: 9.527 Thread 0x000001b6216d7590 nmethod 1141 0x000001b60ac7af90 code [0x000001b60ac7b1a0, 0x000001b60ac7b728]
Event: 9.527 Thread 0x000001b6216d7590 1142       3       java.lang.ClassLoader::defineClass (43 bytes)
Event: 9.527 Thread 0x000001b6216d7590 nmethod 1142 0x000001b60ac7b910 code [0x000001b60ac7bb20, 0x000001b60ac7c048]

GC Heap History (0 events):
No events

Dll operation events (8 events):
Event: 0.011 Loaded shared library C:\Program Files\Java\jdk-21.0.10\bin\java.dll
Event: 0.064 Loaded shared library C:\Program Files\Java\jdk-21.0.10\bin\jsvml.dll
Event: 0.094 Loaded shared library C:\Program Files\Java\jdk-21.0.10\bin\net.dll
Event: 0.098 Loaded shared library C:\Program Files\Java\jdk-21.0.10\bin\nio.dll
Event: 0.143 Loaded shared library C:\Program Files\Java\jdk-21.0.10\bin\zip.dll
Event: 7.835 Loaded shared library C:\Program Files\Java\jdk-21.0.10\bin\jimage.dll
Event: 7.945 Loaded shared library C:\apache-maven-3.9.12\lib\jansi-native\Windows\x86_64\jansi.dll
Event: 7.972 Loaded shared library C:\Program Files\Java\jdk-21.0.10\bin\verify.dll

Deoptimization events (20 events):
Event: 9.061 Thread 0x000001b6025a9660 DEOPT PACKING pc=0x000001b6125537e4 sp=0x000000ac4e8fdfa0
Event: 9.061 Thread 0x000001b6025a9660 DEOPT UNPACKING pc=0x000001b611fd7da2 sp=0x000000ac4e8fdf30 mode 2
Event: 9.093 Thread 0x000001b6025a9660 DEOPT PACKING pc=0x000001b60aa8403c sp=0x000000ac4e8fcff0
Event: 9.093 Thread 0x000001b6025a9660 DEOPT UNPACKING pc=0x000001b611fd88e2 sp=0x000000ac4e8fc480 mode 0
Event: 9.098 Thread 0x000001b6025a9660 DEOPT PACKING pc=0x000001b60aab6477 sp=0x000000ac4e8fd360
Event: 9.098 Thread 0x000001b6025a9660 DEOPT UNPACKING pc=0x000001b611fd88e2 sp=0x000000ac4e8fc7b0 mode 0
Event: 9.277 Thread 0x000001b6025a9660 DEOPT PACKING pc=0x000001b60aa89d49 sp=0x000000ac4e8fce10
Event: 9.277 Thread 0x000001b6025a9660 DEOPT UNPACKING pc=0x000001b611fd88e2 sp=0x000000ac4e8fc288 mode 0
Event: 9.465 Thread 0x000001b6025a9660 Uncommon trap: trap_request=0xffffff6e fr.pc=0x000001b612562e00 relative=0x0000000000000440
Event: 9.465 Thread 0x000001b6025a9660 Uncommon trap: reason=loop_limit_check action=maybe_recompile pc=0x000001b612562e00 method=java.lang.StringLatin1.indexOf([BI[BII)I @ 37 c2
Event: 9.465 Thread 0x000001b6025a9660 DEOPT PACKING pc=0x000001b612562e00 sp=0x000000ac4e8fda80
Event: 9.465 Thread 0x000001b6025a9660 DEOPT UNPACKING pc=0x000001b611fd7da2 sp=0x000000ac4e8fd9e0 mode 2
Event: 9.468 Thread 0x000001b6025a9660 Uncommon trap: trap_request=0xffffff76 fr.pc=0x000001b61255a600 relative=0x0000000000000320
Event: 9.468 Thread 0x000001b6025a9660 Uncommon trap: reason=predicate action=maybe_recompile pc=0x000001b61255a600 method=java.util.regex.Pattern$BmpCharPropertyGreedy.match(Ljava/util/regex/Matcher;ILjava/lang/CharSequence;)Z @ 12 c2
Event: 9.468 Thread 0x000001b6025a9660 DEOPT PACKING pc=0x000001b61255a600 sp=0x000000ac4e8fdb40
Event: 9.468 Thread 0x000001b6025a9660 DEOPT UNPACKING pc=0x000001b611fd7da2 sp=0x000000ac4e8fdaf8 mode 2
Event: 9.468 Thread 0x000001b6025a9660 Uncommon trap: trap_request=0xffffff45 fr.pc=0x000001b6125506e4 relative=0x00000000000000c4
Event: 9.468 Thread 0x000001b6025a9660 Uncommon trap: reason=unstable_if action=reinterpret pc=0x000001b6125506e4 method=org.codehaus.plexus.util.xml.pull.MXParser.more()C @ 8 c2
Event: 9.468 Thread 0x000001b6025a9660 DEOPT PACKING pc=0x000001b6125506e4 sp=0x000000ac4e8fdf10
Event: 9.468 Thread 0x000001b6025a9660 DEOPT UNPACKING pc=0x000001b611fd7da2 sp=0x000000ac4e8fdea0 mode 2

Classes loaded (20 events):
Event: 9.403 Loading class java/lang/annotation/Target
Event: 9.403 Loading class java/lang/annotation/Target done
Event: 9.403 Loading class java/lang/annotation/ElementType
Event: 9.403 Loading class java/lang/annotation/ElementType done
Event: 9.404 Loading class java/lang/annotation/Documented
Event: 9.404 Loading class java/lang/annotation/Documented done
Event: 9.421 Loading class java/util/concurrent/TimeoutException
Event: 9.421 Loading class java/util/concurrent/TimeoutException done
Event: 9.422 Loading class java/util/concurrent/CancellationException
Event: 9.422 Loading class java/util/concurrent/CancellationException done
Event: 9.433 Loading class java/lang/reflect/ParameterizedType
Event: 9.433 Loading class java/lang/reflect/ParameterizedType done
Event: 9.437 Loading class java/lang/reflect/WildcardType
Event: 9.437 Loading class java/lang/reflect/WildcardType done
Event: 9.441 Loading class sun/reflect/generics/tree/TypeVariableSignature
Event: 9.441 Loading class sun/reflect/generics/tree/TypeVariableSignature done
Event: 9.461 Loading class java/lang/annotation/IncompleteAnnotationException
Event: 9.461 Loading class java/lang/annotation/IncompleteAnnotationException done
Event: 9.518 Loading class java/lang/foreign/MemorySegment
Event: 9.518 Loading class java/lang/foreign/MemorySegment done

Classes unloaded (0 events):
No events

Classes redefined (0 events):
No events

Internal exceptions (20 events):
Event: 7.955 Thread 0x000001b6025a9660 Exception <a 'java/lang/NullPointerException'{0x0000000712fc2228}> (0x0000000712fc2228) 
thrown [s\open\src\hotspot\share\interpreter\linkResolver.cpp, line 1372]
Event: 7.955 Thread 0x000001b6025a9660 Exception <a 'java/lang/NullPointerException'{0x0000000712fc2508}> (0x0000000712fc2508) 
thrown [s\open\src\hotspot\share\interpreter\linkResolver.cpp, line 1372]
Event: 7.957 Thread 0x000001b6025a9660 Exception <a 'java/lang/NullPointerException'{0x0000000712c01538}> (0x0000000712c01538) 
thrown [s\open\src\hotspot\share\interpreter\linkResolver.cpp, line 1372]
Event: 7.960 Thread 0x000001b6025a9660 Exception <a 'java/lang/NullPointerException'{0x0000000712c14fb0}> (0x0000000712c14fb0) 
thrown [s\open\src\hotspot\share\interpreter\linkResolver.cpp, line 1372]
Event: 7.960 Thread 0x000001b6025a9660 Exception <a 'java/lang/NullPointerException'{0x0000000712c15290}> (0x0000000712c15290) 
thrown [s\open\src\hotspot\share\interpreter\linkResolver.cpp, line 1372]
Event: 7.960 Thread 0x000001b6025a9660 Exception <a 'java/lang/NullPointerException'{0x0000000712c15570}> (0x0000000712c15570) 
thrown [s\open\src\hotspot\share\interpreter\linkResolver.cpp, line 1372]
Event: 7.960 Thread 0x000001b6025a9660 Exception <a 'java/lang/NullPointerException'{0x0000000712c15850}> (0x0000000712c15850) 
thrown [s\open\src\hotspot\share\interpreter\linkResolver.cpp, line 1372]
Event: 7.986 Thread 0x000001b6025a9660 Exception <a 'java/lang/NoSuchMethodError'{0x0000000712c80aa8}: 'void java.lang.invoke.DirectMethodHandle$Holder.invokeVirtual(java.lang.Object, java.lang.Object)'> (0x0000000712c80aa8) 
thrown [s\open\src\hotspot\share\interpreter\linkResolver.cpp, line 773]
Event: 7.992 Thread 0x000001b6025a9660 Exception <a 'java/lang/NoSuchMethodError'{0x0000000712c9c798}: 'void java.lang.invoke.DirectMethodHandle$Holder.invokeStatic(java.lang.Object, java.lang.Object)'> (0x0000000712c9c798) 
thrown [s\open\src\hotspot\share\interpreter\linkResolver.cpp, line 773]
Event: 7.992 Thread 0x000001b6025a9660 Exception <a 'java/lang/NoSuchMethodError'{0x0000000712c9f860}: 'void java.lang.invoke.DirectMethodHandle$Holder.invokeStaticInit(java.lang.Object, java.lang.Object)'> (0x0000000712c9f860) 
thrown [s\open\src\hotspot\share\interpreter\linkResolver.cpp, line 773]
Event: 8.012 Thread 0x000001b6025a9660 Exception <a 'java/lang/NoSuchMethodError'{0x0000000712ce5a18}: 'void java.lang.invoke.DirectMethodHandle$Holder.invokeStatic(java.lang.Object, java.lang.Object, java.lang.Object)'> (0x0000000712ce5a18) 
thrown [s\open\src\hotspot\share\interpreter\linkResolver.cpp, line 773]
Event: 8.961 Thread 0x000001b6025a9660 Exception <a 'java/lang/NoSuchMethodError'{0x0000000712a5e108}: 'java.lang.Object java.lang.invoke.DirectMethodHandle$Holder.invokeSpecialIFC(java.lang.Object, java.lang.Object, java.lang.Object, java.lang.Object)'> (0x0000000712a5e108) 
thrown [s\open\src\hotspot\share\interpreter\linkResolver.cpp, line 773]
Event: 9.234 Thread 0x000001b6025a9660 Exception <a 'java/lang/NoSuchMethodError'{0x0000000712413ef8}: 'void java.lang.invoke.DirectMethodHandle$Holder.invokeSpecial(java.lang.Object, java.lang.Object, java.lang.Object)'> (0x0000000712413ef8) 
thrown [s\open\src\hotspot\share\interpreter\linkResolver.cpp, line 773]
Event: 9.295 Thread 0x000001b6025a9660 Exception <a 'java/lang/NoSuchMethodError'{0x000000071256d0c0}: 'java.lang.Object java.lang.invoke.DirectMethodHandle$Holder.invokeInterface(java.lang.Object, java.lang.Object)'> (0x000000071256d0c0) 
thrown [s\open\src\hotspot\share\interpreter\linkResolver.cpp, line 773]
Event: 9.320 Thread 0x000001b6025a9660 Exception <a 'java/lang/NoSuchMethodError'{0x000000071220c760}: 'int java.lang.invoke.DirectMethodHandle$Holder.invokeStatic(java.lang.Object, java.lang.Object, java.lang.Object, java.lang.Object)'> (0x000000071220c760) 
thrown [s\open\src\hotspot\share\interpreter\linkResolver.cpp, line 773]
Event: 9.321 Thread 0x000001b6025a9660 Exception <a 'java/lang/NoSuchMethodError'{0x000000071220fdf0}: 'java.lang.Object java.lang.invoke.Invokers$Holder.invokeExact_MT(java.lang.Object, java.lang.Object, java.lang.Object, java.lang.Object, java.lang.Object, java.lang.Object)'> (0x000000071220fdf0) 
thrown [s\open\src\hotspot\share\interpreter\linkResolver.cpp, line 773]
Event: 9.324 Thread 0x000001b6025a9660 Exception <a 'java/lang/NoSuchMethodError'{0x000000071221e360}: 'int java.lang.invoke.DirectMethodHandle$Holder.invokeSpecialIFC(java.lang.Object, java.lang.Object, java.lang.Object, java.lang.Object, java.lang.Object)'> (0x000000071221e360) 
thrown [s\open\src\hotspot\share\interpreter\linkResolver.cpp, line 773]
Event: 9.405 Thread 0x000001b6025a9660 Exception <a 'java/lang/NoSuchMethodError'{0x00000007123b72c8}: 'java.lang.Object java.lang.invoke.DirectMethodHandle$Holder.newInvokeSpecial(java.lang.Object, java.lang.Object, java.lang.Object, java.lang.Object, java.lang.Object)'> (0x00000007123b72c8) 
thrown [s\open\src\hotspot\share\interpreter\linkResolver.cpp, line 773]
Event: 9.450 Thread 0x000001b6025a9660 Exception <a 'java/lang/NoSuchMethodError'{0x00000007120d1a28}: 'int java.lang.invoke.DirectMethodHandle$Holder.invokeStaticInit(java.lang.Object, java.lang.Object)'> (0x00000007120d1a28) 
thrown [s\open\src\hotspot\share\interpreter\linkResolver.cpp, line 773]
Event: 9.462 Thread 0x000001b6025a9660 Exception <a 'java/lang/NoClassDefFoundError'{0x0000000712109150}: javax/enterprise/inject/Typed> (0x0000000712109150) 
thrown [s\open\src\hotspot\share\classfile\systemDictionary.cpp, line 301]

ZGC Phase Switch (0 events):
No events

VM Operations (12 events):
Event: 0.145 Executing VM operation: HandshakeAllThreads (Deoptimize)
Event: 0.146 Executing VM operation: HandshakeAllThreads (Deoptimize) done
Event: 1.146 Executing VM operation: Cleanup
Event: 1.146 Executing VM operation: Cleanup done
Event: 7.178 Executing VM operation: Cleanup
Event: 7.178 Executing VM operation: Cleanup done
Event: 7.823 Executing VM operation: HandshakeAllThreads (Deoptimize)
Event: 7.823 Executing VM operation: HandshakeAllThreads (Deoptimize) done
Event: 7.843 Executing VM operation: HandshakeAllThreads (Deoptimize)
Event: 7.843 Executing VM operation: HandshakeAllThreads (Deoptimize) done
Event: 8.849 Executing VM operation: Cleanup
Event: 8.849 Executing VM operation: Cleanup done

Events (15 events):
Event: 0.038 Thread 0x000001b6025a9660 Thread added: 0x000001b6025a9660
Event: 0.060 Thread 0x000001b6216bcb70 Thread added: 0x000001b6216bcb70
Event: 0.060 Thread 0x000001b6216bda90 Thread added: 0x000001b6216bda90
Event: 0.061 Thread 0x000001b6216c1410 Thread added: 0x000001b6216c1410
Event: 0.061 Thread 0x000001b6216c3f80 Thread added: 0x000001b6216c3f80
Event: 0.061 Thread 0x000001b6216c49e0 Thread added: 0x000001b6216c49e0
Event: 0.061 Thread 0x000001b6216c5440 Thread added: 0x000001b6216c5440
Event: 0.061 Thread 0x000001b6216d35f0 Thread added: 0x000001b6216d35f0
Event: 0.061 Thread 0x000001b6216d7590 Thread added: 0x000001b6216d7590
Event: 0.083 Thread 0x000001b621923850 Thread added: 0x000001b621923850
Event: 0.089 Thread 0x000001b621926cc0 Thread added: 0x000001b621926cc0
Event: 7.832 Thread 0x000001b621adc600 Thread added: 0x000001b621adc600
Event: 7.849 Thread 0x000001b621adc600 Thread exited: 0x000001b621adc600
Event: 9.478 Thread 0x000001b667699790 Thread added: 0x000001b667699790
Event: 9.504 Thread 0x000001b6676b84b0 Thread added: 0x000001b6676b84b0


Dynamic libraries:
0x00007ff775b40000 - 0x00007ff775b50000 	C:\Program Files\Java\jdk-21.0.10\bin\java.exe
0x00007ffe6b7b0000 - 0x00007ffe6b9c8000 	C:\Windows\SYSTEM32\ntdll.dll
0x00007ffe6a2a0000 - 0x00007ffe6a364000 	C:\Windows\System32\KERNEL32.DLL
0x00007ffe68940000 - 0x00007ffe68d13000 	C:\Windows\System32\KERNELBASE.dll
0x00007ffe691c0000 - 0x00007ffe692d1000 	C:\Windows\System32\ucrtbase.dll
0x00007ffe58b50000 - 0x00007ffe58b69000 	C:\Program Files\Java\jdk-21.0.10\bin\jli.dll
0x00007ffe58b70000 - 0x00007ffe58b8e000 	C:\Program Files\Java\jdk-21.0.10\bin\VCRUNTIME140.dll
0x00007ffe69520000 - 0x00007ffe695d1000 	C:\Windows\System32\ADVAPI32.dll
0x00007ffe6a0e0000 - 0x00007ffe6a187000 	C:\Windows\System32\msvcrt.dll
0x00007ffe69700000 - 0x00007ffe697a8000 	C:\Windows\System32\sechost.dll
0x00007ffe69420000 - 0x00007ffe69448000 	C:\Windows\System32\bcrypt.dll
0x00007ffe695e0000 - 0x00007ffe696f8000 	C:\Windows\System32\RPCRT4.dll
0x00007ffe6a970000 - 0x00007ffe6ab22000 	C:\Windows\System32\USER32.dll
0x00007ffe68d20000 - 0x00007ffe68d46000 	C:\Windows\System32\win32u.dll
0x00007ffe69820000 - 0x00007ffe69849000 	C:\Windows\System32\GDI32.dll
0x00007ffe525a0000 - 0x00007ffe5283c000 	C:\Windows\WinSxS\amd64_microsoft.windows.common-controls_6595b64144ccf1df_6.0.22621.6060_none_2712eda17382d24b\COMCTL32.dll
0x00007ffe68fe0000 - 0x00007ffe690fb000 	C:\Windows\System32\gdi32full.dll
0x00007ffe68d50000 - 0x00007ffe68dea000 	C:\Windows\System32\msvcp_win.dll
0x00007ffe63980000 - 0x00007ffe6398a000 	C:\Windows\SYSTEM32\VERSION.dll
0x00007ffe6a370000 - 0x00007ffe6a3a1000 	C:\Windows\System32\IMM32.DLL
0x00007ffe626d0000 - 0x00007ffe626dc000 	C:\Program Files\Java\jdk-21.0.10\bin\vcruntime140_1.dll
0x00007ffe2a2c0000 - 0x00007ffe2a34d000 	C:\Program Files\Java\jdk-21.0.10\bin\msvcp140.dll
0x00007ffd9bad0000 - 0x00007ffd9c7f7000 	C:\Program Files\Java\jdk-21.0.10\bin\server\jvm.dll
0x00007ffe69b60000 - 0x00007ffe69bd1000 	C:\Windows\System32\WS2_32.dll
0x00007ffe686e0000 - 0x00007ffe6872d000 	C:\Windows\SYSTEM32\POWRPROF.dll
0x00007ffe63c00000 - 0x00007ffe63c34000 	C:\Windows\SYSTEM32\WINMM.dll
0x00007ffe685c0000 - 0x00007ffe685d3000 	C:\Windows\SYSTEM32\UMPDC.dll
0x00007ffe67860000 - 0x00007ffe67878000 	C:\Windows\SYSTEM32\kernel.appcore.dll
0x00007ffe61870000 - 0x00007ffe6187a000 	C:\Program Files\Java\jdk-21.0.10\bin\jimage.dll
0x00007ffe65a30000 - 0x00007ffe65c63000 	C:\Windows\SYSTEM32\DBGHELP.DLL
0x00007ffe69be0000 - 0x00007ffe69f71000 	C:\Windows\System32\combase.dll
0x00007ffe69ff0000 - 0x00007ffe6a0c8000 	C:\Windows\System32\OLEAUT32.dll
0x00007ffe505d0000 - 0x00007ffe50602000 	C:\Windows\SYSTEM32\dbgcore.DLL
0x00007ffe68f60000 - 0x00007ffe68fdb000 	C:\Windows\System32\bcryptPrimitives.dll
0x00007ffe3b690000 - 0x00007ffe3b6b1000 	C:\Program Files\Java\jdk-21.0.10\bin\java.dll
0x00007ffe6aed0000 - 0x00007ffe6b76c000 	C:\Windows\System32\SHELL32.dll
0x00007ffe692e0000 - 0x00007ffe6941f000 	C:\Windows\System32\wintypes.dll
0x00007ffe66770000 - 0x00007ffe6708a000 	C:\Windows\SYSTEM32\windows.storage.dll
0x00007ffe69850000 - 0x00007ffe69954000 	C:\Windows\System32\SHCORE.dll
0x00007ffe69f80000 - 0x00007ffe69fe9000 	C:\Windows\System32\shlwapi.dll
0x00007ffe687f0000 - 0x00007ffe68815000 	C:\Windows\SYSTEM32\profapi.dll
0x00007ffe22970000 - 0x00007ffe22a47000 	C:\Program Files\Java\jdk-21.0.10\bin\jsvml.dll
0x00007ffe3b670000 - 0x00007ffe3b681000 	C:\Program Files\Java\jdk-21.0.10\bin\net.dll
0x00007ffe651c0000 - 0x00007ffe652ec000 	C:\Windows\SYSTEM32\WINHTTP.dll
0x00007ffe67d30000 - 0x00007ffe67d99000 	C:\Windows\system32\mswsock.dll
0x00007ffe3b610000 - 0x00007ffe3b626000 	C:\Program Files\Java\jdk-21.0.10\bin\nio.dll
0x00007ffe2a2a0000 - 0x00007ffe2a2b8000 	C:\Program Files\Java\jdk-21.0.10\bin\zip.dll
0x00007ffe2a270000 - 0x00007ffe2a294000 	C:\apache-maven-3.9.12\lib\jansi-native\Windows\x86_64\jansi.dll
0x00007ffe58b40000 - 0x00007ffe58b50000 	C:\Program Files\Java\jdk-21.0.10\bin\verify.dll

dbghelp: loaded successfully - version: 4.0.5 - missing functions: none
symbol engine: initialized successfully - sym options: 0x614 - pdb path: .;C:\Program Files\Java\jdk-21.0.10\bin;C:\Windows\SYSTEM32;C:\Windows\WinSxS\amd64_microsoft.windows.common-controls_6595b64144ccf1df_6.0.22621.6060_none_2712eda17382d24b;C:\Program Files\Java\jdk-21.0.10\bin\server;C:\apache-maven-3.9.12\lib\jansi-native\Windows\x86_64

VM Arguments:
jvm_args: --enable-native-access=ALL-UNNAMED -Dclassworlds.conf=C:\apache-maven-3.9.12\bin\m2.conf -Dmaven.home=C:\apache-maven-3.9.12 -Dlibrary.jansi.path=C:\apache-maven-3.9.12\lib\jansi-native -Dmaven.multiModuleProjectDirectory=D:\proj\eventmate-back 
java_command: org.codehaus.plexus.classworlds.launcher.Launcher spring-boot:run
java_class_path (initial): C:\apache-maven-3.9.12\boot\plexus-classworlds-2.9.0.jar
Launcher Type: SUN_STANDARD

[Global flags]
     intx CICompilerCount                          = 4                                         {product} {ergonomic}
     uint ConcGCThreads                            = 2                                         {product} {ergonomic}
     uint G1ConcRefinementThreads                  = 8                                         {product} {ergonomic}
   size_t G1HeapRegionSize                         = 2097152                                   {product} {ergonomic}
    uintx GCDrainStackTargetSize                   = 64                                        {product} {ergonomic}
   size_t InitialHeapSize                          = 266338304                                 {product} {ergonomic}
   size_t MarkStackSize                            = 4194304                                   {product} {ergonomic}
   size_t MaxHeapSize                              = 4238344192                                {product} {ergonomic}
   size_t MaxNewSize                               = 2541748224                                {product} {ergonomic}
   size_t MinHeapDeltaBytes                        = 2097152                                   {product} {ergonomic}
   size_t MinHeapSize                              = 8388608                                   {product} {ergonomic}
    uintx NonNMethodCodeHeapSize                   = 5839372                                {pd product} {ergonomic}
    uintx NonProfiledCodeHeapSize                  = 122909434                              {pd product} {ergonomic}
    uintx ProfiledCodeHeapSize                     = 122909434                              {pd product} {ergonomic}
    uintx ReservedCodeCacheSize                    = 251658240                              {pd product} {ergonomic}
     bool SegmentedCodeCache                       = true                                      {product} {ergonomic}
   size_t SoftMaxHeapSize                          = 4238344192                             {manageable} {ergonomic}
     bool UseCompressedOops                        = true                           {product lp64_product} {ergonomic}
     bool UseG1GC                                  = true                                      {product} {ergonomic}
     bool UseLargePagesIndividualAllocation        = false                                  {pd product} {ergonomic}

Logging:
Log output configuration:
 #0: stdout all=warning uptime,level,tags foldmultilines=false
 #1: stderr all=off uptime,level,tags foldmultilines=false

Environment Variables:
PATH=C:\Program Files\Common Files\Oracle\Java\javapath;C:\app\thang\product\21c\dbhomeXE\bin;C:\Windows\system32;C:\Windows;C:\Windows\System32\Wbem;C:\Windows\System32\WindowsPowerShell\v1.0\;C:\Windows\System32\OpenSSH\;C:\Program Files\Microsoft SQL Server\Client SDK\ODBC\170\Tools\Binn\;C:\Program Files\Microsoft SQL Server\150\Tools\Binn\;C:\Program Files\dotnet\;C:\php-8.4.5-;C:\php-8.4.5-\;C:\Program Files\nodejs\;C:\Program Files\Git\cmd;C:\apache-maven-3.9.12\bin;C:\Program Files\MySQL\MySQL Server 8.0\bin;C:\Users\thang\AppData\Local\Microsoft\WindowsApps;C:\Users\thang\.dotnet\tools;C:\Users\thang\AppData\Local\Programs\Microsoft VS Code\bin;C:\Program Files\Java\jdk-21.0.6\bin;C:\Users\thang\AppData\Roaming\npm;C:\Users\thang\AppData\Local\Python\bin
USERNAME=thang
OS=Windows_NT
PROCESSOR_IDENTIFIER=Intel64 Family 6 Model 140 Stepping 2, GenuineIntel
TMP=C:\Users\thang\AppData\Local\Temp
TEMP=C:\Users\thang\AppData\Local\Temp




Periodic native trim disabled

---------------  S Y S T E M  ---------------

OS:
 Windows 11 , 64 bit Build 22621 (10.0.22621.5415)
OS uptime: 0 days 0:24 hours
Hyper-V role detected

CPU: total 8 (initial active 8) (4 cores per cpu, 2 threads per core) family 6 model 140 stepping 2 microcode 0x26, cx8, cmov, fxsr, ht, mmx, 3dnowpref, sse, sse2, sse3, ssse3, sse4.1, sse4.2, popcnt, lzcnt, tsc, tscinvbit, avx, avx2, aes, erms, clmul, bmi1, bmi2, adx, avx512f, avx512dq, avx512cd, avx512bw, avx512vl, sha, fma, vzeroupper, avx512_vpopcntdq, avx512_vpclmulqdq, avx512_vaes, avx512_vnni, clflush, clflushopt, clwb, avx512_vbmi2, avx512_vbmi, hv, rdtscp, rdpid, fsrm, gfni, avx512_bitalg, f16c, cet_ibt, cet_ss, avx512_ifma
Processor Information for all 8 processors :
  Max Mhz: 2496, Current Mhz: 2496, Mhz Limit: 2496

Memory: 4k page, system-wide physical 16167M (3084M free)
TotalPageFile size 17519M (AvailPageFile size 2M)
current process WorkingSet (physical memory assigned to process): 81M, peak: 81M
current process commit charge ("private bytes"): 360M, peak: 360M

vm_info: Java HotSpot(TM) 64-Bit Server VM (21.0.10+8-LTS-217) for windows-amd64 JRE (21.0.10+8-LTS-217), built on 2025-12-18T14:59:28Z by "mach5run" with MS VC++ 17.13 (VS2022)

END.
