#
# There is insufficient memory for the Java Runtime Environment to continue.
# Native memory allocation (malloc) failed to allocate 32744 bytes for Chunk::new
# Possible reasons:
#   The system is out of physical RAM or swap space
#   The process is running with CompressedOops enabled, and the Java Heap may be blocking the growth of the native heap
# Possible solutions:
#   Reduce memory load on the system
#   Increase physical memory or swap space
#   Check if swap backing store is full
#   Decrease Java heap size (-Xmx/-Xms)
#   Decrease number of Java threads
#   Decrease Java thread stack sizes (-Xss)
#   Set larger code cache with -XX:ReservedCodeCacheSize=
#   JVM is running with Zero Based Compressed Oops mode in which the Java heap is
#     placed in the first 32GB address space. The Java Heap base address is the
#     maximum limit for the native heap growth. Please use -XX:HeapBaseMinAddress
#     to set the Java Heap base and to place the Java Heap above 32GB virtual address.
# This output file may be truncated or incomplete.
#
#  Out of Memory Error (arena.cpp:168), pid=19732, tid=6564
#
# JRE version: Java(TM) SE Runtime Environment (21.0.10+8) (build 21.0.10+8-LTS-217)
# Java VM: Java HotSpot(TM) 64-Bit Server VM (21.0.10+8-LTS-217, mixed mode, sharing, tiered, compressed oops, compressed class ptrs, g1 gc, windows-amd64)
# No core dump will be written. Minidumps are not enabled by default on client versions of Windows
#

---------------  S U M M A R Y ------------

Command Line: --enable-native-access=ALL-UNNAMED -Dclassworlds.conf=C:\apache-maven-3.9.12\bin\m2.conf -Dmaven.home=C:\apache-maven-3.9.12 -Dlibrary.jansi.path=C:\apache-maven-3.9.12\lib\jansi-native -Dmaven.multiModuleProjectDirectory=D:\proj2\proj\eventmate-back org.codehaus.plexus.classworlds.launcher.Launcher spring-boot:run

Host: 11th Gen Intel(R) Core(TM) i5-1155G7 @ 2.50GHz, 8 cores, 15G,  Windows 11 , 64 bit Build 22621 (10.0.22621.5415)
Time: Sat Feb 28 05:00:25 2026 India Standard Time elapsed time: 8.253916 seconds (0d 0h 0m 8s)

---------------  T H R E A D  ---------------

Current thread (0x0000029ebe2eb020):  JavaThread "C1 CompilerThread0" daemon [_thread_in_native, id=6564, stack(0x000000a702200000,0x000000a702300000) (1024K)]


Current CompileTask:
C1:   8253  419       3       jdk.internal.org.objectweb.asm.Frame::execute (2305 bytes)

Stack: [0x000000a702200000,0x000000a702300000]
Native frames: (J=compiled Java code, j=interpreted, Vv=VM code, C=native code)
V  [jvm.dll+0x6d0b59]
V  [jvm.dll+0x85fd56]
V  [jvm.dll+0x86224e]
V  [jvm.dll+0x862923]
V  [jvm.dll+0x282a16]
V  [jvm.dll+0xc662d]
V  [jvm.dll+0xc6b71]
V  [jvm.dll+0x19772c]
V  [jvm.dll+0x198222]
V  [jvm.dll+0x1982dd]
V  [jvm.dll+0x19a729]
V  [jvm.dll+0x19c214]
V  [jvm.dll+0x156cb5]
V  [jvm.dll+0x1564e8]
V  [jvm.dll+0x15672c]
V  [jvm.dll+0x155b4c]
V  [jvm.dll+0x15792d]
V  [jvm.dll+0x25a629]
V  [jvm.dll+0x258bb5]
V  [jvm.dll+0x3f4da1]
V  [jvm.dll+0x80a83d]
V  [jvm.dll+0x6cf3fd]
C  [ucrtbase.dll+0x29333]
C  [KERNEL32.DLL+0x1259d]
C  [ntdll.dll+0x5af78]


---------------  P R O C E S S  ---------------

Threads class SMR info:
_java_thread_list=0x0000029ebe5701d0, length=11, elements={
0x0000029e9cf0de90, 0x0000029ebe2ca110, 0x0000029ebe2cb120, 0x0000029ebe2cd6c0,
0x0000029ebe2d1690, 0x0000029ebe2da1f0, 0x0000029ebe2ddcc0, 0x0000029ebe2e5ca0,
0x0000029ebe2eb020, 0x0000029ebe2e1140, 0x0000029ebe2de350
}

Java Threads: ( => current thread )
  0x0000029e9cf0de90 JavaThread "main"                              [_thread_in_vm, id=17568, stack(0x000000a701300000,0x000000a701400000) (1024K)]
  0x0000029ebe2ca110 JavaThread "Reference Handler"          daemon [_thread_blocked, id=8260, stack(0x000000a701b00000,0x000000a701c00000) (1024K)]
  0x0000029ebe2cb120 JavaThread "Finalizer"                  daemon [_thread_blocked, id=10468, stack(0x000000a701c00000,0x000000a701d00000) (1024K)]
  0x0000029ebe2cd6c0 JavaThread "Signal Dispatcher"          daemon [_thread_blocked, id=11388, stack(0x000000a701d00000,0x000000a701e00000) (1024K)]
  0x0000029ebe2d1690 JavaThread "Attach Listener"            daemon [_thread_blocked, id=2428, stack(0x000000a701e00000,0x000000a701f00000) (1024K)]
  0x0000029ebe2da1f0 JavaThread "Service Thread"             daemon [_thread_blocked, id=11584, stack(0x000000a701f00000,0x000000a702000000) (1024K)]
  0x0000029ebe2ddcc0 JavaThread "Monitor Deflation Thread"   daemon [_thread_blocked, id=13688, stack(0x000000a702000000,0x000000a702100000) (1024K)]
  0x0000029ebe2e5ca0 JavaThread "C2 CompilerThread0"         daemon [_thread_blocked, id=10132, stack(0x000000a702100000,0x000000a702200000) (1024K)]
=>0x0000029ebe2eb020 JavaThread "C1 CompilerThread0"         daemon [_thread_in_native, id=6564, stack(0x000000a702200000,0x000000a702300000) (1024K)]
  0x0000029ebe2e1140 JavaThread "Notification Thread"        daemon [_thread_blocked, id=5400, stack(0x000000a702300000,0x000000a702400000) (1024K)]
  0x0000029ebe2de350 JavaThread "Common-Cleaner"             daemon [_thread_blocked, id=9148, stack(0x000000a702400000,0x000000a702500000) (1024K)]
Total: 11

Other Threads:
  0x0000029ebe2aeb70 VMThread "VM Thread"                           [id=14116, stack(0x000000a701a00000,0x000000a701b00000) (1024K)]
  0x0000029ebe29c690 WatcherThread "VM Periodic Task Thread"        [id=21404, stack(0x000000a701900000,0x000000a701a00000) (1024K)]
  0x0000029e9f20d3b0 WorkerThread "GC Thread#0"                     [id=15292, stack(0x000000a701400000,0x000000a701500000) (1024K)]
  0x0000029e9f21e1e0 ConcurrentGCThread "G1 Main Marker"            [id=9032, stack(0x000000a701500000,0x000000a701600000) (1024K)]
  0x0000029e9f21ecf0 WorkerThread "G1 Conc#0"                       [id=8848, stack(0x000000a701600000,0x000000a701700000) (1024K)]
  0x0000029e9f26e7f0 ConcurrentGCThread "G1 Refine#0"               [id=10524, stack(0x000000a701700000,0x000000a701800000) (1024K)]
  0x0000029ebe171960 ConcurrentGCThread "G1 Service"                [id=21228, stack(0x000000a701800000,0x000000a701900000) (1024K)]
Total: 7

Threads with active compile tasks:
C1 CompilerThread0     8283  419       3       jdk.internal.org.objectweb.asm.Frame::execute (2305 bytes)
Total: 1

VM state: not at safepoint (normal execution)

VM Mutex/Monitor currently owned by a thread: None

Heap address: 0x0000000703600000, size: 4042 MB, Compressed Oops mode: Zero based, Oop shift amount: 3

CDS archive(s) mapped at: [0x0000029ebf000000-0x0000029ebfc90000-0x0000029ebfc90000), size 13172736, SharedBaseAddress: 0x0000029ebf000000, ArchiveRelocationMode: 1.
Compressed class space mapped at: 0x0000029ec0000000-0x0000029f00000000, reserved size: 1073741824
Narrow klass base: 0x0000029ebf000000, Narrow klass shift: 0, Narrow klass range: 0x100000000

GC Precious Log:
 CardTable entry size: 512
 Card Set container configuration: InlinePtr #cards 4 size 8 Array Of Cards #cards 16 size 48 Howl #buckets 8 coarsen threshold 3686 Howl Bitmap #cards 512 size 80 coarsen threshold 460 Card regions per heap region 1 cards per card region 4096
 CPUs: 8 total, 8 available
 Memory: 16167M
 Large Page Support: Disabled
 NUMA Support: Disabled
 Compressed Oops: Enabled (Zero based)
 Heap Region Size: 2M
 Heap Min Capacity: 8M
 Heap Initial Capacity: 254M
 Heap Max Capacity: 4042M
 Pre-touch: Disabled
 Parallel Workers: 8
 Concurrent Workers: 2
 Concurrent Refinement Workers: 8
 Periodic GC: Disabled

Heap:
 garbage-first heap   total 260096K, used 6144K [0x0000000703600000, 0x0000000800000000)
  region size 2048K, 4 young (8192K), 0 survivors (0K)
 Metaspace       used 1377K, committed 1600K, reserved 1114112K
  class space    used 119K, committed 256K, reserved 1048576K

Heap Regions: E=young(eden), S=young(survivor), O=old, HS=humongous(starts), HC=humongous(continues), CS=collection set, F=free, TAMS=top-at-mark-start, PB=parsable bottom
|   0|0x0000000703600000, 0x0000000703600000, 0x0000000703800000|  0%| F|  |TAMS 0x0000000703600000| PB 0x0000000703600000| Untracked 
|   1|0x0000000703800000, 0x0000000703800000, 0x0000000703a00000|  0%| F|  |TAMS 0x0000000703800000| PB 0x0000000703800000| Untracked 
|   2|0x0000000703a00000, 0x0000000703a00000, 0x0000000703c00000|  0%| F|  |TAMS 0x0000000703a00000| PB 0x0000000703a00000| Untracked 
|   3|0x0000000703c00000, 0x0000000703c00000, 0x0000000703e00000|  0%| F|  |TAMS 0x0000000703c00000| PB 0x0000000703c00000| Untracked 
|   4|0x0000000703e00000, 0x0000000703e00000, 0x0000000704000000|  0%| F|  |TAMS 0x0000000703e00000| PB 0x0000000703e00000| Untracked 
|   5|0x0000000704000000, 0x0000000704000000, 0x0000000704200000|  0%| F|  |TAMS 0x0000000704000000| PB 0x0000000704000000| Untracked 
|   6|0x0000000704200000, 0x0000000704200000, 0x0000000704400000|  0%| F|  |TAMS 0x0000000704200000| PB 0x0000000704200000| Untracked 
|   7|0x0000000704400000, 0x0000000704400000, 0x0000000704600000|  0%| F|  |TAMS 0x0000000704400000| PB 0x0000000704400000| Untracked 
|   8|0x0000000704600000, 0x0000000704600000, 0x0000000704800000|  0%| F|  |TAMS 0x0000000704600000| PB 0x0000000704600000| Untracked 
|   9|0x0000000704800000, 0x0000000704800000, 0x0000000704a00000|  0%| F|  |TAMS 0x0000000704800000| PB 0x0000000704800000| Untracked 
|  10|0x0000000704a00000, 0x0000000704a00000, 0x0000000704c00000|  0%| F|  |TAMS 0x0000000704a00000| PB 0x0000000704a00000| Untracked 
|  11|0x0000000704c00000, 0x0000000704c00000, 0x0000000704e00000|  0%| F|  |TAMS 0x0000000704c00000| PB 0x0000000704c00000| Untracked 
|  12|0x0000000704e00000, 0x0000000704e00000, 0x0000000705000000|  0%| F|  |TAMS 0x0000000704e00000| PB 0x0000000704e00000| Untracked 
|  13|0x0000000705000000, 0x0000000705000000, 0x0000000705200000|  0%| F|  |TAMS 0x0000000705000000| PB 0x0000000705000000| Untracked 
|  14|0x0000000705200000, 0x0000000705200000, 0x0000000705400000|  0%| F|  |TAMS 0x0000000705200000| PB 0x0000000705200000| Untracked 
|  15|0x0000000705400000, 0x0000000705400000, 0x0000000705600000|  0%| F|  |TAMS 0x0000000705400000| PB 0x0000000705400000| Untracked 
|  16|0x0000000705600000, 0x0000000705600000, 0x0000000705800000|  0%| F|  |TAMS 0x0000000705600000| PB 0x0000000705600000| Untracked 
|  17|0x0000000705800000, 0x0000000705800000, 0x0000000705a00000|  0%| F|  |TAMS 0x0000000705800000| PB 0x0000000705800000| Untracked 
|  18|0x0000000705a00000, 0x0000000705a00000, 0x0000000705c00000|  0%| F|  |TAMS 0x0000000705a00000| PB 0x0000000705a00000| Untracked 
|  19|0x0000000705c00000, 0x0000000705c00000, 0x0000000705e00000|  0%| F|  |TAMS 0x0000000705c00000| PB 0x0000000705c00000| Untracked 
|  20|0x0000000705e00000, 0x0000000705e00000, 0x0000000706000000|  0%| F|  |TAMS 0x0000000705e00000| PB 0x0000000705e00000| Untracked 
|  21|0x0000000706000000, 0x0000000706000000, 0x0000000706200000|  0%| F|  |TAMS 0x0000000706000000| PB 0x0000000706000000| Untracked 
|  22|0x0000000706200000, 0x0000000706200000, 0x0000000706400000|  0%| F|  |TAMS 0x0000000706200000| PB 0x0000000706200000| Untracked 
|  23|0x0000000706400000, 0x0000000706400000, 0x0000000706600000|  0%| F|  |TAMS 0x0000000706400000| PB 0x0000000706400000| Untracked 
|  24|0x0000000706600000, 0x0000000706600000, 0x0000000706800000|  0%| F|  |TAMS 0x0000000706600000| PB 0x0000000706600000| Untracked 
|  25|0x0000000706800000, 0x0000000706800000, 0x0000000706a00000|  0%| F|  |TAMS 0x0000000706800000| PB 0x0000000706800000| Untracked 
|  26|0x0000000706a00000, 0x0000000706a00000, 0x0000000706c00000|  0%| F|  |TAMS 0x0000000706a00000| PB 0x0000000706a00000| Untracked 
|  27|0x0000000706c00000, 0x0000000706c00000, 0x0000000706e00000|  0%| F|  |TAMS 0x0000000706c00000| PB 0x0000000706c00000| Untracked 
|  28|0x0000000706e00000, 0x0000000706e00000, 0x0000000707000000|  0%| F|  |TAMS 0x0000000706e00000| PB 0x0000000706e00000| Untracked 
|  29|0x0000000707000000, 0x0000000707000000, 0x0000000707200000|  0%| F|  |TAMS 0x0000000707000000| PB 0x0000000707000000| Untracked 
|  30|0x0000000707200000, 0x0000000707200000, 0x0000000707400000|  0%| F|  |TAMS 0x0000000707200000| PB 0x0000000707200000| Untracked 
|  31|0x0000000707400000, 0x0000000707400000, 0x0000000707600000|  0%| F|  |TAMS 0x0000000707400000| PB 0x0000000707400000| Untracked 
|  32|0x0000000707600000, 0x0000000707600000, 0x0000000707800000|  0%| F|  |TAMS 0x0000000707600000| PB 0x0000000707600000| Untracked 
|  33|0x0000000707800000, 0x0000000707800000, 0x0000000707a00000|  0%| F|  |TAMS 0x0000000707800000| PB 0x0000000707800000| Untracked 
|  34|0x0000000707a00000, 0x0000000707a00000, 0x0000000707c00000|  0%| F|  |TAMS 0x0000000707a00000| PB 0x0000000707a00000| Untracked 
|  35|0x0000000707c00000, 0x0000000707c00000, 0x0000000707e00000|  0%| F|  |TAMS 0x0000000707c00000| PB 0x0000000707c00000| Untracked 
|  36|0x0000000707e00000, 0x0000000707e00000, 0x0000000708000000|  0%| F|  |TAMS 0x0000000707e00000| PB 0x0000000707e00000| Untracked 
|  37|0x0000000708000000, 0x0000000708000000, 0x0000000708200000|  0%| F|  |TAMS 0x0000000708000000| PB 0x0000000708000000| Untracked 
|  38|0x0000000708200000, 0x0000000708200000, 0x0000000708400000|  0%| F|  |TAMS 0x0000000708200000| PB 0x0000000708200000| Untracked 
|  39|0x0000000708400000, 0x0000000708400000, 0x0000000708600000|  0%| F|  |TAMS 0x0000000708400000| PB 0x0000000708400000| Untracked 
|  40|0x0000000708600000, 0x0000000708600000, 0x0000000708800000|  0%| F|  |TAMS 0x0000000708600000| PB 0x0000000708600000| Untracked 
|  41|0x0000000708800000, 0x0000000708800000, 0x0000000708a00000|  0%| F|  |TAMS 0x0000000708800000| PB 0x0000000708800000| Untracked 
|  42|0x0000000708a00000, 0x0000000708a00000, 0x0000000708c00000|  0%| F|  |TAMS 0x0000000708a00000| PB 0x0000000708a00000| Untracked 
|  43|0x0000000708c00000, 0x0000000708c00000, 0x0000000708e00000|  0%| F|  |TAMS 0x0000000708c00000| PB 0x0000000708c00000| Untracked 
|  44|0x0000000708e00000, 0x0000000708e00000, 0x0000000709000000|  0%| F|  |TAMS 0x0000000708e00000| PB 0x0000000708e00000| Untracked 
|  45|0x0000000709000000, 0x0000000709000000, 0x0000000709200000|  0%| F|  |TAMS 0x0000000709000000| PB 0x0000000709000000| Untracked 
|  46|0x0000000709200000, 0x0000000709200000, 0x0000000709400000|  0%| F|  |TAMS 0x0000000709200000| PB 0x0000000709200000| Untracked 
|  47|0x0000000709400000, 0x0000000709400000, 0x0000000709600000|  0%| F|  |TAMS 0x0000000709400000| PB 0x0000000709400000| Untracked 
|  48|0x0000000709600000, 0x0000000709600000, 0x0000000709800000|  0%| F|  |TAMS 0x0000000709600000| PB 0x0000000709600000| Untracked 
|  49|0x0000000709800000, 0x0000000709800000, 0x0000000709a00000|  0%| F|  |TAMS 0x0000000709800000| PB 0x0000000709800000| Untracked 
|  50|0x0000000709a00000, 0x0000000709a00000, 0x0000000709c00000|  0%| F|  |TAMS 0x0000000709a00000| PB 0x0000000709a00000| Untracked 
|  51|0x0000000709c00000, 0x0000000709c00000, 0x0000000709e00000|  0%| F|  |TAMS 0x0000000709c00000| PB 0x0000000709c00000| Untracked 
|  52|0x0000000709e00000, 0x0000000709e00000, 0x000000070a000000|  0%| F|  |TAMS 0x0000000709e00000| PB 0x0000000709e00000| Untracked 
|  53|0x000000070a000000, 0x000000070a000000, 0x000000070a200000|  0%| F|  |TAMS 0x000000070a000000| PB 0x000000070a000000| Untracked 
|  54|0x000000070a200000, 0x000000070a200000, 0x000000070a400000|  0%| F|  |TAMS 0x000000070a200000| PB 0x000000070a200000| Untracked 
|  55|0x000000070a400000, 0x000000070a400000, 0x000000070a600000|  0%| F|  |TAMS 0x000000070a400000| PB 0x000000070a400000| Untracked 
|  56|0x000000070a600000, 0x000000070a600000, 0x000000070a800000|  0%| F|  |TAMS 0x000000070a600000| PB 0x000000070a600000| Untracked 
|  57|0x000000070a800000, 0x000000070a800000, 0x000000070aa00000|  0%| F|  |TAMS 0x000000070a800000| PB 0x000000070a800000| Untracked 
|  58|0x000000070aa00000, 0x000000070aa00000, 0x000000070ac00000|  0%| F|  |TAMS 0x000000070aa00000| PB 0x000000070aa00000| Untracked 
|  59|0x000000070ac00000, 0x000000070ac00000, 0x000000070ae00000|  0%| F|  |TAMS 0x000000070ac00000| PB 0x000000070ac00000| Untracked 
|  60|0x000000070ae00000, 0x000000070ae00000, 0x000000070b000000|  0%| F|  |TAMS 0x000000070ae00000| PB 0x000000070ae00000| Untracked 
|  61|0x000000070b000000, 0x000000070b000000, 0x000000070b200000|  0%| F|  |TAMS 0x000000070b000000| PB 0x000000070b000000| Untracked 
|  62|0x000000070b200000, 0x000000070b200000, 0x000000070b400000|  0%| F|  |TAMS 0x000000070b200000| PB 0x000000070b200000| Untracked 
|  63|0x000000070b400000, 0x000000070b400000, 0x000000070b600000|  0%| F|  |TAMS 0x000000070b400000| PB 0x000000070b400000| Untracked 
|  64|0x000000070b600000, 0x000000070b600000, 0x000000070b800000|  0%| F|  |TAMS 0x000000070b600000| PB 0x000000070b600000| Untracked 
|  65|0x000000070b800000, 0x000000070b800000, 0x000000070ba00000|  0%| F|  |TAMS 0x000000070b800000| PB 0x000000070b800000| Untracked 
|  66|0x000000070ba00000, 0x000000070ba00000, 0x000000070bc00000|  0%| F|  |TAMS 0x000000070ba00000| PB 0x000000070ba00000| Untracked 
|  67|0x000000070bc00000, 0x000000070bc00000, 0x000000070be00000|  0%| F|  |TAMS 0x000000070bc00000| PB 0x000000070bc00000| Untracked 
|  68|0x000000070be00000, 0x000000070be00000, 0x000000070c000000|  0%| F|  |TAMS 0x000000070be00000| PB 0x000000070be00000| Untracked 
|  69|0x000000070c000000, 0x000000070c000000, 0x000000070c200000|  0%| F|  |TAMS 0x000000070c000000| PB 0x000000070c000000| Untracked 
|  70|0x000000070c200000, 0x000000070c200000, 0x000000070c400000|  0%| F|  |TAMS 0x000000070c200000| PB 0x000000070c200000| Untracked 
|  71|0x000000070c400000, 0x000000070c400000, 0x000000070c600000|  0%| F|  |TAMS 0x000000070c400000| PB 0x000000070c400000| Untracked 
|  72|0x000000070c600000, 0x000000070c600000, 0x000000070c800000|  0%| F|  |TAMS 0x000000070c600000| PB 0x000000070c600000| Untracked 
|  73|0x000000070c800000, 0x000000070c800000, 0x000000070ca00000|  0%| F|  |TAMS 0x000000070c800000| PB 0x000000070c800000| Untracked 
|  74|0x000000070ca00000, 0x000000070ca00000, 0x000000070cc00000|  0%| F|  |TAMS 0x000000070ca00000| PB 0x000000070ca00000| Untracked 
|  75|0x000000070cc00000, 0x000000070cc00000, 0x000000070ce00000|  0%| F|  |TAMS 0x000000070cc00000| PB 0x000000070cc00000| Untracked 
|  76|0x000000070ce00000, 0x000000070ce00000, 0x000000070d000000|  0%| F|  |TAMS 0x000000070ce00000| PB 0x000000070ce00000| Untracked 
|  77|0x000000070d000000, 0x000000070d000000, 0x000000070d200000|  0%| F|  |TAMS 0x000000070d000000| PB 0x000000070d000000| Untracked 
|  78|0x000000070d200000, 0x000000070d200000, 0x000000070d400000|  0%| F|  |TAMS 0x000000070d200000| PB 0x000000070d200000| Untracked 
|  79|0x000000070d400000, 0x000000070d400000, 0x000000070d600000|  0%| F|  |TAMS 0x000000070d400000| PB 0x000000070d400000| Untracked 
|  80|0x000000070d600000, 0x000000070d600000, 0x000000070d800000|  0%| F|  |TAMS 0x000000070d600000| PB 0x000000070d600000| Untracked 
|  81|0x000000070d800000, 0x000000070d800000, 0x000000070da00000|  0%| F|  |TAMS 0x000000070d800000| PB 0x000000070d800000| Untracked 
|  82|0x000000070da00000, 0x000000070da00000, 0x000000070dc00000|  0%| F|  |TAMS 0x000000070da00000| PB 0x000000070da00000| Untracked 
|  83|0x000000070dc00000, 0x000000070dc00000, 0x000000070de00000|  0%| F|  |TAMS 0x000000070dc00000| PB 0x000000070dc00000| Untracked 
|  84|0x000000070de00000, 0x000000070de00000, 0x000000070e000000|  0%| F|  |TAMS 0x000000070de00000| PB 0x000000070de00000| Untracked 
|  85|0x000000070e000000, 0x000000070e000000, 0x000000070e200000|  0%| F|  |TAMS 0x000000070e000000| PB 0x000000070e000000| Untracked 
|  86|0x000000070e200000, 0x000000070e200000, 0x000000070e400000|  0%| F|  |TAMS 0x000000070e200000| PB 0x000000070e200000| Untracked 
|  87|0x000000070e400000, 0x000000070e400000, 0x000000070e600000|  0%| F|  |TAMS 0x000000070e400000| PB 0x000000070e400000| Untracked 
|  88|0x000000070e600000, 0x000000070e600000, 0x000000070e800000|  0%| F|  |TAMS 0x000000070e600000| PB 0x000000070e600000| Untracked 
|  89|0x000000070e800000, 0x000000070e800000, 0x000000070ea00000|  0%| F|  |TAMS 0x000000070e800000| PB 0x000000070e800000| Untracked 
|  90|0x000000070ea00000, 0x000000070ea00000, 0x000000070ec00000|  0%| F|  |TAMS 0x000000070ea00000| PB 0x000000070ea00000| Untracked 
|  91|0x000000070ec00000, 0x000000070ec00000, 0x000000070ee00000|  0%| F|  |TAMS 0x000000070ec00000| PB 0x000000070ec00000| Untracked 
|  92|0x000000070ee00000, 0x000000070ee00000, 0x000000070f000000|  0%| F|  |TAMS 0x000000070ee00000| PB 0x000000070ee00000| Untracked 
|  93|0x000000070f000000, 0x000000070f000000, 0x000000070f200000|  0%| F|  |TAMS 0x000000070f000000| PB 0x000000070f000000| Untracked 
|  94|0x000000070f200000, 0x000000070f200000, 0x000000070f400000|  0%| F|  |TAMS 0x000000070f200000| PB 0x000000070f200000| Untracked 
|  95|0x000000070f400000, 0x000000070f400000, 0x000000070f600000|  0%| F|  |TAMS 0x000000070f400000| PB 0x000000070f400000| Untracked 
|  96|0x000000070f600000, 0x000000070f600000, 0x000000070f800000|  0%| F|  |TAMS 0x000000070f600000| PB 0x000000070f600000| Untracked 
|  97|0x000000070f800000, 0x000000070f800000, 0x000000070fa00000|  0%| F|  |TAMS 0x000000070f800000| PB 0x000000070f800000| Untracked 
|  98|0x000000070fa00000, 0x000000070fa00000, 0x000000070fc00000|  0%| F|  |TAMS 0x000000070fa00000| PB 0x000000070fa00000| Untracked 
|  99|0x000000070fc00000, 0x000000070fc00000, 0x000000070fe00000|  0%| F|  |TAMS 0x000000070fc00000| PB 0x000000070fc00000| Untracked 
| 100|0x000000070fe00000, 0x000000070fe00000, 0x0000000710000000|  0%| F|  |TAMS 0x000000070fe00000| PB 0x000000070fe00000| Untracked 
| 101|0x0000000710000000, 0x0000000710000000, 0x0000000710200000|  0%| F|  |TAMS 0x0000000710000000| PB 0x0000000710000000| Untracked 
| 102|0x0000000710200000, 0x0000000710200000, 0x0000000710400000|  0%| F|  |TAMS 0x0000000710200000| PB 0x0000000710200000| Untracked 
| 103|0x0000000710400000, 0x0000000710400000, 0x0000000710600000|  0%| F|  |TAMS 0x0000000710400000| PB 0x0000000710400000| Untracked 
| 104|0x0000000710600000, 0x0000000710600000, 0x0000000710800000|  0%| F|  |TAMS 0x0000000710600000| PB 0x0000000710600000| Untracked 
| 105|0x0000000710800000, 0x0000000710800000, 0x0000000710a00000|  0%| F|  |TAMS 0x0000000710800000| PB 0x0000000710800000| Untracked 
| 106|0x0000000710a00000, 0x0000000710a00000, 0x0000000710c00000|  0%| F|  |TAMS 0x0000000710a00000| PB 0x0000000710a00000| Untracked 
| 107|0x0000000710c00000, 0x0000000710c00000, 0x0000000710e00000|  0%| F|  |TAMS 0x0000000710c00000| PB 0x0000000710c00000| Untracked 
| 108|0x0000000710e00000, 0x0000000710e00000, 0x0000000711000000|  0%| F|  |TAMS 0x0000000710e00000| PB 0x0000000710e00000| Untracked 
| 109|0x0000000711000000, 0x0000000711000000, 0x0000000711200000|  0%| F|  |TAMS 0x0000000711000000| PB 0x0000000711000000| Untracked 
| 110|0x0000000711200000, 0x0000000711200000, 0x0000000711400000|  0%| F|  |TAMS 0x0000000711200000| PB 0x0000000711200000| Untracked 
| 111|0x0000000711400000, 0x0000000711400000, 0x0000000711600000|  0%| F|  |TAMS 0x0000000711400000| PB 0x0000000711400000| Untracked 
| 112|0x0000000711600000, 0x0000000711600000, 0x0000000711800000|  0%| F|  |TAMS 0x0000000711600000| PB 0x0000000711600000| Untracked 
| 113|0x0000000711800000, 0x0000000711800000, 0x0000000711a00000|  0%| F|  |TAMS 0x0000000711800000| PB 0x0000000711800000| Untracked 
| 114|0x0000000711a00000, 0x0000000711a00000, 0x0000000711c00000|  0%| F|  |TAMS 0x0000000711a00000| PB 0x0000000711a00000| Untracked 
| 115|0x0000000711c00000, 0x0000000711c00000, 0x0000000711e00000|  0%| F|  |TAMS 0x0000000711c00000| PB 0x0000000711c00000| Untracked 
| 116|0x0000000711e00000, 0x0000000711e00000, 0x0000000712000000|  0%| F|  |TAMS 0x0000000711e00000| PB 0x0000000711e00000| Untracked 
| 117|0x0000000712000000, 0x0000000712000000, 0x0000000712200000|  0%| F|  |TAMS 0x0000000712000000| PB 0x0000000712000000| Untracked 
| 118|0x0000000712200000, 0x0000000712200000, 0x0000000712400000|  0%| F|  |TAMS 0x0000000712200000| PB 0x0000000712200000| Untracked 
| 119|0x0000000712400000, 0x0000000712400000, 0x0000000712600000|  0%| F|  |TAMS 0x0000000712400000| PB 0x0000000712400000| Untracked 
| 120|0x0000000712600000, 0x0000000712600000, 0x0000000712800000|  0%| F|  |TAMS 0x0000000712600000| PB 0x0000000712600000| Untracked 
| 121|0x0000000712800000, 0x0000000712800000, 0x0000000712a00000|  0%| F|  |TAMS 0x0000000712800000| PB 0x0000000712800000| Untracked 
| 122|0x0000000712a00000, 0x0000000712a00000, 0x0000000712c00000|  0%| F|  |TAMS 0x0000000712a00000| PB 0x0000000712a00000| Untracked 
| 123|0x0000000712c00000, 0x0000000712c70e48, 0x0000000712e00000| 22%| E|  |TAMS 0x0000000712c00000| PB 0x0000000712c00000| Complete 
| 124|0x0000000712e00000, 0x0000000713000000, 0x0000000713000000|100%| E|CS|TAMS 0x0000000712e00000| PB 0x0000000712e00000| Complete 
| 125|0x0000000713000000, 0x0000000713200000, 0x0000000713200000|100%| E|CS|TAMS 0x0000000713000000| PB 0x0000000713000000| Complete 
| 126|0x0000000713200000, 0x0000000713400000, 0x0000000713400000|100%| E|CS|TAMS 0x0000000713200000| PB 0x0000000713200000| Complete 

Card table byte_map: [0x0000029eb7170000,0x0000029eb7960000] _byte_map_base: 0x0000029eb3955000

Marking Bits: (CMBitMap*) 0x0000029e9f20dac0
 Bits: [0x0000029eb7960000, 0x0000029ebb888000)

Polling page: 0x0000029e9d170000

Metaspace:

Usage:
  Non-class:      1.23 MB used.
      Class:    119.66 KB used.
       Both:      1.34 MB used.

Virtual space:
  Non-class space:       64.00 MB reserved,       1.31 MB (  2%) committed,  1 nodes.
      Class space:        1.00 GB reserved,     256.00 KB ( <1%) committed,  1 nodes.
             Both:        1.06 GB reserved,       1.56 MB ( <1%) committed. 

Chunk freelists:
   Non-Class:  11.64 MB
       Class:  15.68 MB
        Both:  27.33 MB

MaxMetaspaceSize: unlimited
CompressedClassSpaceSize: 1.00 GB
Initial GC threshold: 21.00 MB
Current GC threshold: 21.00 MB
CDS: on
 - commit_granule_bytes: 65536.
 - commit_granule_words: 8192.
 - virtual_space_node_default_size: 8388608.
 - enlarge_chunks_in_place: 1.
 - use_allocation_guard: 0.


Internal statistics:

num_allocs_failed_limit: 0.
num_arena_births: 34.
num_arena_deaths: 0.
num_vsnodes_births: 2.
num_vsnodes_deaths: 0.
num_space_committed: 25.
num_space_uncommitted: 0.
num_chunks_returned_to_freelist: 0.
num_chunks_taken_from_freelist: 59.
num_chunk_merges: 0.
num_chunk_splits: 38.
num_chunks_enlarged: 27.
num_inconsistent_stats: 0.

CodeHeap 'non-profiled nmethods': size=120000Kb used=148Kb max_used=148Kb free=119851Kb
 bounds [0x0000029eaf120000, 0x0000029eaf390000, 0x0000029eb6650000]
CodeHeap 'profiled nmethods': size=120000Kb used=569Kb max_used=569Kb free=119430Kb
 bounds [0x0000029ea7650000, 0x0000029ea78c0000, 0x0000029eaeb80000]
CodeHeap 'non-nmethods': size=5760Kb used=1421Kb max_used=1432Kb free=4339Kb
 bounds [0x0000029eaeb80000, 0x0000029eaedf0000, 0x0000029eaf120000]
 total_blobs=834 nmethods=418 adapters=321
 compilation: enabled
              stopped_count=0, restarted_count=0
 full_count=0

Compilation events (20 events):
Event: 7.987 Thread 0x0000029ebe2eb020 nmethod 405 0x0000029ea76d6210 code [0x0000029ea76d6420, 0x0000029ea76d69b8]
Event: 7.987 Thread 0x0000029ebe2eb020  406       3       java.util.jar.Attributes::put (18 bytes)
Event: 7.987 Thread 0x0000029ebe2eb020 nmethod 406 0x0000029ea76d6c10 code [0x0000029ea76d6de0, 0x0000029ea76d71a0]
Event: 7.991 Thread 0x0000029ebe2eb020  407       3       org.fusesource.jansi.internal.JansiLoader$1::accept (26 bytes)
Event: 7.992 Thread 0x0000029ebe2eb020 nmethod 407 0x0000029ea76d7290 code [0x0000029ea76d7480, 0x0000029ea76d7960]
Event: 8.208 Thread 0x0000029ebe2eb020  408   !   3       java.util.jar.JarFile::checkForSpecialAttributes (163 bytes)
Event: 8.209 Thread 0x0000029ebe2eb020 nmethod 408 0x0000029ea76d7b90 code [0x0000029ea76d7e80, 0x0000029ea76d8fa0]
Event: 8.209 Thread 0x0000029ebe2eb020  409   !   3       java.util.jar.JarFile::isMultiRelease (33 bytes)
Event: 8.209 Thread 0x0000029ebe2eb020 nmethod 409 0x0000029ea76d9690 code [0x0000029ea76d9840, 0x0000029ea76d9a48]
Event: 8.209 Thread 0x0000029ebe2eb020  410       3       java.lang.StringConcatHelper::initialCoder (14 bytes)
Event: 8.209 Thread 0x0000029ebe2eb020 nmethod 410 0x0000029ea76d9b10 code [0x0000029ea76d9ca0, 0x0000029ea76d9db8]
Event: 8.239 Thread 0x0000029ebe2eb020  411       3       java.lang.String::concat (15 bytes)
Event: 8.241 Thread 0x0000029ebe2eb020 nmethod 411 0x0000029ea76d9e10 code [0x0000029ea76da160, 0x0000029ea76db488]
Event: 8.241 Thread 0x0000029ebe2eb020  412       3       java.lang.StringConcatHelper::newString (67 bytes)
Event: 8.242 Thread 0x0000029ebe2eb020 nmethod 412 0x0000029ea76dbb10 code [0x0000029ea76dbd80, 0x0000029ea76dc750]
Event: 8.243 Thread 0x0000029ebe2eb020  413       3       sun.invoke.util.VerifyAccess::isTypeVisible (118 bytes)
Event: 8.245 Thread 0x0000029ebe2eb020 nmethod 413 0x0000029ea76dcb10 code [0x0000029ea76dce40, 0x0000029ea76de038]
Event: 8.246 Thread 0x0000029ebe2eb020  419       3       jdk.internal.org.objectweb.asm.Frame::execute (2305 bytes)
Event: 8.246 Thread 0x0000029ebe2e5ca0  420       4       java.lang.AbstractStringBuilder::isLatin1 (19 bytes)
Event: 8.247 Thread 0x0000029ebe2e5ca0 nmethod 420 0x0000029eaf144f90 code [0x0000029eaf145120, 0x0000029eaf1451d0]

GC Heap History (0 events):
No events

Dll operation events (7 events):
Event: 0.020 Loaded shared library C:\Program Files\Java\jdk-21.0.10\bin\java.dll
Event: 0.073 Loaded shared library C:\Program Files\Java\jdk-21.0.10\bin\jsvml.dll
Event: 0.103 Loaded shared library C:\Program Files\Java\jdk-21.0.10\bin\net.dll
Event: 0.107 Loaded shared library C:\Program Files\Java\jdk-21.0.10\bin\nio.dll
Event: 0.148 Loaded shared library C:\Program Files\Java\jdk-21.0.10\bin\zip.dll
Event: 7.974 Loaded shared library C:\Program Files\Java\jdk-21.0.10\bin\jimage.dll
Event: 8.125 Loaded shared library C:\apache-maven-3.9.12\lib\jansi-native\Windows\x86_64\jansi.dll

Deoptimization events (20 events):
Event: 0.252 Thread 0x0000029e9cf0de90 Uncommon trap: trap_request=0xffffff45 fr.pc=0x0000029eaf128a78 relative=0x00000000000002b8
Event: 0.252 Thread 0x0000029e9cf0de90 Uncommon trap: reason=unstable_if action=reinterpret pc=0x0000029eaf128a78 method=java.lang.StringLatin1.hashCode([B)I @ 2 c2
Event: 0.252 Thread 0x0000029e9cf0de90 DEOPT PACKING pc=0x0000029eaf128a78 sp=0x000000a7013fd870
Event: 0.253 Thread 0x0000029e9cf0de90 DEOPT UNPACKING pc=0x0000029eaebd7da2 sp=0x000000a7013fd7a8 mode 2
Event: 1.059 Thread 0x0000029e9cf0de90 DEOPT PACKING pc=0x0000029ea76694d5 sp=0x000000a7013fe070
Event: 1.059 Thread 0x0000029e9cf0de90 DEOPT UNPACKING pc=0x0000029eaebd88e2 sp=0x000000a7013fd4e0 mode 0
Event: 1.059 Thread 0x0000029e9cf0de90 DEOPT PACKING pc=0x0000029ea76694d5 sp=0x000000a7013fe070
Event: 1.059 Thread 0x0000029e9cf0de90 DEOPT UNPACKING pc=0x0000029eaebd88e2 sp=0x000000a7013fd4e0 mode 0
Event: 3.423 Thread 0x0000029e9cf0de90 Uncommon trap: trap_request=0xffffff45 fr.pc=0x0000029eaf12f04c relative=0x000000000000012c
Event: 3.423 Thread 0x0000029e9cf0de90 Uncommon trap: reason=unstable_if action=reinterpret pc=0x0000029eaf12f04c method=java.lang.StringCoding.countPositives([BII)I @ 17 c2
Event: 3.423 Thread 0x0000029e9cf0de90 DEOPT PACKING pc=0x0000029eaf12f04c sp=0x000000a7013fa470
Event: 3.423 Thread 0x0000029e9cf0de90 DEOPT UNPACKING pc=0x0000029eaebd7da2 sp=0x000000a7013fa3f8 mode 2
Event: 7.887 Thread 0x0000029e9cf0de90 DEOPT PACKING pc=0x0000029ea76a4055 sp=0x000000a7013fa640
Event: 7.887 Thread 0x0000029e9cf0de90 DEOPT UNPACKING pc=0x0000029eaebd88e2 sp=0x000000a7013f9ac8 mode 0
Event: 7.893 Thread 0x0000029e9cf0de90 DEOPT PACKING pc=0x0000029ea76a4055 sp=0x000000a7013fa580
Event: 7.893 Thread 0x0000029e9cf0de90 DEOPT UNPACKING pc=0x0000029eaebd88e2 sp=0x000000a7013f9a08 mode 0
Event: 7.903 Thread 0x0000029e9cf0de90 Uncommon trap: trap_request=0xffffff45 fr.pc=0x0000029eaf137590 relative=0x0000000000000070
Event: 7.903 Thread 0x0000029e9cf0de90 Uncommon trap: reason=unstable_if action=reinterpret pc=0x0000029eaf137590 method=java.io.WinNTFileSystem.isSlash(C)Z @ 9 c2
Event: 7.903 Thread 0x0000029e9cf0de90 DEOPT PACKING pc=0x0000029eaf137590 sp=0x000000a7013fe670
Event: 7.903 Thread 0x0000029e9cf0de90 DEOPT UNPACKING pc=0x0000029eaebd7da2 sp=0x000000a7013fe5f8 mode 2

Classes loaded (20 events):
Event: 7.975 Loading class jdk/internal/jimage/ImageLocation
Event: 7.976 Loading class jdk/internal/jimage/ImageLocation done
Event: 7.978 Loading class java/net/URLClassLoader$2
Event: 7.979 Loading class java/net/URLClassLoader$2 done
Event: 7.980 Loading class sun/net/www/protocol/jar/JarURLConnection
Event: 7.981 Loading class java/net/JarURLConnection
Event: 7.982 Loading class java/net/JarURLConnection done
Event: 7.983 Loading class sun/net/www/protocol/jar/JarURLConnection done
Event: 7.983 Loading class sun/net/www/protocol/jar/JarFileFactory
Event: 7.984 Loading class sun/net/www/protocol/jar/URLJarFile$URLJarFileCloseController
Event: 7.984 Loading class sun/net/www/protocol/jar/URLJarFile$URLJarFileCloseController done
Event: 7.984 Loading class sun/net/www/protocol/jar/JarFileFactory done
Event: 7.985 Loading class sun/net/www/protocol/jar/URLJarFile
Event: 7.985 Loading class sun/net/www/protocol/jar/URLJarFile done
Event: 7.986 Loading class sun/net/www/protocol/jar/URLJarFile$URLJarFileEntry
Event: 7.986 Loading class sun/net/www/protocol/jar/URLJarFile$URLJarFileEntry done
Event: 7.986 Loading class sun/net/www/protocol/jar/JarURLConnection$JarURLInputStream
Event: 7.986 Loading class sun/net/www/protocol/jar/JarURLConnection$JarURLInputStream done
Event: 8.125 Loading class jdk/internal/loader/NativeLibraries$Unloader
Event: 8.152 Loading class jdk/internal/loader/NativeLibraries$Unloader done

Classes unloaded (0 events):
No events

Classes redefined (0 events):
No events

Internal exceptions (9 events):
Event: 0.248 Thread 0x0000029e9cf0de90 Exception <a 'java/lang/NoSuchMethodError'{0x00000007130d5bc8}: 'int java.lang.invoke.DirectMethodHandle$Holder.invokeSpecial(java.lang.Object, java.lang.Object, java.lang.Object)'> (0x00000007130d5bc8) 
thrown [s\open\src\hotspot\share\interpreter\linkResolver.cpp, line 773]
Event: 7.921 Thread 0x0000029e9cf0de90 Exception <a 'java/lang/NoSuchMethodError'{0x0000000712f2d000}: 'java.lang.Object java.lang.invoke.Invokers$Holder.invokeExact_MT(java.lang.Object, java.lang.Object, java.lang.Object, java.lang.Object, java.lang.Object)'> (0x0000000712f2d000) 
thrown [s\open\src\hotspot\share\interpreter\linkResolver.cpp, line 773]
Event: 7.943 Thread 0x0000029e9cf0de90 Exception <a 'java/lang/NullPointerException'{0x0000000712f898f0}> (0x0000000712f898f0) 
thrown [s\open\src\hotspot\share\interpreter\linkResolver.cpp, line 1372]
Event: 8.243 Thread 0x0000029e9cf0de90 Exception <a 'java/lang/NoSuchMethodError'{0x0000000712fb0680}: 'void java.lang.invoke.DirectMethodHandle$Holder.invokeStatic(java.lang.Object, long, java.lang.Object)'> (0x0000000712fb0680) 
thrown [s\open\src\hotspot\share\interpreter\linkResolver.cpp, line 773]
Event: 8.244 Thread 0x0000029e9cf0de90 Exception <a 'java/lang/NoSuchMethodError'{0x0000000712fb5e48}: 'java.lang.Object java.lang.invoke.DirectMethodHandle$Holder.newInvokeSpecial(java.lang.Object, long, java.lang.Object)'> (0x0000000712fb5e48) 
thrown [s\open\src\hotspot\share\interpreter\linkResolver.cpp, line 773]
Event: 8.246 Thread 0x0000029e9cf0de90 Exception <a 'java/lang/NullPointerException'{0x0000000712fc1728}> (0x0000000712fc1728) 
thrown [s\open\src\hotspot\share\interpreter\linkResolver.cpp, line 1372]
Event: 8.246 Thread 0x0000029e9cf0de90 Exception <a 'java/lang/NullPointerException'{0x0000000712fc1a08}> (0x0000000712fc1a08) 
thrown [s\open\src\hotspot\share\interpreter\linkResolver.cpp, line 1372]
Event: 8.246 Thread 0x0000029e9cf0de90 Exception <a 'java/lang/NullPointerException'{0x0000000712fc1ce8}> (0x0000000712fc1ce8) 
thrown [s\open\src\hotspot\share\interpreter\linkResolver.cpp, line 1372]
Event: 8.248 Thread 0x0000029e9cf0de90 Exception <a 'java/lang/NullPointerException'{0x0000000712c00f58}> (0x0000000712c00f58) 
thrown [s\open\src\hotspot\share\interpreter\linkResolver.cpp, line 1372]

ZGC Phase Switch (0 events):
No events

VM Operations (10 events):
Event: 0.152 Executing VM operation: HandshakeAllThreads (Deoptimize)
Event: 0.152 Executing VM operation: HandshakeAllThreads (Deoptimize) done
Event: 1.162 Executing VM operation: Cleanup
Event: 1.162 Executing VM operation: Cleanup done
Event: 7.197 Executing VM operation: Cleanup
Event: 7.197 Executing VM operation: Cleanup done
Event: 7.942 Executing VM operation: HandshakeAllThreads (Deoptimize)
Event: 7.942 Executing VM operation: HandshakeAllThreads (Deoptimize) done
Event: 7.985 Executing VM operation: HandshakeAllThreads (Deoptimize)
Event: 7.985 Executing VM operation: HandshakeAllThreads (Deoptimize) done

Events (13 events):
Event: 0.046 Thread 0x0000029e9cf0de90 Thread added: 0x0000029e9cf0de90
Event: 0.069 Thread 0x0000029ebe2ca110 Thread added: 0x0000029ebe2ca110
Event: 0.069 Thread 0x0000029ebe2cb120 Thread added: 0x0000029ebe2cb120
Event: 0.070 Thread 0x0000029ebe2cd6c0 Thread added: 0x0000029ebe2cd6c0
Event: 0.070 Thread 0x0000029ebe2d1690 Thread added: 0x0000029ebe2d1690
Event: 0.070 Thread 0x0000029ebe2da1f0 Thread added: 0x0000029ebe2da1f0
Event: 0.070 Thread 0x0000029ebe2ddcc0 Thread added: 0x0000029ebe2ddcc0
Event: 0.070 Thread 0x0000029ebe2e5ca0 Thread added: 0x0000029ebe2e5ca0
Event: 0.070 Thread 0x0000029ebe2eb020 Thread added: 0x0000029ebe2eb020
Event: 0.093 Thread 0x0000029ebe2e1140 Thread added: 0x0000029ebe2e1140
Event: 0.097 Thread 0x0000029ebe2de350 Thread added: 0x0000029ebe2de350
Event: 7.949 Thread 0x0000029ebe2e0420 Thread added: 0x0000029ebe2e0420
Event: 7.991 Thread 0x0000029ebe2e0420 Thread exited: 0x0000029ebe2e0420


Dynamic libraries:
0x00007ff7806d0000 - 0x00007ff7806e0000 	C:\Program Files\Java\jdk-21.0.10\bin\java.exe
0x00007ffac5930000 - 0x00007ffac5b48000 	C:\Windows\SYSTEM32\ntdll.dll
0x00007ffac3d20000 - 0x00007ffac3de4000 	C:\Windows\System32\KERNEL32.DLL
0x00007ffac2fb0000 - 0x00007ffac3383000 	C:\Windows\System32\KERNELBASE.dll
0x00007ffac3430000 - 0x00007ffac3541000 	C:\Windows\System32\ucrtbase.dll
0x00007ff9ee510000 - 0x00007ff9ee52e000 	C:\Program Files\Java\jdk-21.0.10\bin\VCRUNTIME140.dll
0x00007ff9ee4f0000 - 0x00007ff9ee509000 	C:\Program Files\Java\jdk-21.0.10\bin\jli.dll
0x00007ffac3730000 - 0x00007ffac37e1000 	C:\Windows\System32\ADVAPI32.dll
0x00007ffac5840000 - 0x00007ffac58e7000 	C:\Windows\System32\msvcrt.dll
0x00007ffac3680000 - 0x00007ffac3728000 	C:\Windows\System32\sechost.dll
0x00007ffac2ec0000 - 0x00007ffac2ee8000 	C:\Windows\System32\bcrypt.dll
0x00007ffac5320000 - 0x00007ffac5438000 	C:\Windows\System32\RPCRT4.dll
0x00007ffac4e20000 - 0x00007ffac4fd2000 	C:\Windows\System32\USER32.dll
0x00007ffac2e90000 - 0x00007ffac2eb6000 	C:\Windows\System32\win32u.dll
0x00007ffac4fe0000 - 0x00007ffac5009000 	C:\Windows\System32\GDI32.dll
0x00007ffac2c30000 - 0x00007ffac2d4b000 	C:\Windows\System32\gdi32full.dll
0x00007ffac3390000 - 0x00007ffac342a000 	C:\Windows\System32\msvcp_win.dll
0x00007ffaaaaa0000 - 0x00007ffaaad3c000 	C:\Windows\WinSxS\amd64_microsoft.windows.common-controls_6595b64144ccf1df_6.0.22621.6060_none_2712eda17382d24b\COMCTL32.dll
0x00007ffabb360000 - 0x00007ffabb36a000 	C:\Windows\SYSTEM32\VERSION.dll
0x00007ffac4150000 - 0x00007ffac4181000 	C:\Windows\System32\IMM32.DLL
0x00007ffa752e0000 - 0x00007ffa752ec000 	C:\Program Files\Java\jdk-21.0.10\bin\vcruntime140_1.dll
0x00007ff9ddd40000 - 0x00007ff9dddcd000 	C:\Program Files\Java\jdk-21.0.10\bin\msvcp140.dll
0x00007ff9db9e0000 - 0x00007ff9dc707000 	C:\Program Files\Java\jdk-21.0.10\bin\server\jvm.dll
0x00007ffac4190000 - 0x00007ffac4201000 	C:\Windows\System32\WS2_32.dll
0x00007ffac2760000 - 0x00007ffac27ad000 	C:\Windows\SYSTEM32\POWRPROF.dll
0x00007ffabd0a0000 - 0x00007ffabd0d4000 	C:\Windows\SYSTEM32\WINMM.dll
0x00007ffac2740000 - 0x00007ffac2753000 	C:\Windows\SYSTEM32\UMPDC.dll
0x00007ffac19e0000 - 0x00007ffac19f8000 	C:\Windows\SYSTEM32\kernel.appcore.dll
0x00007ffa57730000 - 0x00007ffa5773a000 	C:\Program Files\Java\jdk-21.0.10\bin\jimage.dll
0x00007ffabfd40000 - 0x00007ffabff73000 	C:\Windows\SYSTEM32\DBGHELP.DLL
0x00007ffac5450000 - 0x00007ffac57e1000 	C:\Windows\System32\combase.dll
0x00007ffac5080000 - 0x00007ffac5158000 	C:\Windows\System32\OLEAUT32.dll
0x00007ffaa6d70000 - 0x00007ffaa6da2000 	C:\Windows\SYSTEM32\dbgcore.DLL
0x00007ffac2bb0000 - 0x00007ffac2c2b000 	C:\Windows\System32\bcryptPrimitives.dll
0x00007ff9ddd10000 - 0x00007ff9ddd31000 	C:\Program Files\Java\jdk-21.0.10\bin\java.dll
0x00007ffac44a0000 - 0x00007ffac4d3c000 	C:\Windows\System32\SHELL32.dll
0x00007ffac2d50000 - 0x00007ffac2e8f000 	C:\Windows\System32\wintypes.dll
0x00007ffac08f0000 - 0x00007ffac120a000 	C:\Windows\SYSTEM32\windows.storage.dll
0x00007ffac3df0000 - 0x00007ffac3ef4000 	C:\Windows\System32\SHCORE.dll
0x00007ffac35d0000 - 0x00007ffac3639000 	C:\Windows\System32\shlwapi.dll
0x00007ffac2970000 - 0x00007ffac2995000 	C:\Windows\SYSTEM32\profapi.dll
0x00007ff9ddc30000 - 0x00007ff9ddd07000 	C:\Program Files\Java\jdk-21.0.10\bin\jsvml.dll
0x00007ff9ddc10000 - 0x00007ff9ddc21000 	C:\Program Files\Java\jdk-21.0.10\bin\net.dll
0x00007ffabe4e0000 - 0x00007ffabe60c000 	C:\Windows\SYSTEM32\WINHTTP.dll
0x00007ffac1ea0000 - 0x00007ffac1f09000 	C:\Windows\system32\mswsock.dll
0x00007ff9ddbf0000 - 0x00007ff9ddc06000 	C:\Program Files\Java\jdk-21.0.10\bin\nio.dll
0x00007ff9ddbd0000 - 0x00007ff9ddbe8000 	C:\Program Files\Java\jdk-21.0.10\bin\zip.dll
0x00007ff9d7290000 - 0x00007ff9d72b4000 	C:\apache-maven-3.9.12\lib\jansi-native\Windows\x86_64\jansi.dll

dbghelp: loaded successfully - version: 4.0.5 - missing functions: none
symbol engine: initialized successfully - sym options: 0x614 - pdb path: .;C:\Program Files\Java\jdk-21.0.10\bin;C:\Windows\SYSTEM32;C:\Windows\WinSxS\amd64_microsoft.windows.common-controls_6595b64144ccf1df_6.0.22621.6060_none_2712eda17382d24b;C:\Program Files\Java\jdk-21.0.10\bin\server;C:\apache-maven-3.9.12\lib\jansi-native\Windows\x86_64

VM Arguments:
jvm_args: --enable-native-access=ALL-UNNAMED -Dclassworlds.conf=C:\apache-maven-3.9.12\bin\m2.conf -Dmaven.home=C:\apache-maven-3.9.12 -Dlibrary.jansi.path=C:\apache-maven-3.9.12\lib\jansi-native -Dmaven.multiModuleProjectDirectory=D:\proj2\proj\eventmate-back 
java_command: org.codehaus.plexus.classworlds.launcher.Launcher spring-boot:run
java_class_path (initial): C:\apache-maven-3.9.12\boot\plexus-classworlds-2.9.0.jar
Launcher Type: SUN_STANDARD

[Global flags]
     intx CICompilerCount                          = 4                                         {product} {ergonomic}
     uint ConcGCThreads                            = 2                                         {product} {ergonomic}
     uint G1ConcRefinementThreads                  = 8                                         {product} {ergonomic}
   size_t G1HeapRegionSize                         = 2097152                                   {product} {ergonomic}
    uintx GCDrainStackTargetSize                   = 64                                        {product} {ergonomic}
   size_t InitialHeapSize                          = 266338304                                 {product} {ergonomic}
   size_t MarkStackSize                            = 4194304                                   {product} {ergonomic}
   size_t MaxHeapSize                              = 4238344192                                {product} {ergonomic}
   size_t MaxNewSize                               = 2541748224                                {product} {ergonomic}
   size_t MinHeapDeltaBytes                        = 2097152                                   {product} {ergonomic}
   size_t MinHeapSize                              = 8388608                                   {product} {ergonomic}
    uintx NonNMethodCodeHeapSize                   = 5839372                                {pd product} {ergonomic}
    uintx NonProfiledCodeHeapSize                  = 122909434                              {pd product} {ergonomic}
    uintx ProfiledCodeHeapSize                     = 122909434                              {pd product} {ergonomic}
    uintx ReservedCodeCacheSize                    = 251658240                              {pd product} {ergonomic}
     bool SegmentedCodeCache                       = true                                      {product} {ergonomic}
   size_t SoftMaxHeapSize                          = 4238344192                             {manageable} {ergonomic}
     bool UseCompressedOops                        = true                           {product lp64_product} {ergonomic}
     bool UseG1GC                                  = true                                      {product} {ergonomic}
     bool UseLargePagesIndividualAllocation        = false                                  {pd product} {ergonomic}

Logging:
Log output configuration:
 #0: stdout all=warning uptime,level,tags foldmultilines=false
 #1: stderr all=off uptime,level,tags foldmultilines=false

Environment Variables:
PATH=C:\Program Files\Common Files\Oracle\Java\javapath;C:\app\thang\product\21c\dbhomeXE\bin;C:\Windows\system32;C:\Windows;C:\Windows\System32\Wbem;C:\Windows\System32\WindowsPowerShell\v1.0\;C:\Windows\System32\OpenSSH\;C:\Program Files\Microsoft SQL Server\Client SDK\ODBC\170\Tools\Binn\;C:\Program Files\Microsoft SQL Server\150\Tools\Binn\;C:\Program Files\dotnet\;C:\php-8.4.5-;C:\php-8.4.5-\;C:\Program Files\nodejs\;C:\Program Files\Git\cmd;C:\apache-maven-3.9.12\bin;C:\Program Files\MySQL\MySQL Server 8.0\bin;C:\Program Files\GitHub CLI\;C:\Users\thang\AppData\Local\Microsoft\WindowsApps;C:\Users\thang\.dotnet\tools;C:\Users\thang\AppData\Local\Programs\Microsoft VS Code\bin;C:\Program Files\Java\jdk-21.0.6\bin;C:\Users\thang\AppData\Roaming\npm;C:\Users\thang\AppData\Local\Python\bin
USERNAME=thang
OS=Windows_NT
PROCESSOR_IDENTIFIER=Intel64 Family 6 Model 140 Stepping 2, GenuineIntel
TMP=C:\Users\thang\AppData\Local\Temp
TEMP=C:\Users\thang\AppData\Local\Temp




Periodic native trim disabled

---------------  S Y S T E M  ---------------

OS:
 Windows 11 , 64 bit Build 22621 (10.0.22621.5415)
OS uptime: 0 days 0:07 hours
Hyper-V role detected

CPU: total 8 (initial active 8) (4 cores per cpu, 2 threads per core) family 6 model 140 stepping 2 microcode 0x26, cx8, cmov, fxsr, ht, mmx, 3dnowpref, sse, sse2, sse3, ssse3, sse4.1, sse4.2, popcnt, lzcnt, tsc, tscinvbit, avx, avx2, aes, erms, clmul, bmi1, bmi2, adx, avx512f, avx512dq, avx512cd, avx512bw, avx512vl, sha, fma, vzeroupper, avx512_vpopcntdq, avx512_vpclmulqdq, avx512_vaes, avx512_vnni, clflush, clflushopt, clwb, avx512_vbmi2, avx512_vbmi, hv, rdtscp, rdpid, fsrm, gfni, avx512_bitalg, f16c, cet_ibt, cet_ss, avx512_ifma
Processor Information for processor 0
  Max Mhz: 2496, Current Mhz: 2496, Mhz Limit: 2496
Processor Information for processor 1
  Max Mhz: 2496, Current Mhz: 2496, Mhz Limit: 2496
Processor Information for processor 2
  Max Mhz: 2496, Current Mhz: 2496, Mhz Limit: 2496
Processor Information for processor 3
  Max Mhz: 2496, Current Mhz: 1198, Mhz Limit: 2496
Processor Information for processor 4
  Max Mhz: 2496, Current Mhz: 2496, Mhz Limit: 2496
Processor Information for processor 5
  Max Mhz: 2496, Current Mhz: 2496, Mhz Limit: 2496
Processor Information for processor 6
  Max Mhz: 2496, Current Mhz: 2496, Mhz Limit: 2496
Processor Information for processor 7
  Max Mhz: 2496, Current Mhz: 2496, Mhz Limit: 2496

Memory: 4k page, system-wide physical 16167M (2199M free)
TotalPageFile size 17336M (AvailPageFile size 11M)
current process WorkingSet (physical memory assigned to process): 45M, peak: 45M
current process commit charge ("private bytes"): 342M, peak: 342M

vm_info: Java HotSpot(TM) 64-Bit Server VM (21.0.10+8-LTS-217) for windows-amd64 JRE (21.0.10+8-LTS-217), built on 2025-12-18T14:59:28Z by "mach5run" with MS VC++ 17.13 (VS2022)

END.
