#
# There is insufficient memory for the Java Runtime Environment to continue.
# Native memory allocation (mmap) failed to map 65536 bytes for Failed to commit metaspace.
# Possible reasons:
#   The system is out of physical RAM or swap space
#   The process is running with CompressedOops enabled, and the Java Heap may be blocking the growth of the native heap
# Possible solutions:
#   Reduce memory load on the system
#   Increase physical memory or swap space
#   Check if swap backing store is full
#   Decrease Java heap size (-Xmx/-Xms)
#   Decrease number of Java threads
#   Decrease Java thread stack sizes (-Xss)
#   Set larger code cache with -XX:ReservedCodeCacheSize=
#   JVM is running with Zero Based Compressed Oops mode in which the Java heap is
#     placed in the first 32GB address space. The Java Heap base address is the
#     maximum limit for the native heap growth. Please use -XX:HeapBaseMinAddress
#     to set the Java Heap base and to place the Java Heap above 32GB virtual address.
# This output file may be truncated or incomplete.
#
#  Out of Memory Error (virtualSpaceNode.cpp:112), pid=2576, tid=6940
#
# JRE version: Java(TM) SE Runtime Environment (21.0.10+8) (build 21.0.10+8-LTS-217)
# Java VM: Java HotSpot(TM) 64-Bit Server VM (21.0.10+8-LTS-217, mixed mode, sharing, tiered, compressed oops, compressed class ptrs, g1 gc, windows-amd64)
# No core dump will be written. Minidumps are not enabled by default on client versions of Windows
#

---------------  S U M M A R Y ------------

Command Line: --enable-native-access=ALL-UNNAMED -Dclassworlds.conf=C:\apache-maven-3.9.12\bin\m2.conf -Dmaven.home=C:\apache-maven-3.9.12 -Dlibrary.jansi.path=C:\apache-maven-3.9.12\lib\jansi-native -Dmaven.multiModuleProjectDirectory=D:\proj2\proj\eventmate-back org.codehaus.plexus.classworlds.launcher.Launcher spring-boot:run -Dspring-boot.run.jvmArguments=-Xms256m -Xmx512m

Host: 11th Gen Intel(R) Core(TM) i5-1155G7 @ 2.50GHz, 8 cores, 15G,  Windows 11 , 64 bit Build 22621 (10.0.22621.5415)
Time: Sat Feb 14 19:07:44 2026 India Standard Time elapsed time: 0.569421 seconds (0d 0h 0m 0s)

---------------  T H R E A D  ---------------

Current thread (0x000001c86d9f0190):  JavaThread "main"             [_thread_in_vm, id=6940, stack(0x0000004339400000,0x0000004339500000) (1024K)]

Stack: [0x0000004339400000,0x0000004339500000]
Native frames: (J=compiled Java code, j=interpreted, Vv=VM code, C=native code)
V  [jvm.dll+0x6d0b59]
V  [jvm.dll+0x85fd56]
V  [jvm.dll+0x86224e]
V  [jvm.dll+0x862923]
V  [jvm.dll+0x282a16]
V  [jvm.dll+0x85bade]
V  [jvm.dll+0x674a44]
V  [jvm.dll+0x1e7c48]
V  [jvm.dll+0x1e7a0e]
V  [jvm.dll+0x67736f]
V  [jvm.dll+0x6771a2]
V  [jvm.dll+0x67541e]
V  [jvm.dll+0x26cf60]
V  [jvm.dll+0x67f635]
V  [jvm.dll+0x218c6e]
V  [jvm.dll+0x219115]
V  [jvm.dll+0x219b1b]
V  [jvm.dll+0x20ec2e]
V  [jvm.dll+0x5b291f]
V  [jvm.dll+0x7d9d26]
V  [jvm.dll+0x475878]
V  [jvm.dll+0x47b4c8]
C  [java.dll+0x1818]

Java frames: (J=compiled Java code, j=interpreted, Vv=VM code)
J 535  java.lang.ClassLoader.defineClass1(Ljava/lang/ClassLoader;Ljava/lang/String;[BIILjava/security/ProtectionDomain;Ljava/lang/String;)Ljava/lang/Class; java.base@21.0.10 (0 bytes) @ 0x000001c807aff891 [0x000001c807aff7c0+0x00000000000000d1]
j  java.lang.ClassLoader.defineClass(Ljava/lang/String;[BIILjava/security/ProtectionDomain;)Ljava/lang/Class;+27 java.base@21.0.10
j  java.security.SecureClassLoader.defineClass(Ljava/lang/String;[BIILjava/security/CodeSource;)Ljava/lang/Class;+12 java.base@21.0.10
j  java.net.URLClassLoader.defineClass(Ljava/lang/String;Ljdk/internal/loader/Resource;)Ljava/lang/Class;+220 java.base@21.0.10
j  java.net.URLClassLoader$1.run()Ljava/lang/Class;+43 java.base@21.0.10
j  java.net.URLClassLoader$1.run()Ljava/lang/Object;+1 java.base@21.0.10
J 588 c1 java.security.AccessController.executePrivileged(Ljava/security/PrivilegedExceptionAction;Ljava/security/AccessControlContext;Ljava/lang/Class;)Ljava/lang/Object; java.base@21.0.10 (65 bytes) @ 0x000001c8000e584c [0x000001c8000e56e0+0x000000000000016c]
j  java.security.AccessController.doPrivileged(Ljava/security/PrivilegedExceptionAction;Ljava/security/AccessControlContext;)Ljava/lang/Object;+13 java.base@21.0.10
j  java.net.URLClassLoader.findClass(Ljava/lang/String;)Ljava/lang/Class;+13 java.base@21.0.10
j  org.codehaus.plexus.classworlds.realm.ClassRealm.findClassInternal(Ljava/lang/String;)Ljava/lang/Class;+2
j  org.codehaus.plexus.classworlds.realm.ClassRealm.loadClassFromSelf(Ljava/lang/String;)Ljava/lang/Class;+20
j  org.codehaus.plexus.classworlds.strategy.SelfFirstStrategy.loadClass(Ljava/lang/String;)Ljava/lang/Class;+18
J 592 c1 org.codehaus.plexus.classworlds.realm.ClassRealm.loadClass(Ljava/lang/String;Z)Ljava/lang/Class; (33 bytes) @ 0x000001c8000e6364 [0x000001c8000e61e0+0x0000000000000184]
J 591 c1 org.codehaus.plexus.classworlds.realm.ClassRealm.loadClass(Ljava/lang/String;)Ljava/lang/Class; (7 bytes) @ 0x000001c8000e5e44 [0x000001c8000e5d40+0x0000000000000104]
v  ~StubRoutines::call_stub 0x000001c8075310e7
j  org.codehaus.plexus.DefaultPlexusContainer.<init>(Lorg/codehaus/plexus/ContainerConfiguration;[Lcom/google/inject/Module;)V+145
j  org.apache.maven.cli.MavenCli.container(Lorg/apache/maven/cli/CliRequest;)Lorg/codehaus/plexus/PlexusContainer;+279
j  org.apache.maven.cli.MavenCli.doMain(Lorg/apache/maven/cli/CliRequest;)I+38
j  org.apache.maven.cli.MavenCli.main([Ljava/lang/String;Lorg/codehaus/plexus/classworlds/ClassWorld;)I+24
j  java.lang.invoke.DirectMethodHandle$Holder.invokeStatic(Ljava/lang/Object;Ljava/lang/Object;Ljava/lang/Object;)I+11 java.base@21.0.10
j  java.lang.invoke.LambdaForm$MH+0x000001c810009400.invoke(Ljava/lang/Object;Ljava/lang/Object;Ljava/lang/Object;Ljava/lang/Object;)Ljava/lang/Object;+54 java.base@21.0.10
j  java.lang.invoke.LambdaForm$MH+0x000001c810009800.invokeExact_MT(Ljava/lang/Object;Ljava/lang/Object;Ljava/lang/Object;Ljava/lang/Object;Ljava/lang/Object;)Ljava/lang/Object;+22 java.base@21.0.10
j  jdk.internal.reflect.DirectMethodHandleAccessor.invokeImpl(Ljava/lang/Object;[Ljava/lang/Object;)Ljava/lang/Object;+72 java.base@21.0.10
j  jdk.internal.reflect.DirectMethodHandleAccessor.invoke(Ljava/lang/Object;[Ljava/lang/Object;)Ljava/lang/Object;+23 java.base@21.0.10
j  java.lang.reflect.Method.invoke(Ljava/lang/Object;[Ljava/lang/Object;)Ljava/lang/Object;+102 java.base@21.0.10
j  org.codehaus.plexus.classworlds.launcher.Launcher.launchEnhanced([Ljava/lang/String;)V+45
j  org.codehaus.plexus.classworlds.launcher.Launcher.launch([Ljava/lang/String;)V+2
j  org.codehaus.plexus.classworlds.launcher.Launcher.mainWithExitCode([Ljava/lang/String;)I+108
j  org.codehaus.plexus.classworlds.launcher.Launcher.main([Ljava/lang/String;)V+1
v  ~StubRoutines::call_stub 0x000001c8075310e7

Compiled method (n/a)     595  535     n 0       java.lang.ClassLoader::defineClass1 (native)
 total in heap  [0x000001c807aff610,0x000001c807affd70] = 1888
 relocation     [0x000001c807aff770,0x000001c807aff7b0] = 64
 main code      [0x000001c807aff7c0,0x000001c807affd6f] = 1455
 stub code      [0x000001c807affd6f,0x000001c807affd70] = 1

[Constant Pool (empty)]

[MachCode]
[Entry Point]
  # {method} {0x000001c80f4396f0} 'defineClass1' '(Ljava/lang/ClassLoader;Ljava/lang/String;[BIILjava/security/ProtectionDomain;Ljava/lang/String;)Ljava/lang/Class;' in 'java/lang/ClassLoader'
  # parm0:    rdx:rdx   = 'java/lang/ClassLoader'
  # parm1:    r8:r8     = 'java/lang/String'
  # parm2:    r9:r9     = '[B'
  # parm3:    rdi       = int
  # parm4:    rsi       = int
  # parm5:    rcx:rcx   = 'java/security/ProtectionDomain'
  # parm6:    [sp+0xa0]   = 'java/lang/String'  (sp of caller)
  0x000001c807aff7c0: 448b 5208 | 49bb 0000 | 000f c801 | 0000 4d03 | d349 3bc2 | 0f84 0600 

  0x000001c807aff7d8: ;   {runtime_call ic_miss_stub}
  0x000001c807aff7d8: 0000 e9a1 | f1a7 ff90 
[Verified Entry Point]
  0x000001c807aff7e0: 8984 2400 | 80ff ff55 | 488b ec48 | 81ec 9000 | 0000 6690 | 4181 7f20 | 0100 0000 

  0x000001c807aff7fc: ;   {runtime_call StubRoutines (final stubs)}
  0x000001c807aff7fc: 7405 e87d | 65a6 ff48 | 837d 1000 | 488d 4510 | 480f 4445 | 1048 8944 | 2440 4889 | 4c24 7048 
  0x000001c807aff81c: 83f9 0048 | 8d44 2470 | 480f 4444 | 2470 4889 | 4424 3848 | 8974 2430 | 4889 7c24 | 284c 894c 
  0x000001c807aff83c: 2458 4983 | f900 488d | 4424 5848 | 0f44 4424 | 5848 8944 | 2420 4c89 | 4424 5049 | 83f8 004c 
  0x000001c807aff85c: 8d4c 2450 | 4c0f 444c | 2450 4889 | 5424 4848 | 83fa 004c | 8d44 2448 | 4c0f 4444 

  0x000001c807aff878: ;   {oop(a 'java/lang/Class'{0x0000000713201450} = 'java/lang/ClassLoader')}
  0x000001c807aff878: 2448 49be | 5014 2013 | 0700 0000 | 4c89 7424 | 784c 8d74 | 2478 498b | d6c5 f877 

  0x000001c807aff894: ;   {internal_word}
  0x000001c807aff894: 49ba 91f8 | af07 c801 | 0000 4d89 | 97a8 0300 | 0049 89a7 | a003 0000 

  0x000001c807aff8ac: ;   {external_word}
  0x000001c807aff8ac: 49ba a318 | a1ca f97f | 0000 4180 | 3a00 0f84 | 4e00 0000 | 5241 5041 

  0x000001c807aff8c4: ;   {metadata({method} {0x000001c80f4396f0} 'defineClass1' '(Ljava/lang/ClassLoader;Ljava/lang/String;[BIILjava/security/ProtectionDomain;Ljava/lang/String;)Ljava/lang/Class;' in 'java/lang/ClassLoader')}
  0x000001c807aff8c4: 5148 bae8 | 9643 0fc8 | 0100 0049 | 8bcf 4883 | ec20 40f6 | c40f 0f84 | 1900 0000 | 4883 ec08 
  0x000001c807aff8e4: ;   {runtime_call}
  0x000001c807aff8e4: 48b8 1079 | 51ca f97f | 0000 ffd0 | 4883 c408 | e90c 0000 

  0x000001c807aff8f8: ;   {runtime_call}
  0x000001c807aff8f8: 0048 b810 | 7951 caf9 | 7f00 00ff | d048 83c4 | 2041 5941 | 585a 498d | 8fc0 0300 | 0041 c787 
  0x000001c807aff918: 4c04 0000 | 0400 0000 

  0x000001c807aff920: ;   {runtime_call}
  0x000001c807aff920: 48b8 d016 | a6fe f97f | 0000 ffd0 | c5f8 7741 | c787 4c04 | 0000 0500 | 0000 f083 | 4424 c000 
  0x000001c807aff940: 493b af50 | 0400 000f | 870e 0000 | 0041 83bf | 4804 0000 | 000f 842b | 0000 00c5 | f877 4889 
  0x000001c807aff960: 45f8 498b | cf4c 8be4 | 4883 ec20 | 4883 e4f0 

  0x000001c807aff970: ;   {runtime_call}
  0x000001c807aff970: 48b8 501b | 1dca f97f | 0000 ffd0 | 498b e44d | 33e4 488b | 45f8 41c7 | 874c 0400 | 0008 0000 
  0x000001c807aff990: 0041 83bf | c804 0000 | 020f 84a3 

  0x000001c807aff99c: ;   {external_word}
  0x000001c807aff99c: 0300 0049 | baa3 18a1 | caf9 7f00 | 0041 803a | 000f 844c | 0000 0048 

  0x000001c807aff9b4: ;   {metadata({method} {0x000001c80f4396f0} 'defineClass1' '(Ljava/lang/ClassLoader;Ljava/lang/String;[BIILjava/security/ProtectionDomain;Ljava/lang/String;)Ljava/lang/Class;' in 'java/lang/ClassLoader')}
  0x000001c807aff9b4: 8945 f848 | bae8 9643 | 0fc8 0100 | 0049 8bcf | 4883 ec20 | 40f6 c40f | 0f84 1900 | 0000 4883 
  0x000001c807aff9d4: ;   {runtime_call}
  0x000001c807aff9d4: ec08 48b8 | 1079 51ca | f97f 0000 | ffd0 4883 | c408 e90c 

  0x000001c807aff9e8: ;   {runtime_call}
  0x000001c807aff9e8: 0000 0048 | b810 7951 | caf9 7f00 | 00ff d048 | 83c4 2048 | 8b45 f849 | c787 a003 | 0000 0000 
  0x000001c807affa08: 0000 49c7 | 87a8 0300 | 0000 0000 | 00c5 f877 | 4885 c00f | 84fe 0200 | 00a8 030f | 8508 0000 
  0x000001c807affa28: 0048 8b00 | e9ee 0200 | 00a8 010f | 8509 0000 | 0048 8b40 | fee9 dd02 | 0000 488b | 40ff 4180 
  0x000001c807affa48: 7f40 000f | 84ce 0200 | 0048 83f8 | 000f 84c4 | 0200 0049 | 8b4f 2848 | 83f9 000f | 8414 0000 
  0x000001c807affa68: 0048 83e9 | 0849 894f | 2849 034f | 3848 8901 | e9a2 0200 | 0048 81ec | 5001 0000 | 4889 0424 
  0x000001c807affa88: 4889 4c24 | 0848 8954 | 2410 4889 | 7424 1848 | 897c 2420 | 4c89 4424 | 284c 894c | 2430 4c89 
  0x000001c807affaa8: 5424 384c | 895c 2440 | c5fb 1144 | 2450 c5fb | 114c 2458 | c5fb 1154 | 2460 c5fb | 115c 2468 
  0x000001c807affac8: c5fb 1164 | 2470 c5fb | 116c 2478 | c5fb 11b4 | 2480 0000 | 00c5 fb11 | bc24 8800 | 0000 c57b 
  0x000001c807affae8: ;   {no_reloc}
  0x000001c807affae8: 1184 2490 | 0000 00c5 | 7b11 8c24 | 9800 0000 | c57b 1194 | 24a0 0000 | 00c5 7b11 | 9c24 a800 
  0x000001c807affb08: 0000 c57b | 11a4 24b0 | 0000 00c5 | 7b11 ac24 | b800 0000 | c57b 11b4 | 24c0 0000 | 00c5 7b11 
  0x000001c807affb28: bc24 c800 | 0000 62e1 | ff08 1144 | 241a 62e1 | ff08 114c | 241b 62e1 | ff08 1154 | 241c 62e1 
  0x000001c807affb48: ff08 115c | 241d 62e1 | ff08 1164 | 241e 62e1 | ff08 116c | 241f 62e1 | ff08 1174 | 2420 62e1 
  0x000001c807affb68: ff08 117c | 2421 6261 | ff08 1144 | 2422 6261 | ff08 114c | 2423 6261 | ff08 1154 | 2424 6261 
  0x000001c807affb88: ff08 115c | 2425 6261 | ff08 1164 | 2426 6261 | ff08 116c | 2427 6261 | ff08 1174 | 2428 6261 
  0x000001c807affba8: ff08 117c | 2429 498b | d748 8bc8 | 4883 ec20 | 40f6 c40f | 0f84 1900 | 0000 4883 

  0x000001c807affbc4: ;   {runtime_call}
  0x000001c807affbc4: ec08 48b8 | 206b 10ca | f97f 0000 | ffd0 4883 | c408 e90c 

  0x000001c807affbd8: ;   {runtime_call}
  0x000001c807affbd8: 0000 0048 | b820 6b10 | caf9 7f00 | 00ff d048 | 83c4 2062 | 61ff 0810 | 7c24 2962 | 61ff 0810 
  0x000001c807affbf8: 7424 2862 | 61ff 0810 | 6c24 2762 | 61ff 0810 | 6424 2662 | 61ff 0810 | 5c24 2562 | 61ff 0810 
  0x000001c807affc18: 5424 2462 | 61ff 0810 | 4c24 2362 | 61ff 0810 | 4424 2262 | e1ff 0810 | 7c24 2162 | e1ff 0810 
  0x000001c807affc38: 7424 2062 | e1ff 0810 | 6c24 1f62 | e1ff 0810 | 6424 1e62 | e1ff 0810 | 5c24 1d62 | e1ff 0810 
  0x000001c807affc58: 5424 1c62 | e1ff 0810 | 4c24 1b62 | e1ff 0810 | 4424 1ac5 | 7b10 bc24 | c800 0000 | c57b 10b4 
  0x000001c807affc78: 24c0 0000 | 00c5 7b10 | ac24 b800 | 0000 c57b | 10a4 24b0 | 0000 00c5 | 7b10 9c24 | a800 0000 
  0x000001c807affc98: c57b 1094 | 24a0 0000 | 00c5 7b10 | 8c24 9800 | 0000 c57b | 1084 2490 | 0000 00c5 | fb10 bc24 
  0x000001c807affcb8: 8800 0000 | c5fb 10b4 | 2480 0000 | 00c5 fb10 | 6c24 78c5 | fb10 6424 | 70c5 fb10 | 5c24 68c5 
  0x000001c807affcd8: ;   {no_reloc}
  0x000001c807affcd8: fb10 5424 | 60c5 fb10 | 4c24 58c5 | fb10 4424 | 504c 8b5c | 2440 4c8b | 5424 384c | 8b4c 2430 
  0x000001c807affcf8: 4c8b 4424 | 2848 8b7c | 2420 488b | 7424 1848 | 8b54 2410 | 488b 4c24 | 0848 8b04 | 2448 81c4 
  0x000001c807affd18: 5001 0000 | c5f8 7749 | 8b8f 3004 | 0000 c781 | 0001 0000 | 0000 0000 | c949 837f | 0800 0f85 
  0x000001c807affd38: 0100 0000 

  0x000001c807affd3c: ;   {runtime_call StubRoutines (initial stubs)}
  0x000001c807affd3c: c3e9 be11 | a3ff c5f8 | 7748 8945 | f84c 8be4 | 4883 ec20 | 4883 e4f0 

  0x000001c807affd54: ;   {runtime_call}
  0x000001c807affd54: 48b8 70b0 | 51ca f97f | 0000 ffd0 | 498b e44d | 33e4 488b | 45f8 e930 | fcff fff4 
[/MachCode]


Compiled method (c1)     612  588       3       java.security.AccessController::executePrivileged (65 bytes)
 total in heap  [0x000001c8000e5510,0x000001c8000e5b08] = 1528
 relocation     [0x000001c8000e5670,0x000001c8000e56d8] = 104
 main code      [0x000001c8000e56e0,0x000001c8000e5990] = 688
 stub code      [0x000001c8000e5990,0x000001c8000e59e8] = 88
 metadata       [0x000001c8000e59e8,0x000001c8000e59f8] = 16
 scopes data    [0x000001c8000e59f8,0x000001c8000e5a70] = 120
 scopes pcs     [0x000001c8000e5a70,0x000001c8000e5af0] = 128
 dependencies   [0x000001c8000e5af0,0x000001c8000e5af8] = 8
 nul chk table  [0x000001c8000e5af8,0x000001c8000e5b08] = 16

[Constant Pool (empty)]

[MachCode]
[Verified Entry Point]
  # {method} {0x000001c80f475220} 'executePrivileged' '(Ljava/security/PrivilegedExceptionAction;Ljava/security/AccessControlContext;Ljava/lang/Class;)Ljava/lang/Object;' in 'java/security/AccessController'
  # parm0:    rdx:rdx   = 'java/security/PrivilegedExceptionAction'
  # parm1:    r8:r8     = 'java/security/AccessControlContext'
  # parm2:    r9:r9     = 'java/lang/Class'
  #           [sp+0x50]  (sp of caller)
  0x000001c8000e56e0: 8984 2400 | 80ff ff55 | 4883 ec40 | 4181 7f20 | 0100 0000 

  0x000001c8000e56f4: ;   {runtime_call StubRoutines (final stubs)}
  0x000001c8000e56f4: 7405 e885 | 0648 074c | 8944 2430 

  0x000001c8000e5700: ;   {metadata(method data for {method} {0x000001c80f475220} 'executePrivileged' '(Ljava/security/PrivilegedExceptionAction;Ljava/security/AccessControlContext;Ljava/lang/Class;)Ljava/lang/Object;' in 'java/security/AccessController')}
  0x000001c8000e5700: 48be a882 | 1250 c801 | 0000 8bbe | cc00 0000 | 83c7 0289 | becc 0000 | 0081 e7fe | 0700 0085 
  0x000001c8000e5720: ff0f 84c7 | 0100 004d 

  0x000001c8000e5728: ;   {metadata(method data for {method} {0x000001c80f475220} 'executePrivileged' '(Ljava/security/PrivilegedExceptionAction;Ljava/security/AccessControlContext;Ljava/lang/Class;)Ljava/lang/Object;' in 'java/security/AccessController')}
  0x000001c8000e5728: 85c0 48be | a882 1250 | c801 0000 | 48bf 1001 | 0000 0000 | 0000 740a | 48bf 2001 | 0000 0000 
  0x000001c8000e5748: 0000 488b | 1c3e 488d | 5b01 4889 | 1c3e 4c89 | 4c24 2848 | 8954 2420 | 0f84 2600 

  0x000001c8000e5764: ;   {metadata(method data for {method} {0x000001c80f475220} 'executePrivileged' '(Ljava/security/PrivilegedExceptionAction;Ljava/security/AccessControlContext;Ljava/lang/Class;)Ljava/lang/Object;' in 'java/security/AccessController')}
  0x000001c8000e5764: 0000 48be | a882 1250 | c801 0000 | 4883 8630 | 0100 0001 | 498b d00f 

  0x000001c8000e577c: ;   {static_call}
  0x000001c8000e577c: 1f40 00e8 

  0x000001c8000e5780: ; ImmutableOopMap {[32]=Oop [40]=Oop [48]=Oop }
                      ;*invokestatic ensureMaterializedForStackWalk {reexecute=0 rethrow=0 return_oop=0}
                      ; - java.security.AccessController::executePrivileged@5 (line 805)
  0x000001c8000e5780: dcd5 a007 

  0x000001c8000e5784: ;   {other}
  0x000001c8000e5784: 0f1f 8400 | 7402 0000 

  0x000001c8000e578c: ;   {metadata(method data for {method} {0x000001c80f475220} 'executePrivileged' '(Ljava/security/PrivilegedExceptionAction;Ljava/security/AccessControlContext;Ljava/lang/Class;)Ljava/lang/Object;' in 'java/security/AccessController')}
  0x000001c8000e578c: 48ba a882 | 1250 c801 | 0000 ff82 | 4001 0000 | 488b 5424 | 2048 3b02 

  0x000001c8000e57a4: ;   {metadata(method data for {method} {0x000001c80f475220} 'executePrivileged' '(Ljava/security/PrivilegedExceptionAction;Ljava/security/AccessControlContext;Ljava/lang/Class;)Ljava/lang/Object;' in 'java/security/AccessController')}
  0x000001c8000e57a4: 488b f248 | bfa8 8212 | 50c8 0100 | 008b 7608 | 49ba 0000 | 000f c801 | 0000 4903 | f248 3bb7 
  0x000001c8000e57c4: b001 0000 | 750d 4883 | 87b8 0100 | 0001 e960 | 0000 0048 | 3bb7 c001 | 0000 750d | 4883 87c8 
  0x000001c8000e57e4: 0100 0001 | e94a 0000 | 0048 83bf | b001 0000 | 0075 1748 | 89b7 b001 | 0000 48c7 | 87b8 0100 
  0x000001c8000e5804: 0001 0000 | 00e9 2900 | 0000 4883 | bfc0 0100 | 0000 7517 | 4889 b7c0 | 0100 0048 | c787 c801 
  0x000001c8000e5824: 0000 0100 | 0000 e908 | 0000 0048 | 8387 a001 | 0000 0166 | 0f1f 4400 | 0048 b8ff | ffff ffff 
  0x000001c8000e5844: ;   {virtual_call}
  0x000001c8000e5844: ffff ffe8 

  0x000001c8000e5848: ; ImmutableOopMap {[40]=Oop [48]=Oop }
                      ;*invokeinterface run {reexecute=0 rethrow=0 return_oop=0}
                      ; - java.security.AccessController::executePrivileged@29 (line 809)
  0x000001c8000e5848: 546f 4907 

  0x000001c8000e584c: ;   {other}
  0x000001c8000e584c: 0f1f 8400 | 3c03 0001 

  0x000001c8000e5854: ;   {metadata(method data for {method} {0x000001c80f475220} 'executePrivileged' '(Ljava/security/PrivilegedExceptionAction;Ljava/security/AccessControlContext;Ljava/lang/Class;)Ljava/lang/Object;' in 'java/security/AccessController')}
  0x000001c8000e5854: 48be a882 | 1250 c801 | 0000 ff86 | d801 0000 | 4c8b 4c24 

  0x000001c8000e5868: ;   {metadata(method data for {method} {0x000001c80f475220} 'executePrivileged' '(Ljava/security/PrivilegedExceptionAction;Ljava/security/AccessControlContext;Ljava/lang/Class;)Ljava/lang/Object;' in 'java/security/AccessController')}
  0x000001c8000e5868: 2848 bea8 | 8212 50c8 | 0100 0048 | 8386 3802 

  0x000001c8000e5878: ;   {metadata(method data for {method} {0x000001c80f03d128} 'reachabilityFence' '(Ljava/lang/Object;)V' in 'java/lang/ref/Reference')}
  0x000001c8000e5878: 0000 0148 | be40 7008 | 50c8 0100 | 008b becc | 0000 0083 | c702 89be | cc00 0000 | 81e7 feff 
  0x000001c8000e5898: 1f00 85ff | 0f84 7200 

  0x000001c8000e58a0: ;   {metadata(method data for {method} {0x000001c80f475220} 'executePrivileged' '(Ljava/security/PrivilegedExceptionAction;Ljava/security/AccessControlContext;Ljava/lang/Class;)Ljava/lang/Object;' in 'java/security/AccessController')}
  0x000001c8000e58a0: 0000 48be | a882 1250 | c801 0000 | 4883 8648 | 0200 0001 

  0x000001c8000e58b4: ;   {metadata(method data for {method} {0x000001c80f03d128} 'reachabilityFence' '(Ljava/lang/Object;)V' in 'java/lang/ref/Reference')}
  0x000001c8000e58b4: 48be 4070 | 0850 c801 | 0000 8bbe | cc00 0000 | 83c7 0289 | becc 0000 | 0081 e7fe | ff1f 0085 
  0x000001c8000e58d4: ff0f 845a | 0000 0048 | 83c4 405d 

  0x000001c8000e58e0: ;   {poll_return}
  0x000001c8000e58e0: 493b a750 | 0400 000f | 8766 0000 

  0x000001c8000e58ec: ;   {metadata({method} {0x000001c80f475220} 'executePrivileged' '(Ljava/security/PrivilegedExceptionAction;Ljava/security/AccessControlContext;Ljava/lang/Class;)Ljava/lang/Object;' in 'java/security/AccessController')}
  0x000001c8000e58ec: 00c3 49ba | 1852 470f | c801 0000 | 4c89 5424 | 0848 c704 | 24ff ffff 

  0x000001c8000e5904: ;   {runtime_call counter_overflow Runtime1 stub}
  0x000001c8000e5904: ffe8 768a 

  0x000001c8000e5908: ; ImmutableOopMap {rdx=Oop r8=Oop r9=Oop [48]=Oop }
                      ;*synchronization entry
                      ; - java.security.AccessController::executePrivileged@-1 (line 804)
  0x000001c8000e5908: 5707 e918 

  0x000001c8000e590c: ;   {runtime_call throw_null_pointer_exception Runtime1 stub}
  0x000001c8000e590c: feff ffe8 

  0x000001c8000e5910: ; ImmutableOopMap {rdx=Oop [40]=Oop [48]=Oop }
                      ;*invokeinterface run {reexecute=0 rethrow=0 return_oop=0}
                      ; - java.security.AccessController::executePrivileged@29 (line 809)
  0x000001c8000e5910: 0c28 5707 

  0x000001c8000e5914: ;   {metadata({method} {0x000001c80f03d128} 'reachabilityFence' '(Ljava/lang/Object;)V' in 'java/lang/ref/Reference')}
  0x000001c8000e5914: 49ba 20d1 | 030f c801 | 0000 4c89 | 5424 0848 | c704 24ff 

  0x000001c8000e5928: ;   {runtime_call counter_overflow Runtime1 stub}
  0x000001c8000e5928: ffff ffe8 

  0x000001c8000e592c: ; ImmutableOopMap {rax=Oop r9=Oop }
                      ;*synchronization entry
                      ; - java.lang.ref.Reference::reachabilityFence@-1 (line 628)
                      ; - java.security.AccessController::executePrivileged@56 (line 814)
  0x000001c8000e592c: 508a 5707 | e96d ffff 

  0x000001c8000e5934: ;   {metadata({method} {0x000001c80f03d128} 'reachabilityFence' '(Ljava/lang/Object;)V' in 'java/lang/ref/Reference')}
  0x000001c8000e5934: ff49 ba20 | d103 0fc8 | 0100 004c | 8954 2408 | 48c7 0424 | ffff ffff 

  0x000001c8000e594c: ;   {runtime_call counter_overflow Runtime1 stub}
  0x000001c8000e594c: e82f 8a57 

  0x000001c8000e5950: ; ImmutableOopMap {rax=Oop }
                      ;*synchronization entry
                      ; - java.lang.ref.Reference::reachabilityFence@-1 (line 628)
                      ; - java.security.AccessController::executePrivileged@60 (line 815)
                      ;   {internal_word}
  0x000001c8000e5950: 07eb 8849 | bae0 580e | 00c8 0100 | 004d 8997 | 6804 0000 

  0x000001c8000e5964: ;   {runtime_call SafepointBlob}
  0x000001c8000e5964: e917 124a | 0749 8b87 | 0005 0000 | 49c7 8700 | 0500 0000 | 0000 0049 | c787 0805 | 0000 0000 
  0x000001c8000e5984: 0000 4883 

  0x000001c8000e5988: ;   {runtime_call unwind_exception Runtime1 stub}
  0x000001c8000e5988: c440 5de9 | f006 5707 
[Stub Code]
  0x000001c8000e5990: ;   {no_reloc}
  0x000001c8000e5990: 0f1f 4400 

  0x000001c8000e5994: ;   {static_stub}
  0x000001c8000e5994: 0048 bb00 | 0000 0000 

  0x000001c8000e599c: ;   {runtime_call}
  0x000001c8000e599c: 0000 00e9 | fbff ffff 

  0x000001c8000e59a4: ;   {static_stub}
  0x000001c8000e59a4: 48bb 0000 | 0000 0000 

  0x000001c8000e59ac: ;   {runtime_call}
  0x000001c8000e59ac: 0000 e9fb 

  0x000001c8000e59b0: ;   {runtime_call handle_exception_from_callee Runtime1 stub}
  0x000001c8000e59b0: ffff ffe8 | 484d 5707 

  0x000001c8000e59b8: ;   {external_word}
  0x000001c8000e59b8: 48b9 10f9 | 78ca f97f | 0000 4883 

  0x000001c8000e59c4: ;   {runtime_call}
  0x000001c8000e59c4: e4f0 48b8 | 4088 40ca | f97f 0000 

  0x000001c8000e59d0: ;   {section_word}
  0x000001c8000e59d0: ffd0 f449 | bad3 590e | 00c8 0100 

  0x000001c8000e59dc: ;   {runtime_call DeoptimizationBlob}
  0x000001c8000e59dc: 0041 52e9 | 3c26 4a07 | f4f4 f4f4 
[/MachCode]


Compiled method (c1)     625  592   !   3       org.codehaus.plexus.classworlds.realm.ClassRealm::loadClass (33 bytes)
 total in heap  [0x000001c8000e6010,0x000001c8000e65d8] = 1480
 relocation     [0x000001c8000e6170,0x000001c8000e61d8] = 104
 main code      [0x000001c8000e61e0,0x000001c8000e6430] = 592
 stub code      [0x000001c8000e6430,0x000001c8000e6488] = 88
 oops           [0x000001c8000e6488,0x000001c8000e6490] = 8
 metadata       [0x000001c8000e6490,0x000001c8000e64c8] = 56
 scopes data    [0x000001c8000e64c8,0x000001c8000e6520] = 88
 scopes pcs     [0x000001c8000e6520,0x000001c8000e65a0] = 128
 dependencies   [0x000001c8000e65a0,0x000001c8000e65b0] = 16
 handler table  [0x000001c8000e65b0,0x000001c8000e65c8] = 24
 nul chk table  [0x000001c8000e65c8,0x000001c8000e65d8] = 16

[Constant Pool (empty)]

[MachCode]
[Entry Point]
  # {method} {0x000001c850404228} 'loadClass' '(Ljava/lang/String;Z)Ljava/lang/Class;' in 'org/codehaus/plexus/classworlds/realm/ClassRealm'
  # this:     rdx:rdx   = 'org/codehaus/plexus/classworlds/realm/ClassRealm'
  # parm0:    r8:r8     = 'java/lang/String'
  # parm1:    r9        = boolean
  #           [sp+0x70]  (sp of caller)
  0x000001c8000e61e0: 448b 5208 | 49bb 0000 | 000f c801 | 0000 4d03 | d34c 3bd0 

  0x000001c8000e61f4: ;   {runtime_call ic_miss_stub}
  0x000001c8000e61f4: 0f85 8687 | 4907 660f | 1f44 0000 
[Verified Entry Point]
  0x000001c8000e6200: 8984 2400 | 80ff ff55 | 4883 ec60 | 4181 7f20 | 0100 0000 

  0x000001c8000e6214: ;   {runtime_call StubRoutines (final stubs)}
  0x000001c8000e6214: 7405 e865 

  0x000001c8000e6218: ;   {metadata(method data for {method} {0x000001c850404228} 'loadClass' '(Ljava/lang/String;Z)Ljava/lang/Class;' in 'org/codehaus/plexus/classworlds/realm/ClassRealm')}
  0x000001c8000e6218: fb47 0748 | be90 5341 | 50c8 0100 | 008b becc | 0000 0083 | c702 89be | cc00 0000 | 81e7 fe07 
  0x000001c8000e6238: 0000 85ff | 0f84 3d01 

  0x000001c8000e6240: ;   {metadata(method data for {method} {0x000001c850404228} 'loadClass' '(Ljava/lang/String;Z)Ljava/lang/Class;' in 'org/codehaus/plexus/classworlds/realm/ClassRealm')}
  0x000001c8000e6240: 0000 48be | 9053 4150 | c801 0000 | ff86 2001 | 0000 488b 

  0x000001c8000e6254: ;   {metadata(method data for {method} {0x000001c850404228} 'loadClass' '(Ljava/lang/String;Z)Ljava/lang/Class;' in 'org/codehaus/plexus/classworlds/realm/ClassRealm')}
  0x000001c8000e6254: f248 bf90 | 5341 50c8 | 0100 0048 | 8387 3001 

  0x000001c8000e6264: ;   {metadata(method data for {method} {0x000001c850404338} 'unsynchronizedLoadClass' '(Ljava/lang/String;Z)Ljava/lang/Class;' in 'org/codehaus/plexus/classworlds/realm/ClassRealm')}
  0x000001c8000e6264: 0000 0148 | be20 5541 | 50c8 0100 | 008b becc | 0000 0083 | c702 89be | cc00 0000 | 81e7 feff 
  0x000001c8000e6284: 1f00 85ff | 0f84 1201 | 0000 488b 

  0x000001c8000e6290: ;   {metadata(method data for {method} {0x000001c850404338} 'unsynchronizedLoadClass' '(Ljava/lang/String;Z)Ljava/lang/Class;' in 'org/codehaus/plexus/classworlds/realm/ClassRealm')}
  0x000001c8000e6290: f248 bf20 | 5541 50c8 | 0100 0048 | 8387 1001 | 0000 0149 | 8bf0 4c8b | c648 8bfa | 488b d748 
  0x000001c8000e62b0: 8974 2448 | 4889 7c24 | 4066 0f1f 

  0x000001c8000e62bc: ;   {optimized virtual_call}
  0x000001c8000e62bc: 4400 00e8 

  0x000001c8000e62c0: ; ImmutableOopMap {[64]=Oop [72]=Oop }
                      ;*invokespecial loadClass {reexecute=0 rethrow=0 return_oop=0}
                      ; - org.codehaus.plexus.classworlds.realm.ClassRealm::unsynchronizedLoadClass@3 (line 222)
                      ; - org.codehaus.plexus.classworlds.realm.ClassRealm::loadClass@9 (line 210)
  0x000001c8000e62c0: 7101 0000 

  0x000001c8000e62c4: ;   {other}
  0x000001c8000e62c4: 0f1f 8400 | b402 0000 | 4883 c460 

  0x000001c8000e62d0: ;   {poll_return}
  0x000001c8000e62d0: 5d49 3ba7 | 5004 0000 | 0f87 e300 | 0000 c349 | 8b87 0005 | 0000 4d33 | d24d 8997 | 0005 0000 
  0x000001c8000e62f0: 4d33 d24d | 8997 0805 | 0000 8b52 | 7048 c1e2 | 0348 85d2 | 0f84 2900 

  0x000001c8000e6308: ;   {metadata('org/codehaus/plexus/classworlds/strategy/SelfFirstStrategy')}
  0x000001c8000e6308: 0000 48b8 | 782a 0010 | c801 0000 | 8b5a 0849 | ba00 0000 | 0fc8 0100 | 0049 03da | 483b 4340 
  0x000001c8000e6328: 0f85 a900 | 0000 e900 | 0000 0048 | 8bf2 483b | 0248 8bf2 

  0x000001c8000e633c: ;   {metadata(method data for {method} {0x000001c850404338} 'unsynchronizedLoadClass' '(Ljava/lang/String;Z)Ljava/lang/Class;' in 'org/codehaus/plexus/classworlds/realm/ClassRealm')}
  0x000001c8000e633c: 48bf 2055 | 4150 c801 

  0x000001c8000e6344: ;   {metadata('org/codehaus/plexus/classworlds/strategy/SelfFirstStrategy')}
  0x000001c8000e6344: 0000 49ba | 782a 0010 | c801 0000 | 4c89 9730 | 0100 0048 | 8387 3801 

  0x000001c8000e635c: ;   {optimized virtual_call}
  0x000001c8000e635c: 0000 01e8 

  0x000001c8000e6360: ; ImmutableOopMap {}
                      ;*invokeinterface loadClass {reexecute=0 rethrow=0 return_oop=0}
                      ; - org.codehaus.plexus.classworlds.realm.ClassRealm::unsynchronizedLoadClass@13 (line 225)
                      ; - org.codehaus.plexus.classworlds.realm.ClassRealm::loadClass@9 (line 210)
  0x000001c8000e6360: e100 0000 

  0x000001c8000e6364: ;   {other}
  0x000001c8000e6364: 0f1f 8400 | 5403 0001 | 4883 c460 

  0x000001c8000e6370: ;   {poll_return}
  0x000001c8000e6370: 5d49 3ba7 | 5004 0000 | 0f87 6300 

  0x000001c8000e637c: ;   {metadata({method} {0x000001c850404228} 'loadClass' '(Ljava/lang/String;Z)Ljava/lang/Class;' in 'org/codehaus/plexus/classworlds/realm/ClassRealm')}
  0x000001c8000e637c: 0000 c349 | ba20 4240 | 50c8 0100 | 004c 8954 | 2408 48c7 | 0424 ffff 

  0x000001c8000e6394: ;   {runtime_call counter_overflow Runtime1 stub}
  0x000001c8000e6394: ffff e8e5 

  0x000001c8000e6398: ; ImmutableOopMap {rdx=Oop r8=Oop }
                      ;*synchronization entry
                      ; - org.codehaus.plexus.classworlds.realm.ClassRealm::loadClass@-1 (line 209)
  0x000001c8000e6398: 7f57 07e9 | a2fe ffff 

  0x000001c8000e63a0: ;   {metadata({method} {0x000001c850404338} 'unsynchronizedLoadClass' '(Ljava/lang/String;Z)Ljava/lang/Class;' in 'org/codehaus/plexus/classworlds/realm/ClassRealm')}
  0x000001c8000e63a0: 49ba 3043 | 4050 c801 | 0000 4c89 | 5424 0848 | c704 24ff 

  0x000001c8000e63b4: ;   {runtime_call counter_overflow Runtime1 stub}
  0x000001c8000e63b4: ffff ffe8 

  0x000001c8000e63b8: ; ImmutableOopMap {rdx=Oop r8=Oop }
                      ;*synchronization entry
                      ; - org.codehaus.plexus.classworlds.realm.ClassRealm::unsynchronizedLoadClass@-1 (line 222)
                      ; - org.codehaus.plexus.classworlds.realm.ClassRealm::loadClass@9 (line 210)
  0x000001c8000e63b8: c47f 5707 | e9cd feff 

  0x000001c8000e63c0: ;   {internal_word}
  0x000001c8000e63c0: ff49 bad1 | 620e 00c8 | 0100 004d | 8997 6804 

  0x000001c8000e63d0: ;   {runtime_call SafepointBlob}
  0x000001c8000e63d0: 0000 e9a9 

  0x000001c8000e63d4: ;   {runtime_call throw_incompatible_class_change_error Runtime1 stub}
  0x000001c8000e63d4: 074a 07e8 

  0x000001c8000e63d8: ; ImmutableOopMap {r8=Oop rdx=Oop }
                      ;*invokeinterface loadClass {reexecute=0 rethrow=0 return_oop=0}
                      ; - org.codehaus.plexus.classworlds.realm.ClassRealm::unsynchronizedLoadClass@13 (line 225)
                      ; - org.codehaus.plexus.classworlds.realm.ClassRealm::loadClass@9 (line 210)
  0x000001c8000e63d8: 444c 5707 

  0x000001c8000e63dc: ;   {runtime_call throw_null_pointer_exception Runtime1 stub}
  0x000001c8000e63dc: e83f 1d57 

  0x000001c8000e63e0: ; ImmutableOopMap {r8=Oop rdx=Oop }
                      ;*invokeinterface loadClass {reexecute=0 rethrow=0 return_oop=0}
                      ; - org.codehaus.plexus.classworlds.realm.ClassRealm::unsynchronizedLoadClass@13 (line 225)
                      ; - org.codehaus.plexus.classworlds.realm.ClassRealm::loadClass@9 (line 210)
                      ;   {internal_word}
  0x000001c8000e63e0: 0749 ba71 | 630e 00c8 | 0100 004d | 8997 6804 

  0x000001c8000e63f0: ;   {runtime_call SafepointBlob}
  0x000001c8000e63f0: 0000 e989 | 074a 074c | 8b44 2448 | 488b 5424 | 40e9 d9fe | ffff 498b | 8700 0500 | 0049 c787 
  0x000001c8000e6410: 0005 0000 | 0000 0000 | 49c7 8708 | 0500 0000 | 0000 0048 | 83c4 605d 

  0x000001c8000e6428: ;   {runtime_call unwind_exception Runtime1 stub}
  0x000001c8000e6428: e953 fc56 | 07f4 f4f4 
[Stub Code]
  0x000001c8000e6430: ;   {no_reloc}
  0x000001c8000e6430: 0f1f 4400 

  0x000001c8000e6434: ;   {static_stub}
  0x000001c8000e6434: 0048 bb90 | 3e01 0fc8 

  0x000001c8000e643c: ;   {runtime_call I2C/C2I adapters}
  0x000001c8000e643c: 0100 00e9 | 4716 4907 

  0x000001c8000e6444: ;   {static_stub}
  0x000001c8000e6444: 9048 bba0 | f040 50c8 

  0x000001c8000e644c: ;   {runtime_call I2C/C2I adapters}
  0x000001c8000e644c: 0100 00e9 | b3ea 4907 
[Exception Handler]
  0x000001c8000e6454: ;   {runtime_call handle_exception_from_callee Runtime1 stub}
  0x000001c8000e6454: e8a7 4257 

  0x000001c8000e6458: ;   {external_word}
  0x000001c8000e6458: 0748 b910 | f978 caf9 | 7f00 0048 

  0x000001c8000e6464: ;   {runtime_call}
  0x000001c8000e6464: 83e4 f048 | b840 8840 | caf9 7f00 | 00ff d0f4 
[Deopt Handler Code]
  0x000001c8000e6474: ;   {section_word}
  0x000001c8000e6474: 49ba 7464 | 0e00 c801 | 0000 4152 

  0x000001c8000e6480: ;   {runtime_call DeoptimizationBlob}
  0x000001c8000e6480: e99b 1b4a | 07f4 f4f4 
[/MachCode]


---------------  P R O C E S S  ---------------

Threads class SMR info:
_java_thread_list=0x000001c8541b4040, length=12, elements={
0x000001c86d9f0190, 0x000001c87fc57090, 0x000001c87fc58160, 0x000001c87fc5c330,
0x000001c87fc5feb0, 0x000001c87fc60ac0, 0x000001c87fc61520, 0x000001c87fc64470,
0x000001c87fc65830, 0x000001c8541866f0, 0x000001c854187d70, 0x000001c8543fe830
}

Java Threads: ( => current thread )
=>0x000001c86d9f0190 JavaThread "main"                              [_thread_in_vm, id=6940, stack(0x0000004339400000,0x0000004339500000) (1024K)]
  0x000001c87fc57090 JavaThread "Reference Handler"          daemon [_thread_blocked, id=19384, stack(0x0000004339c00000,0x0000004339d00000) (1024K)]
  0x000001c87fc58160 JavaThread "Finalizer"                  daemon [_thread_blocked, id=2188, stack(0x0000004339d00000,0x0000004339e00000) (1024K)]
  0x000001c87fc5c330 JavaThread "Signal Dispatcher"          daemon [_thread_blocked, id=13960, stack(0x0000004339e00000,0x0000004339f00000) (1024K)]
  0x000001c87fc5feb0 JavaThread "Attach Listener"            daemon [_thread_blocked, id=15888, stack(0x0000004339f00000,0x000000433a000000) (1024K)]
  0x000001c87fc60ac0 JavaThread "Service Thread"             daemon [_thread_blocked, id=904, stack(0x000000433a000000,0x000000433a100000) (1024K)]
  0x000001c87fc61520 JavaThread "Monitor Deflation Thread"   daemon [_thread_blocked, id=15884, stack(0x000000433a100000,0x000000433a200000) (1024K)]
  0x000001c87fc64470 JavaThread "C2 CompilerThread0"         daemon [_thread_blocked, id=15520, stack(0x000000433a200000,0x000000433a300000) (1024K)]
  0x000001c87fc65830 JavaThread "C1 CompilerThread0"         daemon [_thread_blocked, id=17380, stack(0x000000433a300000,0x000000433a400000) (1024K)]
  0x000001c8541866f0 JavaThread "Notification Thread"        daemon [_thread_blocked, id=19140, stack(0x000000433a400000,0x000000433a500000) (1024K)]
  0x000001c854187d70 JavaThread "Common-Cleaner"             daemon [_thread_blocked, id=6164, stack(0x000000433a500000,0x000000433a600000) (1024K)]
  0x000001c8543fe830 JavaThread "C2 CompilerThread1"         daemon [_thread_blocked, id=16852, stack(0x000000433a600000,0x000000433a700000) (1024K)]
Total: 12

Other Threads:
  0x000001c87fc39c60 VMThread "VM Thread"                           [id=4700, stack(0x0000004339b00000,0x0000004339c00000) (1024K)]
  0x000001c87fc298b0 WatcherThread "VM Periodic Task Thread"        [id=14344, stack(0x0000004339a00000,0x0000004339b00000) (1024K)]
  0x000001c86dcaf500 WorkerThread "GC Thread#0"                     [id=5660, stack(0x0000004339500000,0x0000004339600000) (1024K)]
  0x000001c86dcc0090 ConcurrentGCThread "G1 Main Marker"            [id=19136, stack(0x0000004339600000,0x0000004339700000) (1024K)]
  0x000001c86dcc0ab0 WorkerThread "G1 Conc#0"                       [id=4676, stack(0x0000004339700000,0x0000004339800000) (1024K)]
  0x000001c86dd0e940 ConcurrentGCThread "G1 Refine#0"               [id=7580, stack(0x0000004339800000,0x0000004339900000) (1024K)]
  0x000001c87fafba00 ConcurrentGCThread "G1 Service"                [id=4492, stack(0x0000004339900000,0x0000004339a00000) (1024K)]
Total: 7

Threads with active compile tasks:
Total: 0

VM state: not at safepoint (normal execution)

VM Mutex/Monitor currently owned by a thread:  ([mutex/lock_event])
[0x00007ff9caa27f10] Metaspace_lock - owner thread: 0x000001c86d9f0190

Heap address: 0x0000000703600000, size: 4042 MB, Compressed Oops mode: Zero based, Oop shift amount: 3

CDS archive(s) mapped at: [0x000001c80f000000-0x000001c80fc90000-0x000001c80fc90000), size 13172736, SharedBaseAddress: 0x000001c80f000000, ArchiveRelocationMode: 1.
Compressed class space mapped at: 0x000001c810000000-0x000001c850000000, reserved size: 1073741824
Narrow klass base: 0x000001c80f000000, Narrow klass shift: 0, Narrow klass range: 0x100000000

GC Precious Log:
 CardTable entry size: 512
 Card Set container configuration: InlinePtr #cards 4 size 8 Array Of Cards #cards 16 size 48 Howl #buckets 8 coarsen threshold 3686 Howl Bitmap #cards 512 size 80 coarsen threshold 460 Card regions per heap region 1 cards per card region 4096
 CPUs: 8 total, 8 available
 Memory: 16167M
 Large Page Support: Disabled
 NUMA Support: Disabled
 Compressed Oops: Enabled (Zero based)
 Heap Region Size: 2M
 Heap Min Capacity: 8M
 Heap Initial Capacity: 254M
 Heap Max Capacity: 4042M
 Pre-touch: Disabled
 Parallel Workers: 8
 Concurrent Workers: 2
 Concurrent Refinement Workers: 8
 Periodic GC: Disabled

Heap:
 garbage-first heap   total 260096K, used 10240K [0x0000000703600000, 0x0000000800000000)
  region size 2048K, 6 young (12288K), 0 survivors (0K)
 Metaspace       used 2761K, committed 2880K, reserved 1114112K
  class space    used 263K, committed 320K, reserved 1048576K

Heap Regions: E=young(eden), S=young(survivor), O=old, HS=humongous(starts), HC=humongous(continues), CS=collection set, F=free, TAMS=top-at-mark-start, PB=parsable bottom
|   0|0x0000000703600000, 0x0000000703600000, 0x0000000703800000|  0%| F|  |TAMS 0x0000000703600000| PB 0x0000000703600000| Untracked 
|   1|0x0000000703800000, 0x0000000703800000, 0x0000000703a00000|  0%| F|  |TAMS 0x0000000703800000| PB 0x0000000703800000| Untracked 
|   2|0x0000000703a00000, 0x0000000703a00000, 0x0000000703c00000|  0%| F|  |TAMS 0x0000000703a00000| PB 0x0000000703a00000| Untracked 
|   3|0x0000000703c00000, 0x0000000703c00000, 0x0000000703e00000|  0%| F|  |TAMS 0x0000000703c00000| PB 0x0000000703c00000| Untracked 
|   4|0x0000000703e00000, 0x0000000703e00000, 0x0000000704000000|  0%| F|  |TAMS 0x0000000703e00000| PB 0x0000000703e00000| Untracked 
|   5|0x0000000704000000, 0x0000000704000000, 0x0000000704200000|  0%| F|  |TAMS 0x0000000704000000| PB 0x0000000704000000| Untracked 
|   6|0x0000000704200000, 0x0000000704200000, 0x0000000704400000|  0%| F|  |TAMS 0x0000000704200000| PB 0x0000000704200000| Untracked 
|   7|0x0000000704400000, 0x0000000704400000, 0x0000000704600000|  0%| F|  |TAMS 0x0000000704400000| PB 0x0000000704400000| Untracked 
|   8|0x0000000704600000, 0x0000000704600000, 0x0000000704800000|  0%| F|  |TAMS 0x0000000704600000| PB 0x0000000704600000| Untracked 
|   9|0x0000000704800000, 0x0000000704800000, 0x0000000704a00000|  0%| F|  |TAMS 0x0000000704800000| PB 0x0000000704800000| Untracked 
|  10|0x0000000704a00000, 0x0000000704a00000, 0x0000000704c00000|  0%| F|  |TAMS 0x0000000704a00000| PB 0x0000000704a00000| Untracked 
|  11|0x0000000704c00000, 0x0000000704c00000, 0x0000000704e00000|  0%| F|  |TAMS 0x0000000704c00000| PB 0x0000000704c00000| Untracked 
|  12|0x0000000704e00000, 0x0000000704e00000, 0x0000000705000000|  0%| F|  |TAMS 0x0000000704e00000| PB 0x0000000704e00000| Untracked 
|  13|0x0000000705000000, 0x0000000705000000, 0x0000000705200000|  0%| F|  |TAMS 0x0000000705000000| PB 0x0000000705000000| Untracked 
|  14|0x0000000705200000, 0x0000000705200000, 0x0000000705400000|  0%| F|  |TAMS 0x0000000705200000| PB 0x0000000705200000| Untracked 
|  15|0x0000000705400000, 0x0000000705400000, 0x0000000705600000|  0%| F|  |TAMS 0x0000000705400000| PB 0x0000000705400000| Untracked 
|  16|0x0000000705600000, 0x0000000705600000, 0x0000000705800000|  0%| F|  |TAMS 0x0000000705600000| PB 0x0000000705600000| Untracked 
|  17|0x0000000705800000, 0x0000000705800000, 0x0000000705a00000|  0%| F|  |TAMS 0x0000000705800000| PB 0x0000000705800000| Untracked 
|  18|0x0000000705a00000, 0x0000000705a00000, 0x0000000705c00000|  0%| F|  |TAMS 0x0000000705a00000| PB 0x0000000705a00000| Untracked 
|  19|0x0000000705c00000, 0x0000000705c00000, 0x0000000705e00000|  0%| F|  |TAMS 0x0000000705c00000| PB 0x0000000705c00000| Untracked 
|  20|0x0000000705e00000, 0x0000000705e00000, 0x0000000706000000|  0%| F|  |TAMS 0x0000000705e00000| PB 0x0000000705e00000| Untracked 
|  21|0x0000000706000000, 0x0000000706000000, 0x0000000706200000|  0%| F|  |TAMS 0x0000000706000000| PB 0x0000000706000000| Untracked 
|  22|0x0000000706200000, 0x0000000706200000, 0x0000000706400000|  0%| F|  |TAMS 0x0000000706200000| PB 0x0000000706200000| Untracked 
|  23|0x0000000706400000, 0x0000000706400000, 0x0000000706600000|  0%| F|  |TAMS 0x0000000706400000| PB 0x0000000706400000| Untracked 
|  24|0x0000000706600000, 0x0000000706600000, 0x0000000706800000|  0%| F|  |TAMS 0x0000000706600000| PB 0x0000000706600000| Untracked 
|  25|0x0000000706800000, 0x0000000706800000, 0x0000000706a00000|  0%| F|  |TAMS 0x0000000706800000| PB 0x0000000706800000| Untracked 
|  26|0x0000000706a00000, 0x0000000706a00000, 0x0000000706c00000|  0%| F|  |TAMS 0x0000000706a00000| PB 0x0000000706a00000| Untracked 
|  27|0x0000000706c00000, 0x0000000706c00000, 0x0000000706e00000|  0%| F|  |TAMS 0x0000000706c00000| PB 0x0000000706c00000| Untracked 
|  28|0x0000000706e00000, 0x0000000706e00000, 0x0000000707000000|  0%| F|  |TAMS 0x0000000706e00000| PB 0x0000000706e00000| Untracked 
|  29|0x0000000707000000, 0x0000000707000000, 0x0000000707200000|  0%| F|  |TAMS 0x0000000707000000| PB 0x0000000707000000| Untracked 
|  30|0x0000000707200000, 0x0000000707200000, 0x0000000707400000|  0%| F|  |TAMS 0x0000000707200000| PB 0x0000000707200000| Untracked 
|  31|0x0000000707400000, 0x0000000707400000, 0x0000000707600000|  0%| F|  |TAMS 0x0000000707400000| PB 0x0000000707400000| Untracked 
|  32|0x0000000707600000, 0x0000000707600000, 0x0000000707800000|  0%| F|  |TAMS 0x0000000707600000| PB 0x0000000707600000| Untracked 
|  33|0x0000000707800000, 0x0000000707800000, 0x0000000707a00000|  0%| F|  |TAMS 0x0000000707800000| PB 0x0000000707800000| Untracked 
|  34|0x0000000707a00000, 0x0000000707a00000, 0x0000000707c00000|  0%| F|  |TAMS 0x0000000707a00000| PB 0x0000000707a00000| Untracked 
|  35|0x0000000707c00000, 0x0000000707c00000, 0x0000000707e00000|  0%| F|  |TAMS 0x0000000707c00000| PB 0x0000000707c00000| Untracked 
|  36|0x0000000707e00000, 0x0000000707e00000, 0x0000000708000000|  0%| F|  |TAMS 0x0000000707e00000| PB 0x0000000707e00000| Untracked 
|  37|0x0000000708000000, 0x0000000708000000, 0x0000000708200000|  0%| F|  |TAMS 0x0000000708000000| PB 0x0000000708000000| Untracked 
|  38|0x0000000708200000, 0x0000000708200000, 0x0000000708400000|  0%| F|  |TAMS 0x0000000708200000| PB 0x0000000708200000| Untracked 
|  39|0x0000000708400000, 0x0000000708400000, 0x0000000708600000|  0%| F|  |TAMS 0x0000000708400000| PB 0x0000000708400000| Untracked 
|  40|0x0000000708600000, 0x0000000708600000, 0x0000000708800000|  0%| F|  |TAMS 0x0000000708600000| PB 0x0000000708600000| Untracked 
|  41|0x0000000708800000, 0x0000000708800000, 0x0000000708a00000|  0%| F|  |TAMS 0x0000000708800000| PB 0x0000000708800000| Untracked 
|  42|0x0000000708a00000, 0x0000000708a00000, 0x0000000708c00000|  0%| F|  |TAMS 0x0000000708a00000| PB 0x0000000708a00000| Untracked 
|  43|0x0000000708c00000, 0x0000000708c00000, 0x0000000708e00000|  0%| F|  |TAMS 0x0000000708c00000| PB 0x0000000708c00000| Untracked 
|  44|0x0000000708e00000, 0x0000000708e00000, 0x0000000709000000|  0%| F|  |TAMS 0x0000000708e00000| PB 0x0000000708e00000| Untracked 
|  45|0x0000000709000000, 0x0000000709000000, 0x0000000709200000|  0%| F|  |TAMS 0x0000000709000000| PB 0x0000000709000000| Untracked 
|  46|0x0000000709200000, 0x0000000709200000, 0x0000000709400000|  0%| F|  |TAMS 0x0000000709200000| PB 0x0000000709200000| Untracked 
|  47|0x0000000709400000, 0x0000000709400000, 0x0000000709600000|  0%| F|  |TAMS 0x0000000709400000| PB 0x0000000709400000| Untracked 
|  48|0x0000000709600000, 0x0000000709600000, 0x0000000709800000|  0%| F|  |TAMS 0x0000000709600000| PB 0x0000000709600000| Untracked 
|  49|0x0000000709800000, 0x0000000709800000, 0x0000000709a00000|  0%| F|  |TAMS 0x0000000709800000| PB 0x0000000709800000| Untracked 
|  50|0x0000000709a00000, 0x0000000709a00000, 0x0000000709c00000|  0%| F|  |TAMS 0x0000000709a00000| PB 0x0000000709a00000| Untracked 
|  51|0x0000000709c00000, 0x0000000709c00000, 0x0000000709e00000|  0%| F|  |TAMS 0x0000000709c00000| PB 0x0000000709c00000| Untracked 
|  52|0x0000000709e00000, 0x0000000709e00000, 0x000000070a000000|  0%| F|  |TAMS 0x0000000709e00000| PB 0x0000000709e00000| Untracked 
|  53|0x000000070a000000, 0x000000070a000000, 0x000000070a200000|  0%| F|  |TAMS 0x000000070a000000| PB 0x000000070a000000| Untracked 
|  54|0x000000070a200000, 0x000000070a200000, 0x000000070a400000|  0%| F|  |TAMS 0x000000070a200000| PB 0x000000070a200000| Untracked 
|  55|0x000000070a400000, 0x000000070a400000, 0x000000070a600000|  0%| F|  |TAMS 0x000000070a400000| PB 0x000000070a400000| Untracked 
|  56|0x000000070a600000, 0x000000070a600000, 0x000000070a800000|  0%| F|  |TAMS 0x000000070a600000| PB 0x000000070a600000| Untracked 
|  57|0x000000070a800000, 0x000000070a800000, 0x000000070aa00000|  0%| F|  |TAMS 0x000000070a800000| PB 0x000000070a800000| Untracked 
|  58|0x000000070aa00000, 0x000000070aa00000, 0x000000070ac00000|  0%| F|  |TAMS 0x000000070aa00000| PB 0x000000070aa00000| Untracked 
|  59|0x000000070ac00000, 0x000000070ac00000, 0x000000070ae00000|  0%| F|  |TAMS 0x000000070ac00000| PB 0x000000070ac00000| Untracked 
|  60|0x000000070ae00000, 0x000000070ae00000, 0x000000070b000000|  0%| F|  |TAMS 0x000000070ae00000| PB 0x000000070ae00000| Untracked 
|  61|0x000000070b000000, 0x000000070b000000, 0x000000070b200000|  0%| F|  |TAMS 0x000000070b000000| PB 0x000000070b000000| Untracked 
|  62|0x000000070b200000, 0x000000070b200000, 0x000000070b400000|  0%| F|  |TAMS 0x000000070b200000| PB 0x000000070b200000| Untracked 
|  63|0x000000070b400000, 0x000000070b400000, 0x000000070b600000|  0%| F|  |TAMS 0x000000070b400000| PB 0x000000070b400000| Untracked 
|  64|0x000000070b600000, 0x000000070b600000, 0x000000070b800000|  0%| F|  |TAMS 0x000000070b600000| PB 0x000000070b600000| Untracked 
|  65|0x000000070b800000, 0x000000070b800000, 0x000000070ba00000|  0%| F|  |TAMS 0x000000070b800000| PB 0x000000070b800000| Untracked 
|  66|0x000000070ba00000, 0x000000070ba00000, 0x000000070bc00000|  0%| F|  |TAMS 0x000000070ba00000| PB 0x000000070ba00000| Untracked 
|  67|0x000000070bc00000, 0x000000070bc00000, 0x000000070be00000|  0%| F|  |TAMS 0x000000070bc00000| PB 0x000000070bc00000| Untracked 
|  68|0x000000070be00000, 0x000000070be00000, 0x000000070c000000|  0%| F|  |TAMS 0x000000070be00000| PB 0x000000070be00000| Untracked 
|  69|0x000000070c000000, 0x000000070c000000, 0x000000070c200000|  0%| F|  |TAMS 0x000000070c000000| PB 0x000000070c000000| Untracked 
|  70|0x000000070c200000, 0x000000070c200000, 0x000000070c400000|  0%| F|  |TAMS 0x000000070c200000| PB 0x000000070c200000| Untracked 
|  71|0x000000070c400000, 0x000000070c400000, 0x000000070c600000|  0%| F|  |TAMS 0x000000070c400000| PB 0x000000070c400000| Untracked 
|  72|0x000000070c600000, 0x000000070c600000, 0x000000070c800000|  0%| F|  |TAMS 0x000000070c600000| PB 0x000000070c600000| Untracked 
|  73|0x000000070c800000, 0x000000070c800000, 0x000000070ca00000|  0%| F|  |TAMS 0x000000070c800000| PB 0x000000070c800000| Untracked 
|  74|0x000000070ca00000, 0x000000070ca00000, 0x000000070cc00000|  0%| F|  |TAMS 0x000000070ca00000| PB 0x000000070ca00000| Untracked 
|  75|0x000000070cc00000, 0x000000070cc00000, 0x000000070ce00000|  0%| F|  |TAMS 0x000000070cc00000| PB 0x000000070cc00000| Untracked 
|  76|0x000000070ce00000, 0x000000070ce00000, 0x000000070d000000|  0%| F|  |TAMS 0x000000070ce00000| PB 0x000000070ce00000| Untracked 
|  77|0x000000070d000000, 0x000000070d000000, 0x000000070d200000|  0%| F|  |TAMS 0x000000070d000000| PB 0x000000070d000000| Untracked 
|  78|0x000000070d200000, 0x000000070d200000, 0x000000070d400000|  0%| F|  |TAMS 0x000000070d200000| PB 0x000000070d200000| Untracked 
|  79|0x000000070d400000, 0x000000070d400000, 0x000000070d600000|  0%| F|  |TAMS 0x000000070d400000| PB 0x000000070d400000| Untracked 
|  80|0x000000070d600000, 0x000000070d600000, 0x000000070d800000|  0%| F|  |TAMS 0x000000070d600000| PB 0x000000070d600000| Untracked 
|  81|0x000000070d800000, 0x000000070d800000, 0x000000070da00000|  0%| F|  |TAMS 0x000000070d800000| PB 0x000000070d800000| Untracked 
|  82|0x000000070da00000, 0x000000070da00000, 0x000000070dc00000|  0%| F|  |TAMS 0x000000070da00000| PB 0x000000070da00000| Untracked 
|  83|0x000000070dc00000, 0x000000070dc00000, 0x000000070de00000|  0%| F|  |TAMS 0x000000070dc00000| PB 0x000000070dc00000| Untracked 
|  84|0x000000070de00000, 0x000000070de00000, 0x000000070e000000|  0%| F|  |TAMS 0x000000070de00000| PB 0x000000070de00000| Untracked 
|  85|0x000000070e000000, 0x000000070e000000, 0x000000070e200000|  0%| F|  |TAMS 0x000000070e000000| PB 0x000000070e000000| Untracked 
|  86|0x000000070e200000, 0x000000070e200000, 0x000000070e400000|  0%| F|  |TAMS 0x000000070e200000| PB 0x000000070e200000| Untracked 
|  87|0x000000070e400000, 0x000000070e400000, 0x000000070e600000|  0%| F|  |TAMS 0x000000070e400000| PB 0x000000070e400000| Untracked 
|  88|0x000000070e600000, 0x000000070e600000, 0x000000070e800000|  0%| F|  |TAMS 0x000000070e600000| PB 0x000000070e600000| Untracked 
|  89|0x000000070e800000, 0x000000070e800000, 0x000000070ea00000|  0%| F|  |TAMS 0x000000070e800000| PB 0x000000070e800000| Untracked 
|  90|0x000000070ea00000, 0x000000070ea00000, 0x000000070ec00000|  0%| F|  |TAMS 0x000000070ea00000| PB 0x000000070ea00000| Untracked 
|  91|0x000000070ec00000, 0x000000070ec00000, 0x000000070ee00000|  0%| F|  |TAMS 0x000000070ec00000| PB 0x000000070ec00000| Untracked 
|  92|0x000000070ee00000, 0x000000070ee00000, 0x000000070f000000|  0%| F|  |TAMS 0x000000070ee00000| PB 0x000000070ee00000| Untracked 
|  93|0x000000070f000000, 0x000000070f000000, 0x000000070f200000|  0%| F|  |TAMS 0x000000070f000000| PB 0x000000070f000000| Untracked 
|  94|0x000000070f200000, 0x000000070f200000, 0x000000070f400000|  0%| F|  |TAMS 0x000000070f200000| PB 0x000000070f200000| Untracked 
|  95|0x000000070f400000, 0x000000070f400000, 0x000000070f600000|  0%| F|  |TAMS 0x000000070f400000| PB 0x000000070f400000| Untracked 
|  96|0x000000070f600000, 0x000000070f600000, 0x000000070f800000|  0%| F|  |TAMS 0x000000070f600000| PB 0x000000070f600000| Untracked 
|  97|0x000000070f800000, 0x000000070f800000, 0x000000070fa00000|  0%| F|  |TAMS 0x000000070f800000| PB 0x000000070f800000| Untracked 
|  98|0x000000070fa00000, 0x000000070fa00000, 0x000000070fc00000|  0%| F|  |TAMS 0x000000070fa00000| PB 0x000000070fa00000| Untracked 
|  99|0x000000070fc00000, 0x000000070fc00000, 0x000000070fe00000|  0%| F|  |TAMS 0x000000070fc00000| PB 0x000000070fc00000| Untracked 
| 100|0x000000070fe00000, 0x000000070fe00000, 0x0000000710000000|  0%| F|  |TAMS 0x000000070fe00000| PB 0x000000070fe00000| Untracked 
| 101|0x0000000710000000, 0x0000000710000000, 0x0000000710200000|  0%| F|  |TAMS 0x0000000710000000| PB 0x0000000710000000| Untracked 
| 102|0x0000000710200000, 0x0000000710200000, 0x0000000710400000|  0%| F|  |TAMS 0x0000000710200000| PB 0x0000000710200000| Untracked 
| 103|0x0000000710400000, 0x0000000710400000, 0x0000000710600000|  0%| F|  |TAMS 0x0000000710400000| PB 0x0000000710400000| Untracked 
| 104|0x0000000710600000, 0x0000000710600000, 0x0000000710800000|  0%| F|  |TAMS 0x0000000710600000| PB 0x0000000710600000| Untracked 
| 105|0x0000000710800000, 0x0000000710800000, 0x0000000710a00000|  0%| F|  |TAMS 0x0000000710800000| PB 0x0000000710800000| Untracked 
| 106|0x0000000710a00000, 0x0000000710a00000, 0x0000000710c00000|  0%| F|  |TAMS 0x0000000710a00000| PB 0x0000000710a00000| Untracked 
| 107|0x0000000710c00000, 0x0000000710c00000, 0x0000000710e00000|  0%| F|  |TAMS 0x0000000710c00000| PB 0x0000000710c00000| Untracked 
| 108|0x0000000710e00000, 0x0000000710e00000, 0x0000000711000000|  0%| F|  |TAMS 0x0000000710e00000| PB 0x0000000710e00000| Untracked 
| 109|0x0000000711000000, 0x0000000711000000, 0x0000000711200000|  0%| F|  |TAMS 0x0000000711000000| PB 0x0000000711000000| Untracked 
| 110|0x0000000711200000, 0x0000000711200000, 0x0000000711400000|  0%| F|  |TAMS 0x0000000711200000| PB 0x0000000711200000| Untracked 
| 111|0x0000000711400000, 0x0000000711400000, 0x0000000711600000|  0%| F|  |TAMS 0x0000000711400000| PB 0x0000000711400000| Untracked 
| 112|0x0000000711600000, 0x0000000711600000, 0x0000000711800000|  0%| F|  |TAMS 0x0000000711600000| PB 0x0000000711600000| Untracked 
| 113|0x0000000711800000, 0x0000000711800000, 0x0000000711a00000|  0%| F|  |TAMS 0x0000000711800000| PB 0x0000000711800000| Untracked 
| 114|0x0000000711a00000, 0x0000000711a00000, 0x0000000711c00000|  0%| F|  |TAMS 0x0000000711a00000| PB 0x0000000711a00000| Untracked 
| 115|0x0000000711c00000, 0x0000000711c00000, 0x0000000711e00000|  0%| F|  |TAMS 0x0000000711c00000| PB 0x0000000711c00000| Untracked 
| 116|0x0000000711e00000, 0x0000000711e00000, 0x0000000712000000|  0%| F|  |TAMS 0x0000000711e00000| PB 0x0000000711e00000| Untracked 
| 117|0x0000000712000000, 0x0000000712000000, 0x0000000712200000|  0%| F|  |TAMS 0x0000000712000000| PB 0x0000000712000000| Untracked 
| 118|0x0000000712200000, 0x0000000712200000, 0x0000000712400000|  0%| F|  |TAMS 0x0000000712200000| PB 0x0000000712200000| Untracked 
| 119|0x0000000712400000, 0x0000000712400000, 0x0000000712600000|  0%| F|  |TAMS 0x0000000712400000| PB 0x0000000712400000| Untracked 
| 120|0x0000000712600000, 0x0000000712600000, 0x0000000712800000|  0%| F|  |TAMS 0x0000000712600000| PB 0x0000000712600000| Untracked 
| 121|0x0000000712800000, 0x00000007128e14b8, 0x0000000712a00000| 44%| E|  |TAMS 0x0000000712800000| PB 0x0000000712800000| Complete 
| 122|0x0000000712a00000, 0x0000000712c00000, 0x0000000712c00000|100%| E|CS|TAMS 0x0000000712a00000| PB 0x0000000712a00000| Complete 
| 123|0x0000000712c00000, 0x0000000712e00000, 0x0000000712e00000|100%| E|CS|TAMS 0x0000000712c00000| PB 0x0000000712c00000| Complete 
| 124|0x0000000712e00000, 0x0000000713000000, 0x0000000713000000|100%| E|CS|TAMS 0x0000000712e00000| PB 0x0000000712e00000| Complete 
| 125|0x0000000713000000, 0x0000000713200000, 0x0000000713200000|100%| E|CS|TAMS 0x0000000713000000| PB 0x0000000713000000| Complete 
| 126|0x0000000713200000, 0x0000000713400000, 0x0000000713400000|100%| E|CS|TAMS 0x0000000713200000| PB 0x0000000713200000| Complete 

Card table byte_map: [0x000001c878b50000,0x000001c879340000] _byte_map_base: 0x000001c875335000

Marking Bits: (CMBitMap*) 0x000001c86dcafb20
 Bits: [0x000001c879340000, 0x000001c87d268000)

Polling page: 0x000001c86dd10000

Metaspace:

Usage:
  Non-class:      2.44 MB used.
      Class:    263.84 KB used.
       Both:      2.70 MB used.

Virtual space:
  Non-class space:       64.00 MB reserved,       2.50 MB (  4%) committed,  1 nodes.
      Class space:        1.00 GB reserved,     320.00 KB ( <1%) committed,  1 nodes.
             Both:        1.06 GB reserved,       2.81 MB ( <1%) committed. 

Chunk freelists:
   Non-Class:  10.92 MB
       Class:  15.59 MB
        Both:  26.51 MB

MaxMetaspaceSize: unlimited
CompressedClassSpaceSize: 1.00 GB
Initial GC threshold: 21.00 MB
Current GC threshold: 21.00 MB
CDS: on
 - commit_granule_bytes: 65536.
 - commit_granule_words: 8192.
 - virtual_space_node_default_size: 8388608.
 - enlarge_chunks_in_place: 1.
 - use_allocation_guard: 0.


Internal statistics:

num_allocs_failed_limit: 0.
num_arena_births: 50.
num_arena_deaths: 0.
num_vsnodes_births: 2.
num_vsnodes_deaths: 0.
num_space_committed: 45.
num_space_uncommitted: 0.
num_chunks_returned_to_freelist: 0.
num_chunks_taken_from_freelist: 120.
num_chunk_merges: 0.
num_chunk_splits: 70.
num_chunks_enlarged: 52.
num_inconsistent_stats: 0.

CodeHeap 'non-profiled nmethods': size=120000Kb used=264Kb max_used=264Kb free=119735Kb
 bounds [0x000001c807ad0000, 0x000001c807d40000, 0x000001c80f000000]
CodeHeap 'profiled nmethods': size=120000Kb used=1376Kb max_used=1376Kb free=118623Kb
 bounds [0x000001c800000000, 0x000001c800270000, 0x000001c807530000]
CodeHeap 'non-nmethods': size=5760Kb used=1469Kb max_used=1486Kb free=4290Kb
 bounds [0x000001c807530000, 0x000001c8077a0000, 0x000001c807ad0000]
 total_blobs=1215 nmethods=767 adapters=353
 compilation: enabled
              stopped_count=0, restarted_count=0
 full_count=0

Compilation events (20 events):
Event: 0.557 Thread 0x000001c87fc65830 nmethod 741 0x000001c80013e910 code [0x000001c80013eae0, 0x000001c80013edc8]
Event: 0.557 Thread 0x000001c87fc65830  737       3       sun.util.locale.LocaleObjectCache::normalizeKey (2 bytes)
Event: 0.557 Thread 0x000001c87fc65830 nmethod 737 0x000001c80013ef10 code [0x000001c80013f0a0, 0x000001c80013f1b0]
Event: 0.557 Thread 0x000001c87fc65830  740       3       sun.util.locale.LanguageTag::isRegion (36 bytes)
Event: 0.558 Thread 0x000001c87fc64470 nmethod 758 0x000001c807b10690 code [0x000001c807b10820, 0x000001c807b10908]
Event: 0.559 Thread 0x000001c87fc65830 nmethod 740 0x000001c80013f210 code [0x000001c80013f520, 0x000001c800140870]
Event: 0.559 Thread 0x000001c87fc65830  757       1       java.lang.invoke.MethodHandles$Lookup::previousLookupClass (5 bytes)
Event: 0.559 Thread 0x000001c87fc65830 nmethod 757 0x000001c807b10a10 code [0x000001c807b10ba0, 0x000001c807b10c70]
Event: 0.559 Thread 0x000001c87fc65830  759       3       java.lang.AbstractStringBuilder::isLatin1 (19 bytes)
Event: 0.559 Thread 0x000001c87fc65830 nmethod 759 0x000001c800140f10 code [0x000001c8001410c0, 0x000001c800141238]
Event: 0.561 Thread 0x000001c8543fe830  760       4       java.util.jar.JarFile::getEntry (35 bytes)
Event: 0.561 Thread 0x000001c87fc65830  761   !   3       java.util.zip.ZipFile::getInputStream (275 bytes)
Event: 0.562 Thread 0x000001c87fc65830 nmethod 761 0x000001c800141310 code [0x000001c800141620, 0x000001c8001427e8]
Event: 0.562 Thread 0x000001c87fc65830  762       3       java.util.zip.ZipFile$ZipFileInputStream::<init> (96 bytes)
Event: 0.563 Thread 0x000001c87fc65830 nmethod 762 0x000001c800143290 code [0x000001c8001434e0, 0x000001c800143f20]
Event: 0.563 Thread 0x000001c87fc65830  763       3       java.util.zip.ZipUtils::CENOFF (9 bytes)
Event: 0.563 Thread 0x000001c87fc65830 nmethod 763 0x000001c800144390 code [0x000001c800144540, 0x000001c800144818]
Event: 0.563 Thread 0x000001c87fc65830  764       3       sun.net.www.protocol.file.Handler::parseURL (18 bytes)
Event: 0.564 Thread 0x000001c87fc65830 nmethod 764 0x000001c800144990 code [0x000001c800144b40, 0x000001c800144d00]
Event: 0.564 Thread 0x000001c87fc65830  765       3       java.net.URLStreamHandler::parseURL (1124 bytes)

GC Heap History (0 events):
No events

Dll operation events (8 events):
Event: 0.013 Loaded shared library C:\Program Files\Java\jdk-21.0.10\bin\java.dll
Event: 0.075 Loaded shared library C:\Program Files\Java\jdk-21.0.10\bin\jsvml.dll
Event: 0.105 Loaded shared library C:\Program Files\Java\jdk-21.0.10\bin\net.dll
Event: 0.108 Loaded shared library C:\Program Files\Java\jdk-21.0.10\bin\nio.dll
Event: 0.114 Loaded shared library C:\Program Files\Java\jdk-21.0.10\bin\zip.dll
Event: 0.303 Loaded shared library C:\apache-maven-3.9.12\lib\jansi-native\Windows\x86_64\jansi.dll
Event: 0.310 Loaded shared library C:\Program Files\Java\jdk-21.0.10\bin\jimage.dll
Event: 0.327 Loaded shared library C:\Program Files\Java\jdk-21.0.10\bin\verify.dll

Deoptimization events (20 events):
Event: 0.434 Thread 0x000001c86d9f0190 DEOPT PACKING pc=0x000001c800055655 sp=0x00000043394fe470
Event: 0.434 Thread 0x000001c86d9f0190 DEOPT UNPACKING pc=0x000001c8075888e2 sp=0x00000043394fd8f8 mode 0
Event: 0.459 Thread 0x000001c86d9f0190 DEOPT PACKING pc=0x000001c800055655 sp=0x00000043394fa3e0
Event: 0.459 Thread 0x000001c86d9f0190 DEOPT UNPACKING pc=0x000001c8075888e2 sp=0x00000043394f9850 mode 0
Event: 0.545 Thread 0x000001c86d9f0190 Uncommon trap: trap_request=0xffffff45 fr.pc=0x000001c807b0cfb0 relative=0x0000000000000670
Event: 0.545 Thread 0x000001c86d9f0190 Uncommon trap: reason=unstable_if action=reinterpret pc=0x000001c807b0cfb0 method=java.util.regex.Matcher.search(I)Z @ 30 c2
Event: 0.546 Thread 0x000001c86d9f0190 DEOPT PACKING pc=0x000001c807b0cfb0 sp=0x00000043394fdec0
Event: 0.546 Thread 0x000001c86d9f0190 DEOPT UNPACKING pc=0x000001c807587da2 sp=0x00000043394fdeb0 mode 2
Event: 0.553 Thread 0x000001c86d9f0190 Uncommon trap: trap_request=0xffffff45 fr.pc=0x000001c807af1d0c relative=0x000000000000052c
Event: 0.553 Thread 0x000001c86d9f0190 Uncommon trap: reason=unstable_if action=reinterpret pc=0x000001c807af1d0c method=java.lang.StringLatin1.canEncode(C)Z @ 4 c2
Event: 0.553 Thread 0x000001c86d9f0190 DEOPT PACKING pc=0x000001c807af1d0c sp=0x00000043394fe500
Event: 0.553 Thread 0x000001c86d9f0190 DEOPT UNPACKING pc=0x000001c807587da2 sp=0x00000043394fe430 mode 2
Event: 0.553 Thread 0x000001c86d9f0190 Uncommon trap: trap_request=0xffffff45 fr.pc=0x000001c807af11e4 relative=0x0000000000000504
Event: 0.553 Thread 0x000001c86d9f0190 Uncommon trap: reason=unstable_if action=reinterpret pc=0x000001c807af11e4 method=java.lang.AbstractStringBuilder.isLatin1()Z @ 10 c2
Event: 0.553 Thread 0x000001c86d9f0190 DEOPT PACKING pc=0x000001c807af11e4 sp=0x00000043394fe520
Event: 0.553 Thread 0x000001c86d9f0190 DEOPT UNPACKING pc=0x000001c807587da2 sp=0x00000043394fe4b0 mode 2
Event: 0.553 Thread 0x000001c86d9f0190 Uncommon trap: trap_request=0xffffff45 fr.pc=0x000001c807af730c relative=0x000000000000006c
Event: 0.553 Thread 0x000001c86d9f0190 Uncommon trap: reason=unstable_if action=reinterpret pc=0x000001c807af730c method=java.lang.AbstractStringBuilder.isLatin1()Z @ 10 c2
Event: 0.553 Thread 0x000001c86d9f0190 DEOPT PACKING pc=0x000001c807af730c sp=0x00000043394fe520
Event: 0.553 Thread 0x000001c86d9f0190 DEOPT UNPACKING pc=0x000001c807587da2 sp=0x00000043394fe4b0 mode 2

Classes loaded (20 events):
Event: 0.482 Loading class java/util/concurrent/locks/ReentrantReadWriteLock$Sync done
Event: 0.482 Loading class java/util/concurrent/locks/ReentrantReadWriteLock$NonfairSync done
Event: 0.482 Loading class java/util/concurrent/locks/ReentrantReadWriteLock$Sync$ThreadLocalHoldCounter
Event: 0.482 Loading class java/util/concurrent/locks/ReentrantReadWriteLock$Sync$ThreadLocalHoldCounter done
Event: 0.482 Loading class java/util/concurrent/locks/ReentrantReadWriteLock$ReadLock
Event: 0.482 Loading class java/util/concurrent/locks/ReentrantReadWriteLock$ReadLock done
Event: 0.482 Loading class java/util/concurrent/locks/ReentrantReadWriteLock$WriteLock
Event: 0.483 Loading class java/util/concurrent/locks/ReentrantReadWriteLock$WriteLock done
Event: 0.487 Loading class java/text/ParseException
Event: 0.487 Loading class java/text/ParseException done
Event: 0.504 Loading class sun/util/calendar/ZoneInfoFile$Checksum
Event: 0.505 Loading class sun/util/calendar/ZoneInfoFile$Checksum done
Event: 0.508 Loading class jdk/internal/module/ModulePatcher$PatchedModuleReader
Event: 0.508 Loading class jdk/internal/module/ModulePatcher$PatchedModuleReader done
Event: 0.508 Loading class sun/net/www/protocol/jrt/Handler
Event: 0.508 Loading class sun/net/www/protocol/jrt/Handler done
Event: 0.549 Loading class sun/text/resources/cldr/FormatData_en
Event: 0.550 Loading class sun/text/resources/cldr/FormatData_en done
Event: 0.550 Loading class sun/text/resources/cldr/FormatData_en_US
Event: 0.550 Loading class sun/text/resources/cldr/FormatData_en_US done

Classes unloaded (0 events):
No events

Classes redefined (0 events):
No events

Internal exceptions (19 events):
Event: 0.171 Thread 0x000001c86d9f0190 Exception <a 'java/lang/NoSuchMethodError'{0x00000007130d5a08}: 'int java.lang.invoke.DirectMethodHandle$Holder.invokeSpecial(java.lang.Object, java.lang.Object, java.lang.Object)'> (0x00000007130d5a08) 
thrown [s\open\src\hotspot\share\interpreter\linkResolver.cpp, line 773]
Event: 0.278 Thread 0x000001c86d9f0190 Exception <a 'java/lang/NoSuchMethodError'{0x0000000712f2bf20}: 'java.lang.Object java.lang.invoke.Invokers$Holder.invokeExact_MT(java.lang.Object, java.lang.Object, java.lang.Object, java.lang.Object, java.lang.Object)'> (0x0000000712f2bf20) 
thrown [s\open\src\hotspot\share\interpreter\linkResolver.cpp, line 773]
Event: 0.295 Thread 0x000001c86d9f0190 Exception <a 'java/lang/NullPointerException'{0x0000000712f88880}> (0x0000000712f88880) 
thrown [s\open\src\hotspot\share\interpreter\linkResolver.cpp, line 1372]
Event: 0.309 Thread 0x000001c86d9f0190 Exception <a 'java/lang/NoSuchMethodError'{0x0000000712faf610}: 'void java.lang.invoke.DirectMethodHandle$Holder.invokeStatic(java.lang.Object, long, java.lang.Object)'> (0x0000000712faf610) 
thrown [s\open\src\hotspot\share\interpreter\linkResolver.cpp, line 773]
Event: 0.310 Thread 0x000001c86d9f0190 Exception <a 'java/lang/NoSuchMethodError'{0x0000000712fb4dd8}: 'java.lang.Object java.lang.invoke.DirectMethodHandle$Holder.newInvokeSpecial(java.lang.Object, long, java.lang.Object)'> (0x0000000712fb4dd8) 
thrown [s\open\src\hotspot\share\interpreter\linkResolver.cpp, line 773]
Event: 0.312 Thread 0x000001c86d9f0190 Exception <a 'java/lang/NullPointerException'{0x0000000712fc06b8}> (0x0000000712fc06b8) 
thrown [s\open\src\hotspot\share\interpreter\linkResolver.cpp, line 1372]
Event: 0.312 Thread 0x000001c86d9f0190 Exception <a 'java/lang/NullPointerException'{0x0000000712fc0998}> (0x0000000712fc0998) 
thrown [s\open\src\hotspot\share\interpreter\linkResolver.cpp, line 1372]
Event: 0.312 Thread 0x000001c86d9f0190 Exception <a 'java/lang/NullPointerException'{0x0000000712fc0c78}> (0x0000000712fc0c78) 
thrown [s\open\src\hotspot\share\interpreter\linkResolver.cpp, line 1372]
Event: 0.314 Thread 0x000001c86d9f0190 Exception <a 'java/lang/NullPointerException'{0x0000000712fc6850}> (0x0000000712fc6850) 
thrown [s\open\src\hotspot\share\interpreter\linkResolver.cpp, line 1372]
Event: 0.317 Thread 0x000001c86d9f0190 Exception <a 'java/lang/NullPointerException'{0x0000000712c137a8}> (0x0000000712c137a8) 
thrown [s\open\src\hotspot\share\interpreter\linkResolver.cpp, line 1372]
Event: 0.317 Thread 0x000001c86d9f0190 Exception <a 'java/lang/NullPointerException'{0x0000000712c13a88}> (0x0000000712c13a88) 
thrown [s\open\src\hotspot\share\interpreter\linkResolver.cpp, line 1372]
Event: 0.317 Thread 0x000001c86d9f0190 Exception <a 'java/lang/NullPointerException'{0x0000000712c13d68}> (0x0000000712c13d68) 
thrown [s\open\src\hotspot\share\interpreter\linkResolver.cpp, line 1372]
Event: 0.317 Thread 0x000001c86d9f0190 Exception <a 'java/lang/NullPointerException'{0x0000000712c14048}> (0x0000000712c14048) 
thrown [s\open\src\hotspot\share\interpreter\linkResolver.cpp, line 1372]
Event: 0.339 Thread 0x000001c86d9f0190 Exception <a 'java/lang/NoSuchMethodError'{0x0000000712c7f7e0}: 'void java.lang.invoke.DirectMethodHandle$Holder.invokeVirtual(java.lang.Object, java.lang.Object)'> (0x0000000712c7f7e0) 
thrown [s\open\src\hotspot\share\interpreter\linkResolver.cpp, line 773]
Event: 0.343 Thread 0x000001c86d9f0190 Exception <a 'java/lang/NoSuchMethodError'{0x0000000712c9b4d0}: 'void java.lang.invoke.DirectMethodHandle$Holder.invokeStatic(java.lang.Object, java.lang.Object)'> (0x0000000712c9b4d0) 
thrown [s\open\src\hotspot\share\interpreter\linkResolver.cpp, line 773]
Event: 0.343 Thread 0x000001c86d9f0190 Exception <a 'java/lang/NoSuchMethodError'{0x0000000712c9e598}: 'void java.lang.invoke.DirectMethodHandle$Holder.invokeStaticInit(java.lang.Object, java.lang.Object)'> (0x0000000712c9e598) 
thrown [s\open\src\hotspot\share\interpreter\linkResolver.cpp, line 773]
Event: 0.353 Thread 0x000001c86d9f0190 Exception <a 'java/lang/NoSuchMethodError'{0x0000000712cc0c88}: 'void java.lang.invoke.DirectMethodHandle$Holder.invokeSpecial(java.lang.Object, java.lang.Object, java.lang.Object, java.lang.Object, java.lang.Object)'> (0x0000000712cc0c88) 
thrown [s\open\src\hotspot\share\interpreter\linkResolver.cpp, line 773]
Event: 0.366 Thread 0x000001c86d9f0190 Exception <a 'java/lang/NoSuchMethodError'{0x0000000712cfcca8}: 'void java.lang.invoke.DirectMethodHandle$Holder.invokeStatic(java.lang.Object, java.lang.Object, java.lang.Object)'> (0x0000000712cfcca8) 
thrown [s\open\src\hotspot\share\interpreter\linkResolver.cpp, line 773]
Event: 0.453 Thread 0x000001c86d9f0190 Exception <a 'java/lang/NoSuchMethodError'{0x0000000712a758c8}: 'java.lang.Object java.lang.invoke.DirectMethodHandle$Holder.invokeSpecialIFC(java.lang.Object, java.lang.Object, java.lang.Object, java.lang.Object)'> (0x0000000712a758c8) 
thrown [s\open\src\hotspot\share\interpreter\linkResolver.cpp, line 773]

ZGC Phase Switch (0 events):
No events

VM Operations (6 events):
Event: 0.116 Executing VM operation: HandshakeAllThreads (Deoptimize)
Event: 0.116 Executing VM operation: HandshakeAllThreads (Deoptimize) done
Event: 0.294 Executing VM operation: HandshakeAllThreads (Deoptimize)
Event: 0.294 Executing VM operation: HandshakeAllThreads (Deoptimize) done
Event: 0.318 Executing VM operation: HandshakeAllThreads (Deoptimize)
Event: 0.318 Executing VM operation: HandshakeAllThreads (Deoptimize) done

Events (14 events):
Event: 0.045 Thread 0x000001c86d9f0190 Thread added: 0x000001c86d9f0190
Event: 0.070 Thread 0x000001c87fc57090 Thread added: 0x000001c87fc57090
Event: 0.070 Thread 0x000001c87fc58160 Thread added: 0x000001c87fc58160
Event: 0.070 Thread 0x000001c87fc5c330 Thread added: 0x000001c87fc5c330
Event: 0.071 Thread 0x000001c87fc5feb0 Thread added: 0x000001c87fc5feb0
Event: 0.071 Thread 0x000001c87fc60ac0 Thread added: 0x000001c87fc60ac0
Event: 0.071 Thread 0x000001c87fc61520 Thread added: 0x000001c87fc61520
Event: 0.071 Thread 0x000001c87fc64470 Thread added: 0x000001c87fc64470
Event: 0.071 Thread 0x000001c87fc65830 Thread added: 0x000001c87fc65830
Event: 0.096 Thread 0x000001c8541866f0 Thread added: 0x000001c8541866f0
Event: 0.100 Thread 0x000001c854187d70 Thread added: 0x000001c854187d70
Event: 0.243 Thread 0x000001c8543fe830 Thread added: 0x000001c8543fe830
Event: 0.299 Thread 0x000001c8545e7120 Thread added: 0x000001c8545e7120
Event: 0.326 Thread 0x000001c8545e7120 Thread exited: 0x000001c8545e7120


Dynamic libraries:
0x00007ff70ffc0000 - 0x00007ff70ffd0000 	C:\Program Files\Java\jdk-21.0.10\bin\java.exe
0x00007ffa6ee10000 - 0x00007ffa6f028000 	C:\Windows\SYSTEM32\ntdll.dll
0x00007ffa6d920000 - 0x00007ffa6d9e4000 	C:\Windows\System32\KERNEL32.DLL
0x00007ffa6c510000 - 0x00007ffa6c8e3000 	C:\Windows\System32\KERNELBASE.dll
0x00007ffa6bf20000 - 0x00007ffa6c031000 	C:\Windows\System32\ucrtbase.dll
0x00007ffa05d00000 - 0x00007ffa05d19000 	C:\Program Files\Java\jdk-21.0.10\bin\jli.dll
0x00007ffa6d9f0000 - 0x00007ffa6daa1000 	C:\Windows\System32\ADVAPI32.dll
0x00007ffa6def0000 - 0x00007ffa6df97000 	C:\Windows\System32\msvcrt.dll
0x00007ffa6d6e0000 - 0x00007ffa6d788000 	C:\Windows\System32\sechost.dll
0x00007ffa6c4e0000 - 0x00007ffa6c508000 	C:\Windows\System32\bcrypt.dll
0x00007ff9feaa0000 - 0x00007ff9feabe000 	C:\Program Files\Java\jdk-21.0.10\bin\VCRUNTIME140.dll
0x00007ffa6d790000 - 0x00007ffa6d8a8000 	C:\Windows\System32\RPCRT4.dll
0x00007ffa6e2e0000 - 0x00007ffa6e492000 	C:\Windows\System32\USER32.dll
0x00007ffa6c180000 - 0x00007ffa6c1a6000 	C:\Windows\System32\win32u.dll
0x00007ffa6d1c0000 - 0x00007ffa6d1e9000 	C:\Windows\System32\GDI32.dll
0x00007ffa54cd0000 - 0x00007ffa54f6c000 	C:\Windows\WinSxS\amd64_microsoft.windows.common-controls_6595b64144ccf1df_6.0.22621.6060_none_2712eda17382d24b\COMCTL32.dll
0x00007ffa6c990000 - 0x00007ffa6caab000 	C:\Windows\System32\gdi32full.dll
0x00007ffa6c8f0000 - 0x00007ffa6c98a000 	C:\Windows\System32\msvcp_win.dll
0x00007ffa67b50000 - 0x00007ffa67b5a000 	C:\Windows\SYSTEM32\VERSION.dll
0x00007ffa6dab0000 - 0x00007ffa6dae1000 	C:\Windows\System32\IMM32.DLL
0x00007ffa36100000 - 0x00007ffa3610c000 	C:\Program Files\Java\jdk-21.0.10\bin\vcruntime140_1.dll
0x00007ff9f86a0000 - 0x00007ff9f872d000 	C:\Program Files\Java\jdk-21.0.10\bin\msvcp140.dll
0x00007ff9c9de0000 - 0x00007ff9cab07000 	C:\Program Files\Java\jdk-21.0.10\bin\server\jvm.dll
0x00007ffa6e0a0000 - 0x00007ffa6e111000 	C:\Windows\System32\WS2_32.dll
0x00007ffa6bdf0000 - 0x00007ffa6be3d000 	C:\Windows\SYSTEM32\POWRPROF.dll
0x00007ffa672c0000 - 0x00007ffa672f4000 	C:\Windows\SYSTEM32\WINMM.dll
0x00007ffa6bdd0000 - 0x00007ffa6bde3000 	C:\Windows\SYSTEM32\UMPDC.dll
0x00007ffa6ae60000 - 0x00007ffa6ae78000 	C:\Windows\SYSTEM32\kernel.appcore.dll
0x00007ff9fea90000 - 0x00007ff9fea9a000 	C:\Program Files\Java\jdk-21.0.10\bin\jimage.dll
0x00007ffa69580000 - 0x00007ffa697b3000 	C:\Windows\SYSTEM32\DBGHELP.DLL
0x00007ffa6db50000 - 0x00007ffa6dee1000 	C:\Windows\System32\combase.dll
0x00007ffa6d0e0000 - 0x00007ffa6d1b8000 	C:\Windows\System32\OLEAUT32.dll
0x00007ffa53020000 - 0x00007ffa53052000 	C:\Windows\SYSTEM32\dbgcore.DLL
0x00007ffa6c320000 - 0x00007ffa6c39b000 	C:\Windows\System32\bcryptPrimitives.dll
0x00007ff9fea60000 - 0x00007ff9fea81000 	C:\Program Files\Java\jdk-21.0.10\bin\java.dll
0x00007ffa6e4a0000 - 0x00007ffa6ed3c000 	C:\Windows\System32\SHELL32.dll
0x00007ffa6c040000 - 0x00007ffa6c17f000 	C:\Windows\System32\wintypes.dll
0x00007ffa69dd0000 - 0x00007ffa6a6ea000 	C:\Windows\SYSTEM32\windows.storage.dll
0x00007ffa6d5d0000 - 0x00007ffa6d6d4000 	C:\Windows\System32\SHCORE.dll
0x00007ffa6d8b0000 - 0x00007ffa6d919000 	C:\Windows\System32\shlwapi.dll
0x00007ffa6be50000 - 0x00007ffa6be75000 	C:\Windows\SYSTEM32\profapi.dll
0x00007ff9f85c0000 - 0x00007ff9f8697000 	C:\Program Files\Java\jdk-21.0.10\bin\jsvml.dll
0x00007ff9fd850000 - 0x00007ff9fd861000 	C:\Program Files\Java\jdk-21.0.10\bin\net.dll
0x00007ffa68790000 - 0x00007ffa688bc000 	C:\Windows\SYSTEM32\WINHTTP.dll
0x00007ffa6b380000 - 0x00007ffa6b3e9000 	C:\Windows\system32\mswsock.dll
0x00007ff9fd830000 - 0x00007ff9fd846000 	C:\Program Files\Java\jdk-21.0.10\bin\nio.dll
0x00007ff9fd810000 - 0x00007ff9fd828000 	C:\Program Files\Java\jdk-21.0.10\bin\zip.dll
0x00007ff9fa860000 - 0x00007ff9fa884000 	C:\apache-maven-3.9.12\lib\jansi-native\Windows\x86_64\jansi.dll
0x00007ff9fa850000 - 0x00007ff9fa860000 	C:\Program Files\Java\jdk-21.0.10\bin\verify.dll

dbghelp: loaded successfully - version: 4.0.5 - missing functions: none
symbol engine: initialized successfully - sym options: 0x614 - pdb path: .;C:\Program Files\Java\jdk-21.0.10\bin;C:\Windows\SYSTEM32;C:\Windows\WinSxS\amd64_microsoft.windows.common-controls_6595b64144ccf1df_6.0.22621.6060_none_2712eda17382d24b;C:\Program Files\Java\jdk-21.0.10\bin\server;C:\apache-maven-3.9.12\lib\jansi-native\Windows\x86_64

VM Arguments:
jvm_args: --enable-native-access=ALL-UNNAMED -Dclassworlds.conf=C:\apache-maven-3.9.12\bin\m2.conf -Dmaven.home=C:\apache-maven-3.9.12 -Dlibrary.jansi.path=C:\apache-maven-3.9.12\lib\jansi-native -Dmaven.multiModuleProjectDirectory=D:\proj2\proj\eventmate-back 
java_command: org.codehaus.plexus.classworlds.launcher.Launcher spring-boot:run -Dspring-boot.run.jvmArguments=-Xms256m -Xmx512m
java_class_path (initial): C:\apache-maven-3.9.12\boot\plexus-classworlds-2.9.0.jar
Launcher Type: SUN_STANDARD

[Global flags]
     intx CICompilerCount                          = 4                                         {product} {ergonomic}
     uint ConcGCThreads                            = 2                                         {product} {ergonomic}
     uint G1ConcRefinementThreads                  = 8                                         {product} {ergonomic}
   size_t G1HeapRegionSize                         = 2097152                                   {product} {ergonomic}
    uintx GCDrainStackTargetSize                   = 64                                        {product} {ergonomic}
   size_t InitialHeapSize                          = 266338304                                 {product} {ergonomic}
   size_t MarkStackSize                            = 4194304                                   {product} {ergonomic}
   size_t MaxHeapSize                              = 4238344192                                {product} {ergonomic}
   size_t MaxNewSize                               = 2541748224                                {product} {ergonomic}
   size_t MinHeapDeltaBytes                        = 2097152                                   {product} {ergonomic}
   size_t MinHeapSize                              = 8388608                                   {product} {ergonomic}
    uintx NonNMethodCodeHeapSize                   = 5839372                                {pd product} {ergonomic}
    uintx NonProfiledCodeHeapSize                  = 122909434                              {pd product} {ergonomic}
    uintx ProfiledCodeHeapSize                     = 122909434                              {pd product} {ergonomic}
    uintx ReservedCodeCacheSize                    = 251658240                              {pd product} {ergonomic}
     bool SegmentedCodeCache                       = true                                      {product} {ergonomic}
   size_t SoftMaxHeapSize                          = 4238344192                             {manageable} {ergonomic}
     bool UseCompressedOops                        = true                           {product lp64_product} {ergonomic}
     bool UseG1GC                                  = true                                      {product} {ergonomic}
     bool UseLargePagesIndividualAllocation        = false                                  {pd product} {ergonomic}

Logging:
Log output configuration:
 #0: stdout all=warning uptime,level,tags foldmultilines=false
 #1: stderr all=off uptime,level,tags foldmultilines=false

Environment Variables:
PATH=C:\Program Files\Common Files\Oracle\Java\javapath;C:\app\thang\product\21c\dbhomeXE\bin;C:\Windows\system32;C:\Windows;C:\Windows\System32\Wbem;C:\Windows\System32\WindowsPowerShell\v1.0\;C:\Windows\System32\OpenSSH\;C:\Program Files\Microsoft SQL Server\Client SDK\ODBC\170\Tools\Binn\;C:\Program Files\Microsoft SQL Server\150\Tools\Binn\;C:\Program Files\dotnet\;C:\php-8.4.5-;C:\php-8.4.5-\;C:\Program Files\nodejs\;C:\Program Files\Git\cmd;C:\apache-maven-3.9.12\bin;C:\Program Files\MySQL\MySQL Server 8.0\bin;C:\Program Files\GitHub CLI\;C:\Users\thang\AppData\Local\Microsoft\WindowsApps;C:\Users\thang\.dotnet\tools;C:\Users\thang\AppData\Local\Programs\Microsoft VS Code\bin;C:\Program Files\Java\jdk-21.0.6\bin;C:\Users\thang\AppData\Roaming\npm;C:\Users\thang\AppData\Local\Python\bin
USERNAME=thang
OS=Windows_NT
PROCESSOR_IDENTIFIER=Intel64 Family 6 Model 140 Stepping 2, GenuineIntel
TMP=C:\Users\thang\AppData\Local\Temp
TEMP=C:\Users\thang\AppData\Local\Temp




Periodic native trim disabled

---------------  S Y S T E M  ---------------

OS:
 Windows 11 , 64 bit Build 22621 (10.0.22621.5415)
OS uptime: 0 days 0:05 hours
Hyper-V role detected

CPU: total 8 (initial active 8) (4 cores per cpu, 2 threads per core) family 6 model 140 stepping 2 microcode 0x26, cx8, cmov, fxsr, ht, mmx, 3dnowpref, sse, sse2, sse3, ssse3, sse4.1, sse4.2, popcnt, lzcnt, tsc, tscinvbit, avx, avx2, aes, erms, clmul, bmi1, bmi2, adx, avx512f, avx512dq, avx512cd, avx512bw, avx512vl, sha, fma, vzeroupper, avx512_vpopcntdq, avx512_vpclmulqdq, avx512_vaes, avx512_vnni, clflush, clflushopt, clwb, avx512_vbmi2, avx512_vbmi, hv, rdtscp, rdpid, fsrm, gfni, avx512_bitalg, f16c, cet_ibt, cet_ss, avx512_ifma
Processor Information for all 8 processors :
  Max Mhz: 2496, Current Mhz: 2496, Mhz Limit: 2496

Memory: 4k page, system-wide physical 16167M (2344M free)
TotalPageFile size 17228M (AvailPageFile size 0M)
current process WorkingSet (physical memory assigned to process): 58M, peak: 58M
current process commit charge ("private bytes"): 349M, peak: 349M

vm_info: Java HotSpot(TM) 64-Bit Server VM (21.0.10+8-LTS-217) for windows-amd64 JRE (21.0.10+8-LTS-217), built on 2025-12-18T14:59:28Z by "mach5run" with MS VC++ 17.13 (VS2022)

END.
