#
# There is insufficient memory for the Java Runtime Environment to continue.
# Native memory allocation (malloc) failed to allocate 383856 bytes for Chunk::new
# Possible reasons:
#   The system is out of physical RAM or swap space
#   The process is running with CompressedOops enabled, and the Java Heap may be blocking the growth of the native heap
# Possible solutions:
#   Reduce memory load on the system
#   Increase physical memory or swap space
#   Check if swap backing store is full
#   Decrease Java heap size (-Xmx/-Xms)
#   Decrease number of Java threads
#   Decrease Java thread stack sizes (-Xss)
#   Set larger code cache with -XX:ReservedCodeCacheSize=
#   JVM is running with Zero Based Compressed Oops mode in which the Java heap is
#     placed in the first 32GB address space. The Java Heap base address is the
#     maximum limit for the native heap growth. Please use -XX:HeapBaseMinAddress
#     to set the Java Heap base and to place the Java Heap above 32GB virtual address.
# This output file may be truncated or incomplete.
#
#  Out of Memory Error (arena.cpp:168), pid=8864, tid=24212
#
# JRE version: Java(TM) SE Runtime Environment (21.0.10+8) (build 21.0.10+8-LTS-217)
# Java VM: Java HotSpot(TM) 64-Bit Server VM (21.0.10+8-LTS-217, mixed mode, sharing, tiered, compressed oops, compressed class ptrs, g1 gc, windows-amd64)
# No core dump will be written. Minidumps are not enabled by default on client versions of Windows
#

---------------  S U M M A R Y ------------

Command Line: --enable-native-access=ALL-UNNAMED -Dclassworlds.conf=C:\apache-maven-3.9.12\bin\m2.conf -Dmaven.home=C:\apache-maven-3.9.12 -Dlibrary.jansi.path=C:\apache-maven-3.9.12\lib\jansi-native -Dmaven.multiModuleProjectDirectory=D:\proj2\proj\eventmate-back org.codehaus.plexus.classworlds.launcher.Launcher spring-boot:run

Host: 11th Gen Intel(R) Core(TM) i5-1155G7 @ 2.50GHz, 8 cores, 15G,  Windows 11 , 64 bit Build 22621 (10.0.22621.5415)
Time: Thu Feb 26 19:37:26 2026 India Standard Time elapsed time: 1.834892 seconds (0d 0h 0m 1s)

---------------  T H R E A D  ---------------

Current thread (0x000001986aa5f790):  JavaThread "C2 CompilerThread1" daemon [_thread_in_native, id=24212, stack(0x000000884a100000,0x000000884a200000) (1024K)]


Current CompileTask:
C2:   1834 2574       4       jdk.internal.org.objectweb.asm.Frame::execute (2305 bytes)

Stack: [0x000000884a100000,0x000000884a200000]
Native frames: (J=compiled Java code, j=interpreted, Vv=VM code, C=native code)
V  [jvm.dll+0x6d0b59]
V  [jvm.dll+0x85fd56]
V  [jvm.dll+0x86224e]
V  [jvm.dll+0x862923]
V  [jvm.dll+0x282a16]
V  [jvm.dll+0xc662d]
V  [jvm.dll+0xc6b71]
V  [jvm.dll+0x3bbb21]
V  [jvm.dll+0x387fd2]
V  [jvm.dll+0x38741a]
V  [jvm.dll+0x24b370]
V  [jvm.dll+0x24a94f]
V  [jvm.dll+0x1cacfe]
V  [jvm.dll+0x25a629]
V  [jvm.dll+0x258bb5]
V  [jvm.dll+0x3f4da1]
V  [jvm.dll+0x80a83d]
V  [jvm.dll+0x6cf3fd]
C  [ucrtbase.dll+0x29333]
C  [KERNEL32.DLL+0x1259d]
C  [ntdll.dll+0x5af78]


---------------  P R O C E S S  ---------------

Threads class SMR info:
_java_thread_list=0x000001986a0e1710, length=13, elements={
0x0000019803a5e870, 0x0000019824cb2ad0, 0x0000019824cb39f0, 0x0000019824cb5ea0,
0x0000019824cbac50, 0x0000019824cbbb00, 0x0000019824cbc650, 0x0000019824cbe3f0,
0x0000019824ccd4f0, 0x000001986a148100, 0x000001986a14d380, 0x000001986aa5f790,
0x000001986ac386b0
}

Java Threads: ( => current thread )
  0x0000019803a5e870 JavaThread "main"                              [_thread_in_vm, id=14108, stack(0x0000008848f00000,0x0000008849000000) (1024K)]
  0x0000019824cb2ad0 JavaThread "Reference Handler"          daemon [_thread_blocked, id=2528, stack(0x0000008849700000,0x0000008849800000) (1024K)]
  0x0000019824cb39f0 JavaThread "Finalizer"                  daemon [_thread_blocked, id=21176, stack(0x0000008849800000,0x0000008849900000) (1024K)]
  0x0000019824cb5ea0 JavaThread "Signal Dispatcher"          daemon [_thread_blocked, id=17880, stack(0x0000008849900000,0x0000008849a00000) (1024K)]
  0x0000019824cbac50 JavaThread "Attach Listener"            daemon [_thread_blocked, id=18348, stack(0x0000008849a00000,0x0000008849b00000) (1024K)]
  0x0000019824cbbb00 JavaThread "Service Thread"             daemon [_thread_blocked, id=17860, stack(0x0000008849b00000,0x0000008849c00000) (1024K)]
  0x0000019824cbc650 JavaThread "Monitor Deflation Thread"   daemon [_thread_blocked, id=20664, stack(0x0000008849c00000,0x0000008849d00000) (1024K)]
  0x0000019824cbe3f0 JavaThread "C2 CompilerThread0"         daemon [_thread_blocked, id=24448, stack(0x0000008849d00000,0x0000008849e00000) (1024K)]
  0x0000019824ccd4f0 JavaThread "C1 CompilerThread0"         daemon [_thread_blocked, id=3388, stack(0x0000008849e00000,0x0000008849f00000) (1024K)]
  0x000001986a148100 JavaThread "Notification Thread"        daemon [_thread_blocked, id=3380, stack(0x0000008849f00000,0x000000884a000000) (1024K)]
  0x000001986a14d380 JavaThread "Common-Cleaner"             daemon [_thread_blocked, id=3392, stack(0x000000884a000000,0x000000884a100000) (1024K)]
=>0x000001986aa5f790 JavaThread "C2 CompilerThread1"         daemon [_thread_in_native, id=24212, stack(0x000000884a100000,0x000000884a200000) (1024K)]
  0x000001986ac386b0 JavaThread "C2 CompilerThread2"         daemon [_thread_blocked, id=10312, stack(0x000000884a200000,0x000000884a300000) (1024K)]
Total: 13

Other Threads:
  0x0000019824c99500 VMThread "VM Thread"                           [id=12740, stack(0x0000008849600000,0x0000008849700000) (1024K)]
  0x0000019824c89030 WatcherThread "VM Periodic Task Thread"        [id=6744, stack(0x0000008849500000,0x0000008849600000) (1024K)]
  0x0000019805cdd280 WorkerThread "GC Thread#0"                     [id=3928, stack(0x0000008849000000,0x0000008849100000) (1024K)]
  0x000001986ac390d0 WorkerThread "GC Thread#1"                     [id=5324, stack(0x000000884a300000,0x000000884a400000) (1024K)]
  0x000001986ac39480 WorkerThread "GC Thread#2"                     [id=19056, stack(0x000000884a400000,0x000000884a500000) (1024K)]
  0x000001986ac39830 WorkerThread "GC Thread#3"                     [id=1844, stack(0x000000884a500000,0x000000884a600000) (1024K)]
  0x000001986ac39be0 WorkerThread "GC Thread#4"                     [id=21156, stack(0x000000884a600000,0x000000884a700000) (1024K)]
  0x000001986ac39f90 WorkerThread "GC Thread#5"                     [id=3744, stack(0x000000884a700000,0x000000884a800000) (1024K)]
  0x000001986b453010 WorkerThread "GC Thread#6"                     [id=3488, stack(0x000000884a800000,0x000000884a900000) (1024K)]
  0x000001986b3ef180 WorkerThread "GC Thread#7"                     [id=12532, stack(0x000000884a900000,0x000000884aa00000) (1024K)]
  0x0000019805cee0b0 ConcurrentGCThread "G1 Main Marker"            [id=5204, stack(0x0000008849100000,0x0000008849200000) (1024K)]
  0x0000019805ceebc0 WorkerThread "G1 Conc#0"                       [id=13988, stack(0x0000008849200000,0x0000008849300000) (1024K)]
  0x0000019805d3e6b0 ConcurrentGCThread "G1 Refine#0"               [id=2316, stack(0x0000008849300000,0x0000008849400000) (1024K)]
  0x0000019824b5b2e0 ConcurrentGCThread "G1 Service"                [id=15020, stack(0x0000008849400000,0x0000008849500000) (1024K)]
Total: 14

Threads with active compile tasks:
C2 CompilerThread1     1856 2574       4       jdk.internal.org.objectweb.asm.Frame::execute (2305 bytes)
Total: 1

VM state: not at safepoint (normal execution)

VM Mutex/Monitor currently owned by a thread: None

Heap address: 0x0000000703600000, size: 4042 MB, Compressed Oops mode: Zero based, Oop shift amount: 3

CDS archive(s) mapped at: [0x0000019825000000-0x0000019825c90000-0x0000019825c90000), size 13172736, SharedBaseAddress: 0x0000019825000000, ArchiveRelocationMode: 1.
Compressed class space mapped at: 0x0000019826000000-0x0000019866000000, reserved size: 1073741824
Narrow klass base: 0x0000019825000000, Narrow klass shift: 0, Narrow klass range: 0x100000000

GC Precious Log:
 CardTable entry size: 512
 Card Set container configuration: InlinePtr #cards 4 size 8 Array Of Cards #cards 16 size 48 Howl #buckets 8 coarsen threshold 3686 Howl Bitmap #cards 512 size 80 coarsen threshold 460 Card regions per heap region 1 cards per card region 4096
 CPUs: 8 total, 8 available
 Memory: 16167M
 Large Page Support: Disabled
 NUMA Support: Disabled
 Compressed Oops: Enabled (Zero based)
 Heap Region Size: 2M
 Heap Min Capacity: 8M
 Heap Initial Capacity: 254M
 Heap Max Capacity: 4042M
 Pre-touch: Disabled
 Parallel Workers: 8
 Concurrent Workers: 2
 Concurrent Refinement Workers: 8
 Periodic GC: Disabled

Heap:
 garbage-first heap   total 260096K, used 19806K [0x0000000703600000, 0x0000000800000000)
  region size 2048K, 9 young (18432K), 1 survivors (2048K)
 Metaspace       used 12772K, committed 12992K, reserved 1114112K
  class space    used 1537K, committed 1600K, reserved 1048576K

Heap Regions: E=young(eden), S=young(survivor), O=old, HS=humongous(starts), HC=humongous(continues), CS=collection set, F=free, TAMS=top-at-mark-start, PB=parsable bottom
|   0|0x0000000703600000, 0x0000000703800000, 0x0000000703800000|100%| O|  |TAMS 0x0000000703600000| PB 0x0000000703600000| Untracked 
|   1|0x0000000703800000, 0x0000000703979140, 0x0000000703a00000| 73%| O|  |TAMS 0x0000000703800000| PB 0x0000000703800000| Untracked 
|   2|0x0000000703a00000, 0x0000000703a00000, 0x0000000703c00000|  0%| F|  |TAMS 0x0000000703a00000| PB 0x0000000703a00000| Untracked 
|   3|0x0000000703c00000, 0x0000000703c00000, 0x0000000703e00000|  0%| F|  |TAMS 0x0000000703c00000| PB 0x0000000703c00000| Untracked 
|   4|0x0000000703e00000, 0x0000000703e00000, 0x0000000704000000|  0%| F|  |TAMS 0x0000000703e00000| PB 0x0000000703e00000| Untracked 
|   5|0x0000000704000000, 0x0000000704000000, 0x0000000704200000|  0%| F|  |TAMS 0x0000000704000000| PB 0x0000000704000000| Untracked 
|   6|0x0000000704200000, 0x0000000704200000, 0x0000000704400000|  0%| F|  |TAMS 0x0000000704200000| PB 0x0000000704200000| Untracked 
|   7|0x0000000704400000, 0x0000000704400000, 0x0000000704600000|  0%| F|  |TAMS 0x0000000704400000| PB 0x0000000704400000| Untracked 
|   8|0x0000000704600000, 0x0000000704600000, 0x0000000704800000|  0%| F|  |TAMS 0x0000000704600000| PB 0x0000000704600000| Untracked 
|   9|0x0000000704800000, 0x0000000704800000, 0x0000000704a00000|  0%| F|  |TAMS 0x0000000704800000| PB 0x0000000704800000| Untracked 
|  10|0x0000000704a00000, 0x0000000704a00000, 0x0000000704c00000|  0%| F|  |TAMS 0x0000000704a00000| PB 0x0000000704a00000| Untracked 
|  11|0x0000000704c00000, 0x0000000704c00000, 0x0000000704e00000|  0%| F|  |TAMS 0x0000000704c00000| PB 0x0000000704c00000| Untracked 
|  12|0x0000000704e00000, 0x0000000704e00000, 0x0000000705000000|  0%| F|  |TAMS 0x0000000704e00000| PB 0x0000000704e00000| Untracked 
|  13|0x0000000705000000, 0x0000000705000000, 0x0000000705200000|  0%| F|  |TAMS 0x0000000705000000| PB 0x0000000705000000| Untracked 
|  14|0x0000000705200000, 0x0000000705200000, 0x0000000705400000|  0%| F|  |TAMS 0x0000000705200000| PB 0x0000000705200000| Untracked 
|  15|0x0000000705400000, 0x0000000705400000, 0x0000000705600000|  0%| F|  |TAMS 0x0000000705400000| PB 0x0000000705400000| Untracked 
|  16|0x0000000705600000, 0x0000000705600000, 0x0000000705800000|  0%| F|  |TAMS 0x0000000705600000| PB 0x0000000705600000| Untracked 
|  17|0x0000000705800000, 0x0000000705800000, 0x0000000705a00000|  0%| F|  |TAMS 0x0000000705800000| PB 0x0000000705800000| Untracked 
|  18|0x0000000705a00000, 0x0000000705a00000, 0x0000000705c00000|  0%| F|  |TAMS 0x0000000705a00000| PB 0x0000000705a00000| Untracked 
|  19|0x0000000705c00000, 0x0000000705c00000, 0x0000000705e00000|  0%| F|  |TAMS 0x0000000705c00000| PB 0x0000000705c00000| Untracked 
|  20|0x0000000705e00000, 0x0000000705e00000, 0x0000000706000000|  0%| F|  |TAMS 0x0000000705e00000| PB 0x0000000705e00000| Untracked 
|  21|0x0000000706000000, 0x0000000706000000, 0x0000000706200000|  0%| F|  |TAMS 0x0000000706000000| PB 0x0000000706000000| Untracked 
|  22|0x0000000706200000, 0x0000000706200000, 0x0000000706400000|  0%| F|  |TAMS 0x0000000706200000| PB 0x0000000706200000| Untracked 
|  23|0x0000000706400000, 0x0000000706400000, 0x0000000706600000|  0%| F|  |TAMS 0x0000000706400000| PB 0x0000000706400000| Untracked 
|  24|0x0000000706600000, 0x0000000706600000, 0x0000000706800000|  0%| F|  |TAMS 0x0000000706600000| PB 0x0000000706600000| Untracked 
|  25|0x0000000706800000, 0x0000000706800000, 0x0000000706a00000|  0%| F|  |TAMS 0x0000000706800000| PB 0x0000000706800000| Untracked 
|  26|0x0000000706a00000, 0x0000000706a00000, 0x0000000706c00000|  0%| F|  |TAMS 0x0000000706a00000| PB 0x0000000706a00000| Untracked 
|  27|0x0000000706c00000, 0x0000000706c00000, 0x0000000706e00000|  0%| F|  |TAMS 0x0000000706c00000| PB 0x0000000706c00000| Untracked 
|  28|0x0000000706e00000, 0x0000000706e00000, 0x0000000707000000|  0%| F|  |TAMS 0x0000000706e00000| PB 0x0000000706e00000| Untracked 
|  29|0x0000000707000000, 0x0000000707000000, 0x0000000707200000|  0%| F|  |TAMS 0x0000000707000000| PB 0x0000000707000000| Untracked 
|  30|0x0000000707200000, 0x0000000707200000, 0x0000000707400000|  0%| F|  |TAMS 0x0000000707200000| PB 0x0000000707200000| Untracked 
|  31|0x0000000707400000, 0x0000000707400000, 0x0000000707600000|  0%| F|  |TAMS 0x0000000707400000| PB 0x0000000707400000| Untracked 
|  32|0x0000000707600000, 0x0000000707600000, 0x0000000707800000|  0%| F|  |TAMS 0x0000000707600000| PB 0x0000000707600000| Untracked 
|  33|0x0000000707800000, 0x0000000707800000, 0x0000000707a00000|  0%| F|  |TAMS 0x0000000707800000| PB 0x0000000707800000| Untracked 
|  34|0x0000000707a00000, 0x0000000707a00000, 0x0000000707c00000|  0%| F|  |TAMS 0x0000000707a00000| PB 0x0000000707a00000| Untracked 
|  35|0x0000000707c00000, 0x0000000707c00000, 0x0000000707e00000|  0%| F|  |TAMS 0x0000000707c00000| PB 0x0000000707c00000| Untracked 
|  36|0x0000000707e00000, 0x0000000707e00000, 0x0000000708000000|  0%| F|  |TAMS 0x0000000707e00000| PB 0x0000000707e00000| Untracked 
|  37|0x0000000708000000, 0x0000000708000000, 0x0000000708200000|  0%| F|  |TAMS 0x0000000708000000| PB 0x0000000708000000| Untracked 
|  38|0x0000000708200000, 0x0000000708200000, 0x0000000708400000|  0%| F|  |TAMS 0x0000000708200000| PB 0x0000000708200000| Untracked 
|  39|0x0000000708400000, 0x0000000708400000, 0x0000000708600000|  0%| F|  |TAMS 0x0000000708400000| PB 0x0000000708400000| Untracked 
|  40|0x0000000708600000, 0x0000000708600000, 0x0000000708800000|  0%| F|  |TAMS 0x0000000708600000| PB 0x0000000708600000| Untracked 
|  41|0x0000000708800000, 0x0000000708800000, 0x0000000708a00000|  0%| F|  |TAMS 0x0000000708800000| PB 0x0000000708800000| Untracked 
|  42|0x0000000708a00000, 0x0000000708a00000, 0x0000000708c00000|  0%| F|  |TAMS 0x0000000708a00000| PB 0x0000000708a00000| Untracked 
|  43|0x0000000708c00000, 0x0000000708c00000, 0x0000000708e00000|  0%| F|  |TAMS 0x0000000708c00000| PB 0x0000000708c00000| Untracked 
|  44|0x0000000708e00000, 0x0000000708e00000, 0x0000000709000000|  0%| F|  |TAMS 0x0000000708e00000| PB 0x0000000708e00000| Untracked 
|  45|0x0000000709000000, 0x0000000709000000, 0x0000000709200000|  0%| F|  |TAMS 0x0000000709000000| PB 0x0000000709000000| Untracked 
|  46|0x0000000709200000, 0x0000000709200000, 0x0000000709400000|  0%| F|  |TAMS 0x0000000709200000| PB 0x0000000709200000| Untracked 
|  47|0x0000000709400000, 0x0000000709400000, 0x0000000709600000|  0%| F|  |TAMS 0x0000000709400000| PB 0x0000000709400000| Untracked 
|  48|0x0000000709600000, 0x0000000709600000, 0x0000000709800000|  0%| F|  |TAMS 0x0000000709600000| PB 0x0000000709600000| Untracked 
|  49|0x0000000709800000, 0x0000000709800000, 0x0000000709a00000|  0%| F|  |TAMS 0x0000000709800000| PB 0x0000000709800000| Untracked 
|  50|0x0000000709a00000, 0x0000000709a00000, 0x0000000709c00000|  0%| F|  |TAMS 0x0000000709a00000| PB 0x0000000709a00000| Untracked 
|  51|0x0000000709c00000, 0x0000000709c00000, 0x0000000709e00000|  0%| F|  |TAMS 0x0000000709c00000| PB 0x0000000709c00000| Untracked 
|  52|0x0000000709e00000, 0x0000000709e00000, 0x000000070a000000|  0%| F|  |TAMS 0x0000000709e00000| PB 0x0000000709e00000| Untracked 
|  53|0x000000070a000000, 0x000000070a000000, 0x000000070a200000|  0%| F|  |TAMS 0x000000070a000000| PB 0x000000070a000000| Untracked 
|  54|0x000000070a200000, 0x000000070a200000, 0x000000070a400000|  0%| F|  |TAMS 0x000000070a200000| PB 0x000000070a200000| Untracked 
|  55|0x000000070a400000, 0x000000070a400000, 0x000000070a600000|  0%| F|  |TAMS 0x000000070a400000| PB 0x000000070a400000| Untracked 
|  56|0x000000070a600000, 0x000000070a600000, 0x000000070a800000|  0%| F|  |TAMS 0x000000070a600000| PB 0x000000070a600000| Untracked 
|  57|0x000000070a800000, 0x000000070a800000, 0x000000070aa00000|  0%| F|  |TAMS 0x000000070a800000| PB 0x000000070a800000| Untracked 
|  58|0x000000070aa00000, 0x000000070aa00000, 0x000000070ac00000|  0%| F|  |TAMS 0x000000070aa00000| PB 0x000000070aa00000| Untracked 
|  59|0x000000070ac00000, 0x000000070ac00000, 0x000000070ae00000|  0%| F|  |TAMS 0x000000070ac00000| PB 0x000000070ac00000| Untracked 
|  60|0x000000070ae00000, 0x000000070ae00000, 0x000000070b000000|  0%| F|  |TAMS 0x000000070ae00000| PB 0x000000070ae00000| Untracked 
|  61|0x000000070b000000, 0x000000070b000000, 0x000000070b200000|  0%| F|  |TAMS 0x000000070b000000| PB 0x000000070b000000| Untracked 
|  62|0x000000070b200000, 0x000000070b200000, 0x000000070b400000|  0%| F|  |TAMS 0x000000070b200000| PB 0x000000070b200000| Untracked 
|  63|0x000000070b400000, 0x000000070b400000, 0x000000070b600000|  0%| F|  |TAMS 0x000000070b400000| PB 0x000000070b400000| Untracked 
|  64|0x000000070b600000, 0x000000070b600000, 0x000000070b800000|  0%| F|  |TAMS 0x000000070b600000| PB 0x000000070b600000| Untracked 
|  65|0x000000070b800000, 0x000000070b800000, 0x000000070ba00000|  0%| F|  |TAMS 0x000000070b800000| PB 0x000000070b800000| Untracked 
|  66|0x000000070ba00000, 0x000000070ba00000, 0x000000070bc00000|  0%| F|  |TAMS 0x000000070ba00000| PB 0x000000070ba00000| Untracked 
|  67|0x000000070bc00000, 0x000000070bc00000, 0x000000070be00000|  0%| F|  |TAMS 0x000000070bc00000| PB 0x000000070bc00000| Untracked 
|  68|0x000000070be00000, 0x000000070be00000, 0x000000070c000000|  0%| F|  |TAMS 0x000000070be00000| PB 0x000000070be00000| Untracked 
|  69|0x000000070c000000, 0x000000070c000000, 0x000000070c200000|  0%| F|  |TAMS 0x000000070c000000| PB 0x000000070c000000| Untracked 
|  70|0x000000070c200000, 0x000000070c200000, 0x000000070c400000|  0%| F|  |TAMS 0x000000070c200000| PB 0x000000070c200000| Untracked 
|  71|0x000000070c400000, 0x000000070c400000, 0x000000070c600000|  0%| F|  |TAMS 0x000000070c400000| PB 0x000000070c400000| Untracked 
|  72|0x000000070c600000, 0x000000070c600000, 0x000000070c800000|  0%| F|  |TAMS 0x000000070c600000| PB 0x000000070c600000| Untracked 
|  73|0x000000070c800000, 0x000000070c800000, 0x000000070ca00000|  0%| F|  |TAMS 0x000000070c800000| PB 0x000000070c800000| Untracked 
|  74|0x000000070ca00000, 0x000000070ca00000, 0x000000070cc00000|  0%| F|  |TAMS 0x000000070ca00000| PB 0x000000070ca00000| Untracked 
|  75|0x000000070cc00000, 0x000000070cc00000, 0x000000070ce00000|  0%| F|  |TAMS 0x000000070cc00000| PB 0x000000070cc00000| Untracked 
|  76|0x000000070ce00000, 0x000000070ce00000, 0x000000070d000000|  0%| F|  |TAMS 0x000000070ce00000| PB 0x000000070ce00000| Untracked 
|  77|0x000000070d000000, 0x000000070d000000, 0x000000070d200000|  0%| F|  |TAMS 0x000000070d000000| PB 0x000000070d000000| Untracked 
|  78|0x000000070d200000, 0x000000070d200000, 0x000000070d400000|  0%| F|  |TAMS 0x000000070d200000| PB 0x000000070d200000| Untracked 
|  79|0x000000070d400000, 0x000000070d400000, 0x000000070d600000|  0%| F|  |TAMS 0x000000070d400000| PB 0x000000070d400000| Untracked 
|  80|0x000000070d600000, 0x000000070d600000, 0x000000070d800000|  0%| F|  |TAMS 0x000000070d600000| PB 0x000000070d600000| Untracked 
|  81|0x000000070d800000, 0x000000070d800000, 0x000000070da00000|  0%| F|  |TAMS 0x000000070d800000| PB 0x000000070d800000| Untracked 
|  82|0x000000070da00000, 0x000000070da00000, 0x000000070dc00000|  0%| F|  |TAMS 0x000000070da00000| PB 0x000000070da00000| Untracked 
|  83|0x000000070dc00000, 0x000000070dc00000, 0x000000070de00000|  0%| F|  |TAMS 0x000000070dc00000| PB 0x000000070dc00000| Untracked 
|  84|0x000000070de00000, 0x000000070de00000, 0x000000070e000000|  0%| F|  |TAMS 0x000000070de00000| PB 0x000000070de00000| Untracked 
|  85|0x000000070e000000, 0x000000070e000000, 0x000000070e200000|  0%| F|  |TAMS 0x000000070e000000| PB 0x000000070e000000| Untracked 
|  86|0x000000070e200000, 0x000000070e200000, 0x000000070e400000|  0%| F|  |TAMS 0x000000070e200000| PB 0x000000070e200000| Untracked 
|  87|0x000000070e400000, 0x000000070e400000, 0x000000070e600000|  0%| F|  |TAMS 0x000000070e400000| PB 0x000000070e400000| Untracked 
|  88|0x000000070e600000, 0x000000070e600000, 0x000000070e800000|  0%| F|  |TAMS 0x000000070e600000| PB 0x000000070e600000| Untracked 
|  89|0x000000070e800000, 0x000000070e800000, 0x000000070ea00000|  0%| F|  |TAMS 0x000000070e800000| PB 0x000000070e800000| Untracked 
|  90|0x000000070ea00000, 0x000000070ea00000, 0x000000070ec00000|  0%| F|  |TAMS 0x000000070ea00000| PB 0x000000070ea00000| Untracked 
|  91|0x000000070ec00000, 0x000000070ec00000, 0x000000070ee00000|  0%| F|  |TAMS 0x000000070ec00000| PB 0x000000070ec00000| Untracked 
|  92|0x000000070ee00000, 0x000000070ee00000, 0x000000070f000000|  0%| F|  |TAMS 0x000000070ee00000| PB 0x000000070ee00000| Untracked 
|  93|0x000000070f000000, 0x000000070f000000, 0x000000070f200000|  0%| F|  |TAMS 0x000000070f000000| PB 0x000000070f000000| Untracked 
|  94|0x000000070f200000, 0x000000070f200000, 0x000000070f400000|  0%| F|  |TAMS 0x000000070f200000| PB 0x000000070f200000| Untracked 
|  95|0x000000070f400000, 0x000000070f400000, 0x000000070f600000|  0%| F|  |TAMS 0x000000070f400000| PB 0x000000070f400000| Untracked 
|  96|0x000000070f600000, 0x000000070f600000, 0x000000070f800000|  0%| F|  |TAMS 0x000000070f600000| PB 0x000000070f600000| Untracked 
|  97|0x000000070f800000, 0x000000070f800000, 0x000000070fa00000|  0%| F|  |TAMS 0x000000070f800000| PB 0x000000070f800000| Untracked 
|  98|0x000000070fa00000, 0x000000070fa00000, 0x000000070fc00000|  0%| F|  |TAMS 0x000000070fa00000| PB 0x000000070fa00000| Untracked 
|  99|0x000000070fc00000, 0x000000070fc00000, 0x000000070fe00000|  0%| F|  |TAMS 0x000000070fc00000| PB 0x000000070fc00000| Untracked 
| 100|0x000000070fe00000, 0x000000070fe00000, 0x0000000710000000|  0%| F|  |TAMS 0x000000070fe00000| PB 0x000000070fe00000| Untracked 
| 101|0x0000000710000000, 0x0000000710000000, 0x0000000710200000|  0%| F|  |TAMS 0x0000000710000000| PB 0x0000000710000000| Untracked 
| 102|0x0000000710200000, 0x0000000710200000, 0x0000000710400000|  0%| F|  |TAMS 0x0000000710200000| PB 0x0000000710200000| Untracked 
| 103|0x0000000710400000, 0x0000000710400000, 0x0000000710600000|  0%| F|  |TAMS 0x0000000710400000| PB 0x0000000710400000| Untracked 
| 104|0x0000000710600000, 0x0000000710600000, 0x0000000710800000|  0%| F|  |TAMS 0x0000000710600000| PB 0x0000000710600000| Untracked 
| 105|0x0000000710800000, 0x0000000710800000, 0x0000000710a00000|  0%| F|  |TAMS 0x0000000710800000| PB 0x0000000710800000| Untracked 
| 106|0x0000000710a00000, 0x0000000710a00000, 0x0000000710c00000|  0%| F|  |TAMS 0x0000000710a00000| PB 0x0000000710a00000| Untracked 
| 107|0x0000000710c00000, 0x0000000710c00000, 0x0000000710e00000|  0%| F|  |TAMS 0x0000000710c00000| PB 0x0000000710c00000| Untracked 
| 108|0x0000000710e00000, 0x0000000710fde9e0, 0x0000000711000000| 93%| S|CS|TAMS 0x0000000710e00000| PB 0x0000000710e00000| Complete 
| 109|0x0000000711000000, 0x0000000711000000, 0x0000000711200000|  0%| F|  |TAMS 0x0000000711000000| PB 0x0000000711000000| Untracked 
| 110|0x0000000711200000, 0x0000000711200000, 0x0000000711400000|  0%| F|  |TAMS 0x0000000711200000| PB 0x0000000711200000| Untracked 
| 111|0x0000000711400000, 0x0000000711400000, 0x0000000711600000|  0%| F|  |TAMS 0x0000000711400000| PB 0x0000000711400000| Untracked 
| 112|0x0000000711600000, 0x0000000711600000, 0x0000000711800000|  0%| F|  |TAMS 0x0000000711600000| PB 0x0000000711600000| Untracked 
| 113|0x0000000711800000, 0x0000000711800000, 0x0000000711a00000|  0%| F|  |TAMS 0x0000000711800000| PB 0x0000000711800000| Untracked 
| 114|0x0000000711a00000, 0x0000000711a00000, 0x0000000711c00000|  0%| F|  |TAMS 0x0000000711a00000| PB 0x0000000711a00000| Untracked 
| 115|0x0000000711c00000, 0x0000000711c00000, 0x0000000711e00000|  0%| F|  |TAMS 0x0000000711c00000| PB 0x0000000711c00000| Untracked 
| 116|0x0000000711e00000, 0x0000000711e00000, 0x0000000712000000|  0%| F|  |TAMS 0x0000000711e00000| PB 0x0000000711e00000| Untracked 
| 117|0x0000000712000000, 0x0000000712000000, 0x0000000712200000|  0%| F|  |TAMS 0x0000000712000000| PB 0x0000000712000000| Untracked 
| 118|0x0000000712200000, 0x0000000712200000, 0x0000000712400000|  0%| F|  |TAMS 0x0000000712200000| PB 0x0000000712200000| Untracked 
| 119|0x0000000712400000, 0x00000007124a7300, 0x0000000712600000| 32%| E|  |TAMS 0x0000000712400000| PB 0x0000000712400000| Complete 
| 120|0x0000000712600000, 0x0000000712800000, 0x0000000712800000|100%| E|CS|TAMS 0x0000000712600000| PB 0x0000000712600000| Complete 
| 121|0x0000000712800000, 0x0000000712a00000, 0x0000000712a00000|100%| E|CS|TAMS 0x0000000712800000| PB 0x0000000712800000| Complete 
| 122|0x0000000712a00000, 0x0000000712c00000, 0x0000000712c00000|100%| E|CS|TAMS 0x0000000712a00000| PB 0x0000000712a00000| Complete 
| 123|0x0000000712c00000, 0x0000000712e00000, 0x0000000712e00000|100%| E|CS|TAMS 0x0000000712c00000| PB 0x0000000712c00000| Complete 
| 124|0x0000000712e00000, 0x0000000713000000, 0x0000000713000000|100%| E|CS|TAMS 0x0000000712e00000| PB 0x0000000712e00000| Complete 
| 125|0x0000000713000000, 0x0000000713200000, 0x0000000713200000|100%| E|CS|TAMS 0x0000000713000000| PB 0x0000000713000000| Complete 
| 126|0x0000000713200000, 0x0000000713400000, 0x0000000713400000|100%| E|CS|TAMS 0x0000000713200000| PB 0x0000000713200000| Complete 

Card table byte_map: [0x000001981dc40000,0x000001981e430000] _byte_map_base: 0x000001981a425000

Marking Bits: (CMBitMap*) 0x0000019805cdd990
 Bits: [0x000001981e430000, 0x0000019822358000)

Polling page: 0x0000019803bb0000

Metaspace:

Usage:
  Non-class:     11.03 MB used.
      Class:      1.50 MB used.
       Both:     12.53 MB used.

Virtual space:
  Non-class space:       64.00 MB reserved,      11.19 MB ( 17%) committed,  1 nodes.
      Class space:        1.00 GB reserved,       1.56 MB ( <1%) committed,  1 nodes.
             Both:        1.06 GB reserved,      12.75 MB (  1%) committed. 

Chunk freelists:
   Non-Class:  3.84 MB
       Class:  14.44 MB
        Both:  18.28 MB

MaxMetaspaceSize: unlimited
CompressedClassSpaceSize: 1.00 GB
Initial GC threshold: 21.00 MB
Current GC threshold: 21.00 MB
CDS: on
 - commit_granule_bytes: 65536.
 - commit_granule_words: 8192.
 - virtual_space_node_default_size: 8388608.
 - enlarge_chunks_in_place: 1.
 - use_allocation_guard: 0.


Internal statistics:

num_allocs_failed_limit: 0.
num_arena_births: 96.
num_arena_deaths: 0.
num_vsnodes_births: 2.
num_vsnodes_deaths: 0.
num_space_committed: 204.
num_space_uncommitted: 0.
num_chunks_returned_to_freelist: 0.
num_chunks_taken_from_freelist: 515.
num_chunk_merges: 0.
num_chunk_splits: 363.
num_chunks_enlarged: 304.
num_inconsistent_stats: 0.

CodeHeap 'non-profiled nmethods': size=120000Kb used=1053Kb max_used=1053Kb free=118946Kb
 bounds [0x0000019815bf0000, 0x0000019815e60000, 0x000001981d120000]
CodeHeap 'profiled nmethods': size=120000Kb used=5178Kb max_used=5178Kb free=114821Kb
 bounds [0x000001980e120000, 0x000001980e630000, 0x0000019815650000]
CodeHeap 'non-nmethods': size=5760Kb used=1517Kb max_used=1541Kb free=4242Kb
 bounds [0x0000019815650000, 0x00000198158c0000, 0x0000019815bf0000]
 total_blobs=3092 nmethods=2616 adapters=380
 compilation: enabled
              stopped_count=0, restarted_count=0
 full_count=0

Compilation events (20 events):
Event: 1.823 Thread 0x0000019824ccd4f0 nmethod 2569 0x000001980e60d990 code [0x000001980e60dc20, 0x000001980e60e960]
Event: 1.823 Thread 0x0000019824ccd4f0 2571       1       java.util.Collections$SingletonList::size (2 bytes)
Event: 1.823 Thread 0x0000019824ccd4f0 nmethod 2571 0x0000019815cf5490 code [0x0000019815cf5620, 0x0000019815cf56e8]
Event: 1.824 Thread 0x0000019824ccd4f0 2572       3       jdk.internal.org.objectweb.asm.MethodWriter::putFrame (549 bytes)
Event: 1.824 Thread 0x000001986aa5f790 2574       4       jdk.internal.org.objectweb.asm.Frame::execute (2305 bytes)
Event: 1.825 Thread 0x0000019824ccd4f0 nmethod 2572 0x000001980e60ed90 code [0x000001980e60f220, 0x000001980e610da0]
Event: 1.825 Thread 0x0000019824ccd4f0 2575       3       jdk.internal.org.objectweb.asm.SymbolTable::put (150 bytes)
Event: 1.825 Thread 0x0000019824ccd4f0 nmethod 2575 0x000001980e611a10 code [0x000001980e611c00, 0x000001980e6124a8]
Event: 1.825 Thread 0x0000019824ccd4f0 2573       3       jdk.internal.org.objectweb.asm.MethodWriter::addSuccessorToCurrentBasicBlock (24 bytes)
Event: 1.826 Thread 0x0000019824ccd4f0 nmethod 2573 0x000001980e612790 code [0x000001980e612940, 0x000001980e612cb0]
Event: 1.828 Thread 0x0000019824ccd4f0 2576       3       java.lang.invoke.LambdaFormEditor$TransformKey::of (51 bytes)
Event: 1.829 Thread 0x0000019824ccd4f0 nmethod 2576 0x000001980e612e10 code [0x000001980e613020, 0x000001980e6134f0]
Event: 1.829 Thread 0x0000019824ccd4f0 2579       3       java.lang.invoke.BoundMethodHandle::makeReinvoker (27 bytes)
Event: 1.829 Thread 0x0000019824ccd4f0 nmethod 2579 0x000001980e613690 code [0x000001980e613860, 0x000001980e613b48]
Event: 1.829 Thread 0x0000019824ccd4f0 2577       3       java.lang.invoke.LambdaFormEditor$TransformKey::packedBytes (37 bytes)
Event: 1.829 Thread 0x0000019824ccd4f0 nmethod 2577 0x000001980e613c90 code [0x000001980e613e20, 0x000001980e613f30]
Event: 1.829 Thread 0x0000019824ccd4f0 2578       3       java.util.Arrays::copyOfRange (11 bytes)
Event: 1.829 Thread 0x0000019824ccd4f0 nmethod 2578 0x000001980e613f90 code [0x000001980e614140, 0x000001980e614290]
Event: 1.831 Thread 0x0000019824ccd4f0 2580       3       com.google.inject.internal.ConstructionContext::finishConstruction (11 bytes)
Event: 1.831 Thread 0x0000019824ccd4f0 nmethod 2580 0x000001980e614390 code [0x000001980e614520, 0x000001980e614658]

GC Heap History (4 events):
Event: 0.794 GC heap before
{Heap before GC invocations=0 (full 0):
 garbage-first heap   total 260096K, used 22528K [0x0000000703600000, 0x0000000800000000)
  region size 2048K, 11 young (22528K), 0 survivors (0K)
 Metaspace       used 5620K, committed 5888K, reserved 1114112K
  class space    used 646K, committed 768K, reserved 1048576K
}
Event: 0.804 GC heap after
{Heap after GC invocations=1 (full 0):
 garbage-first heap   total 260096K, used 3797K [0x0000000703600000, 0x0000000800000000)
  region size 2048K, 2 young (4096K), 2 survivors (4096K)
 Metaspace       used 5620K, committed 5888K, reserved 1114112K
  class space    used 646K, committed 768K, reserved 1048576K
}
Event: 1.438 GC heap before
{Heap before GC invocations=1 (full 0):
 garbage-first heap   total 260096K, used 36565K [0x0000000703600000, 0x0000000800000000)
  region size 2048K, 18 young (36864K), 2 survivors (4096K)
 Metaspace       used 9972K, committed 10176K, reserved 1114112K
  class space    used 1173K, committed 1280K, reserved 1048576K
}
Event: 1.444 GC heap after
{Heap after GC invocations=2 (full 0):
 garbage-first heap   total 260096K, used 5470K [0x0000000703600000, 0x0000000800000000)
  region size 2048K, 1 young (2048K), 1 survivors (2048K)
 Metaspace       used 9972K, committed 10176K, reserved 1114112K
  class space    used 1173K, committed 1280K, reserved 1048576K
}

Dll operation events (8 events):
Event: 0.008 Loaded shared library C:\Program Files\Java\jdk-21.0.10\bin\java.dll
Event: 0.051 Loaded shared library C:\Program Files\Java\jdk-21.0.10\bin\jsvml.dll
Event: 0.072 Loaded shared library C:\Program Files\Java\jdk-21.0.10\bin\net.dll
Event: 0.075 Loaded shared library C:\Program Files\Java\jdk-21.0.10\bin\nio.dll
Event: 0.081 Loaded shared library C:\Program Files\Java\jdk-21.0.10\bin\zip.dll
Event: 0.275 Loaded shared library C:\Program Files\Java\jdk-21.0.10\bin\jimage.dll
Event: 0.277 Loaded shared library C:\apache-maven-3.9.12\lib\jansi-native\Windows\x86_64\jansi.dll
Event: 0.297 Loaded shared library C:\Program Files\Java\jdk-21.0.10\bin\verify.dll

Deoptimization events (20 events):
Event: 1.764 Thread 0x0000019803a5e870 Uncommon trap: trap_request=0xffffff45 fr.pc=0x0000019815cc7054 relative=0x00000000000000b4
Event: 1.764 Thread 0x0000019803a5e870 Uncommon trap: reason=unstable_if action=reinterpret pc=0x0000019815cc7054 method=java.lang.ref.ReferenceQueue.poll()Ljava/lang/ref/Reference; @ 4 c2
Event: 1.764 Thread 0x0000019803a5e870 DEOPT PACKING pc=0x0000019815cc7054 sp=0x0000008848ffed30
Event: 1.764 Thread 0x0000019803a5e870 DEOPT UNPACKING pc=0x00000198156a7da2 sp=0x0000008848ffebd0 mode 2
Event: 1.764 Thread 0x0000019803a5e870 Uncommon trap: trap_request=0xffffff45 fr.pc=0x0000019815c83810 relative=0x0000000000000070
Event: 1.764 Thread 0x0000019803a5e870 Uncommon trap: reason=unstable_if action=reinterpret pc=0x0000019815c83810 method=java.lang.ref.ReferenceQueue.poll()Ljava/lang/ref/Reference; @ 4 c2
Event: 1.764 Thread 0x0000019803a5e870 DEOPT PACKING pc=0x0000019815c83810 sp=0x0000008848ffec30
Event: 1.765 Thread 0x0000019803a5e870 DEOPT UNPACKING pc=0x00000198156a7da2 sp=0x0000008848ffebc0 mode 2
Event: 1.824 Thread 0x0000019803a5e870 Uncommon trap: trap_request=0xffffff45 fr.pc=0x0000019815cc5e64 relative=0x0000000000000324
Event: 1.824 Thread 0x0000019803a5e870 Uncommon trap: reason=unstable_if action=reinterpret pc=0x0000019815cc5e64 method=jdk.internal.org.objectweb.asm.SymbolTable.put(Ljdk/internal/org/objectweb/asm/SymbolTable$Entry;)Ljdk/internal/org/objectweb/asm/SymbolTable$Entry; @ 13 c2
Event: 1.824 Thread 0x0000019803a5e870 DEOPT PACKING pc=0x0000019815cc5e64 sp=0x0000008848ff9890
Event: 1.824 Thread 0x0000019803a5e870 DEOPT UNPACKING pc=0x00000198156a7da2 sp=0x0000008848ff9810 mode 2
Event: 1.830 Thread 0x0000019803a5e870 Uncommon trap: trap_request=0xffffffd6 fr.pc=0x0000019815cf0c74 relative=0x0000000000001034
Event: 1.830 Thread 0x0000019803a5e870 Uncommon trap: reason=array_check action=maybe_recompile pc=0x0000019815cf0c74 method=com.google.inject.internal.MoreTypes$ParameterizedTypeImpl.<init>(Ljava/lang/reflect/Type;Ljava/lang/reflect/Type;[Ljava/lang/reflect/Type;)V @ 200 c2
Event: 1.830 Thread 0x0000019803a5e870 DEOPT PACKING pc=0x0000019815cf0c74 sp=0x0000008848ffb0a0
Event: 1.830 Thread 0x0000019803a5e870 DEOPT UNPACKING pc=0x00000198156a7da2 sp=0x0000008848ffaf68 mode 2
Event: 1.830 Thread 0x0000019803a5e870 Uncommon trap: trap_request=0xffffffd6 fr.pc=0x0000019815cf0c74 relative=0x0000000000001034
Event: 1.830 Thread 0x0000019803a5e870 Uncommon trap: reason=array_check action=maybe_recompile pc=0x0000019815cf0c74 method=com.google.inject.internal.MoreTypes$ParameterizedTypeImpl.<init>(Ljava/lang/reflect/Type;Ljava/lang/reflect/Type;[Ljava/lang/reflect/Type;)V @ 200 c2
Event: 1.830 Thread 0x0000019803a5e870 DEOPT PACKING pc=0x0000019815cf0c74 sp=0x0000008848ffb080
Event: 1.830 Thread 0x0000019803a5e870 DEOPT UNPACKING pc=0x00000198156a7da2 sp=0x0000008848ffaf48 mode 2

Classes loaded (20 events):
Event: 1.467 Loading class java/nio/channels/FileLock
Event: 1.467 Loading class java/nio/channels/FileLock done
Event: 1.486 Loading class java/nio/file/AccessDeniedException
Event: 1.486 Loading class java/nio/file/AccessDeniedException done
Event: 1.533 Loading class java/lang/invoke/DirectMethodHandle$StaticAccessor
Event: 1.534 Loading class java/lang/invoke/DirectMethodHandle$StaticAccessor done
Event: 1.628 Loading class sun/reflect/generics/scope/MethodScope
Event: 1.628 Loading class sun/reflect/generics/scope/MethodScope done
Event: 1.628 Loading class sun/reflect/generics/repository/MethodRepository
Event: 1.628 Loading class sun/reflect/generics/repository/MethodRepository done
Event: 1.735 Loading class java/util/ConcurrentModificationException
Event: 1.736 Loading class java/util/ConcurrentModificationException done
Event: 1.758 Loading class java/lang/ClassFormatError
Event: 1.759 Loading class java/lang/ClassFormatError done
Event: 1.759 Loading class java/security/PrivilegedActionException
Event: 1.759 Loading class java/security/PrivilegedActionException done
Event: 1.810 Loading class java/lang/invoke/VarHandleInts$FieldInstanceReadWrite
Event: 1.811 Loading class java/lang/invoke/VarHandleInts$FieldInstanceReadOnly
Event: 1.811 Loading class java/lang/invoke/VarHandleInts$FieldInstanceReadOnly done
Event: 1.811 Loading class java/lang/invoke/VarHandleInts$FieldInstanceReadWrite done

Classes unloaded (0 events):
No events

Classes redefined (0 events):
No events

Internal exceptions (20 events):
Event: 0.288 Thread 0x0000019803a5e870 Exception <a 'java/lang/NullPointerException'{0x0000000712c13c68}> (0x0000000712c13c68) 
thrown [s\open\src\hotspot\share\interpreter\linkResolver.cpp, line 1372]
Event: 0.288 Thread 0x0000019803a5e870 Exception <a 'java/lang/NullPointerException'{0x0000000712c13f48}> (0x0000000712c13f48) 
thrown [s\open\src\hotspot\share\interpreter\linkResolver.cpp, line 1372]
Event: 0.305 Thread 0x0000019803a5e870 Exception <a 'java/lang/NoSuchMethodError'{0x0000000712c7f7f8}: 'void java.lang.invoke.DirectMethodHandle$Holder.invokeVirtual(java.lang.Object, java.lang.Object)'> (0x0000000712c7f7f8) 
thrown [s\open\src\hotspot\share\interpreter\linkResolver.cpp, line 773]
Event: 0.309 Thread 0x0000019803a5e870 Exception <a 'java/lang/NoSuchMethodError'{0x0000000712c9b4e8}: 'void java.lang.invoke.DirectMethodHandle$Holder.invokeStatic(java.lang.Object, java.lang.Object)'> (0x0000000712c9b4e8) 
thrown [s\open\src\hotspot\share\interpreter\linkResolver.cpp, line 773]
Event: 0.309 Thread 0x0000019803a5e870 Exception <a 'java/lang/NoSuchMethodError'{0x0000000712c9e5b0}: 'void java.lang.invoke.DirectMethodHandle$Holder.invokeStaticInit(java.lang.Object, java.lang.Object)'> (0x0000000712c9e5b0) 
thrown [s\open\src\hotspot\share\interpreter\linkResolver.cpp, line 773]
Event: 0.323 Thread 0x0000019803a5e870 Exception <a 'java/lang/NoSuchMethodError'{0x0000000712ce4338}: 'void java.lang.invoke.DirectMethodHandle$Holder.invokeStatic(java.lang.Object, java.lang.Object, java.lang.Object)'> (0x0000000712ce4338) 
thrown [s\open\src\hotspot\share\interpreter\linkResolver.cpp, line 773]
Event: 0.389 Thread 0x0000019803a5e870 Exception <a 'java/lang/NoSuchMethodError'{0x0000000712a5ddd0}: 'java.lang.Object java.lang.invoke.DirectMethodHandle$Holder.invokeSpecialIFC(java.lang.Object, java.lang.Object, java.lang.Object, java.lang.Object)'> (0x0000000712a5ddd0) 
thrown [s\open\src\hotspot\share\interpreter\linkResolver.cpp, line 773]
Event: 0.583 Thread 0x0000019803a5e870 Exception <a 'java/lang/NoSuchMethodError'{0x0000000712415418}: 'void java.lang.invoke.DirectMethodHandle$Holder.invokeSpecial(java.lang.Object, java.lang.Object, java.lang.Object)'> (0x0000000712415418) 
thrown [s\open\src\hotspot\share\interpreter\linkResolver.cpp, line 773]
Event: 0.625 Thread 0x0000019803a5e870 Exception <a 'java/lang/NoSuchMethodError'{0x000000071256d668}: 'java.lang.Object java.lang.invoke.DirectMethodHandle$Holder.invokeInterface(java.lang.Object, java.lang.Object)'> (0x000000071256d668) 
thrown [s\open\src\hotspot\share\interpreter\linkResolver.cpp, line 773]
Event: 0.643 Thread 0x0000019803a5e870 Exception <a 'java/lang/NoSuchMethodError'{0x000000071220d2d8}: 'int java.lang.invoke.DirectMethodHandle$Holder.invokeStatic(java.lang.Object, java.lang.Object, java.lang.Object, java.lang.Object)'> (0x000000071220d2d8) 
thrown [s\open\src\hotspot\share\interpreter\linkResolver.cpp, line 773]
Event: 0.643 Thread 0x0000019803a5e870 Exception <a 'java/lang/NoSuchMethodError'{0x0000000712210968}: 'java.lang.Object java.lang.invoke.Invokers$Holder.invokeExact_MT(java.lang.Object, java.lang.Object, java.lang.Object, java.lang.Object, java.lang.Object, java.lang.Object)'> (0x0000000712210968) 
thrown [s\open\src\hotspot\share\interpreter\linkResolver.cpp, line 773]
Event: 0.645 Thread 0x0000019803a5e870 Exception <a 'java/lang/NoSuchMethodError'{0x000000071221eed8}: 'int java.lang.invoke.DirectMethodHandle$Holder.invokeSpecialIFC(java.lang.Object, java.lang.Object, java.lang.Object, java.lang.Object, java.lang.Object)'> (0x000000071221eed8) 
thrown [s\open\src\hotspot\share\interpreter\linkResolver.cpp, line 773]
Event: 0.704 Thread 0x0000019803a5e870 Exception <a 'java/lang/NoSuchMethodError'{0x00000007123b8128}: 'java.lang.Object java.lang.invoke.DirectMethodHandle$Holder.newInvokeSpecial(java.lang.Object, java.lang.Object, java.lang.Object, java.lang.Object, java.lang.Object)'> (0x00000007123b8128) 
thrown [s\open\src\hotspot\share\interpreter\linkResolver.cpp, line 773]
Event: 0.736 Thread 0x0000019803a5e870 Exception <a 'java/lang/NoSuchMethodError'{0x00000007120d2908}: 'int java.lang.invoke.DirectMethodHandle$Holder.invokeStaticInit(java.lang.Object, java.lang.Object)'> (0x00000007120d2908) 
thrown [s\open\src\hotspot\share\interpreter\linkResolver.cpp, line 773]
Event: 0.745 Thread 0x0000019803a5e870 Exception <a 'java/lang/NoClassDefFoundError'{0x0000000712109fb0}: javax/enterprise/inject/Typed> (0x0000000712109fb0) 
thrown [s\open\src\hotspot\share\classfile\systemDictionary.cpp, line 301]
Event: 1.520 Thread 0x0000019803a5e870 Exception <a 'java/lang/NoSuchMethodError'{0x000000071314b620}: 'void java.lang.invoke.DirectMethodHandle$Holder.invokeStaticInit(java.lang.Object, java.lang.Object, java.lang.Object)'> (0x000000071314b620) 
thrown [s\open\src\hotspot\share\interpreter\linkResolver.cpp, line 773]
Event: 1.533 Thread 0x0000019803a5e870 Implicit null exception at 0x0000019815ca9ada to 0x0000019815ca9cd4
Event: 1.535 Thread 0x0000019803a5e870 Exception <a 'java/lang/NoSuchMethodError'{0x00000007131ba878}: 'java.lang.Object java.lang.invoke.Invokers$Holder.invokeExact_MT(java.lang.Object, int, java.lang.Object)'> (0x00000007131ba878) 
thrown [s\open\src\hotspot\share\interpreter\linkResolver.cpp, line 773]
Event: 1.740 Thread 0x0000019803a5e870 Exception <a 'java/lang/NoSuchMethodError'{0x00000007129d0018}: 'void java.lang.invoke.Invokers$Holder.invokeExact_MT(java.lang.Object, java.lang.Object, java.lang.Object, java.lang.Object)'> (0x00000007129d0018) 
thrown [s\open\src\hotspot\share\interpreter\linkResolver.cpp, line 773]
Event: 1.758 Thread 0x0000019803a5e870 Exception <a 'java/lang/NoClassDefFoundError'{0x000000071265ce98}: com/google/inject/servlet/ServletModuleTargetVisitor> (0x000000071265ce98) 
thrown [s\open\src\hotspot\share\classfile\systemDictionary.cpp, line 301]

ZGC Phase Switch (0 events):
No events

VM Operations (20 events):
Event: 1.273 Executing VM operation: HandshakeAllThreads (Deoptimize)
Event: 1.273 Executing VM operation: HandshakeAllThreads (Deoptimize) done
Event: 1.325 Executing VM operation: ICBufferFull
Event: 1.326 Executing VM operation: ICBufferFull done
Event: 1.438 Executing VM operation: G1CollectForAllocation (G1 Evacuation Pause)
Event: 1.444 Executing VM operation: G1CollectForAllocation (G1 Evacuation Pause) done
Event: 1.523 Executing VM operation: HandshakeAllThreads (Deoptimize)
Event: 1.523 Executing VM operation: HandshakeAllThreads (Deoptimize) done
Event: 1.568 Executing VM operation: HandshakeAllThreads (Deoptimize)
Event: 1.569 Executing VM operation: HandshakeAllThreads (Deoptimize) done
Event: 1.571 Executing VM operation: HandshakeAllThreads (Deoptimize)
Event: 1.571 Executing VM operation: HandshakeAllThreads (Deoptimize) done
Event: 1.628 Executing VM operation: HandshakeAllThreads (Deoptimize)
Event: 1.628 Executing VM operation: HandshakeAllThreads (Deoptimize) done
Event: 1.735 Executing VM operation: HandshakeAllThreads (Deoptimize)
Event: 1.735 Executing VM operation: HandshakeAllThreads (Deoptimize) done
Event: 1.743 Executing VM operation: ICBufferFull
Event: 1.743 Executing VM operation: ICBufferFull done
Event: 1.823 Executing VM operation: HandshakeAllThreads (Deoptimize)
Event: 1.823 Executing VM operation: HandshakeAllThreads (Deoptimize) done

Events (15 events):
Event: 0.031 Thread 0x0000019803a5e870 Thread added: 0x0000019803a5e870
Event: 0.047 Thread 0x0000019824cb2ad0 Thread added: 0x0000019824cb2ad0
Event: 0.047 Thread 0x0000019824cb39f0 Thread added: 0x0000019824cb39f0
Event: 0.048 Thread 0x0000019824cb5ea0 Thread added: 0x0000019824cb5ea0
Event: 0.048 Thread 0x0000019824cbac50 Thread added: 0x0000019824cbac50
Event: 0.048 Thread 0x0000019824cbbb00 Thread added: 0x0000019824cbbb00
Event: 0.048 Thread 0x0000019824cbc650 Thread added: 0x0000019824cbc650
Event: 0.048 Thread 0x0000019824cbe3f0 Thread added: 0x0000019824cbe3f0
Event: 0.048 Thread 0x0000019824ccd4f0 Thread added: 0x0000019824ccd4f0
Event: 0.063 Thread 0x000001986a148100 Thread added: 0x000001986a148100
Event: 0.067 Thread 0x000001986a14d380 Thread added: 0x000001986a14d380
Event: 0.272 Thread 0x000001986a57c9d0 Thread added: 0x000001986a57c9d0
Event: 0.288 Thread 0x000001986a57c9d0 Thread exited: 0x000001986a57c9d0
Event: 0.762 Thread 0x000001986aa5f790 Thread added: 0x000001986aa5f790
Event: 0.772 Thread 0x000001986ac386b0 Thread added: 0x000001986ac386b0


Dynamic libraries:
0x00007ff6dff10000 - 0x00007ff6dff20000 	C:\Program Files\Java\jdk-21.0.10\bin\java.exe
0x00007ffc9ff50000 - 0x00007ffca0168000 	C:\Windows\SYSTEM32\ntdll.dll
0x00007ffc9df70000 - 0x00007ffc9e034000 	C:\Windows\System32\KERNEL32.DLL
0x00007ffc9d810000 - 0x00007ffc9dbe3000 	C:\Windows\System32\KERNELBASE.dll
0x00007ffc9d6f0000 - 0x00007ffc9d801000 	C:\Windows\System32\ucrtbase.dll
0x00007ffc83f10000 - 0x00007ffc83f29000 	C:\Program Files\Java\jdk-21.0.10\bin\jli.dll
0x00007ffc9dbf0000 - 0x00007ffc9dca1000 	C:\Windows\System32\ADVAPI32.dll
0x00007ffc9fb80000 - 0x00007ffc9fc27000 	C:\Windows\System32\msvcrt.dll
0x00007ffc9e050000 - 0x00007ffc9e0f8000 	C:\Windows\System32\sechost.dll
0x00007ffc9d3f0000 - 0x00007ffc9d418000 	C:\Windows\System32\bcrypt.dll
0x00007ffc74bd0000 - 0x00007ffc74bee000 	C:\Program Files\Java\jdk-21.0.10\bin\VCRUNTIME140.dll
0x00007ffc9f530000 - 0x00007ffc9f648000 	C:\Windows\System32\RPCRT4.dll
0x00007ffc9f670000 - 0x00007ffc9f822000 	C:\Windows\System32\USER32.dll
0x00007ffc9d160000 - 0x00007ffc9d186000 	C:\Windows\System32\win32u.dll
0x00007ffc87a80000 - 0x00007ffc87d1c000 	C:\Windows\WinSxS\amd64_microsoft.windows.common-controls_6595b64144ccf1df_6.0.22621.6060_none_2712eda17382d24b\COMCTL32.dll
0x00007ffc9eaf0000 - 0x00007ffc9eb19000 	C:\Windows\System32\GDI32.dll
0x00007ffc9d2d0000 - 0x00007ffc9d3eb000 	C:\Windows\System32\gdi32full.dll
0x00007ffc9d420000 - 0x00007ffc9d4ba000 	C:\Windows\System32\msvcp_win.dll
0x00007ffc95090000 - 0x00007ffc9509a000 	C:\Windows\SYSTEM32\VERSION.dll
0x00007ffc9fe50000 - 0x00007ffc9fe81000 	C:\Windows\System32\IMM32.DLL
0x00007ffc95430000 - 0x00007ffc9543c000 	C:\Program Files\Java\jdk-21.0.10\bin\vcruntime140_1.dll
0x00007ffc519f0000 - 0x00007ffc51a7d000 	C:\Program Files\Java\jdk-21.0.10\bin\msvcp140.dll
0x00007ffbc89c0000 - 0x00007ffbc96e7000 	C:\Program Files\Java\jdk-21.0.10\bin\server\jvm.dll
0x00007ffc9e1b0000 - 0x00007ffc9e221000 	C:\Windows\System32\WS2_32.dll
0x00007ffc9ce80000 - 0x00007ffc9cecd000 	C:\Windows\SYSTEM32\POWRPROF.dll
0x00007ffc973c0000 - 0x00007ffc973f4000 	C:\Windows\SYSTEM32\WINMM.dll
0x00007ffc9cd60000 - 0x00007ffc9cd73000 	C:\Windows\SYSTEM32\UMPDC.dll
0x00007ffc9c010000 - 0x00007ffc9c028000 	C:\Windows\SYSTEM32\kernel.appcore.dll
0x00007ffc947c0000 - 0x00007ffc947ca000 	C:\Program Files\Java\jdk-21.0.10\bin\jimage.dll
0x00007ffc9a470000 - 0x00007ffc9a6a3000 	C:\Windows\SYSTEM32\DBGHELP.DLL
0x00007ffc9f170000 - 0x00007ffc9f501000 	C:\Windows\System32\combase.dll
0x00007ffc9dd10000 - 0x00007ffc9dde8000 	C:\Windows\System32\OLEAUT32.dll
0x00007ffc7f730000 - 0x00007ffc7f762000 	C:\Windows\SYSTEM32\dbgcore.DLL
0x00007ffc9d0e0000 - 0x00007ffc9d15b000 	C:\Windows\System32\bcryptPrimitives.dll
0x00007ffc5b510000 - 0x00007ffc5b531000 	C:\Program Files\Java\jdk-21.0.10\bin\java.dll
0x00007ffc9e230000 - 0x00007ffc9eacc000 	C:\Windows\System32\SHELL32.dll
0x00007ffc9d190000 - 0x00007ffc9d2cf000 	C:\Windows\System32\wintypes.dll
0x00007ffc9af10000 - 0x00007ffc9b82a000 	C:\Windows\SYSTEM32\windows.storage.dll
0x00007ffc9f880000 - 0x00007ffc9f984000 	C:\Windows\System32\SHCORE.dll
0x00007ffc9df00000 - 0x00007ffc9df69000 	C:\Windows\System32\shlwapi.dll
0x00007ffc9cf90000 - 0x00007ffc9cfb5000 	C:\Windows\SYSTEM32\profapi.dll
0x00007ffc12c40000 - 0x00007ffc12d17000 	C:\Program Files\Java\jdk-21.0.10\bin\jsvml.dll
0x00007ffc64d10000 - 0x00007ffc64d21000 	C:\Program Files\Java\jdk-21.0.10\bin\net.dll
0x00007ffc98b70000 - 0x00007ffc98c9c000 	C:\Windows\SYSTEM32\WINHTTP.dll
0x00007ffc9c4d0000 - 0x00007ffc9c539000 	C:\Windows\system32\mswsock.dll
0x00007ffc64070000 - 0x00007ffc64086000 	C:\Program Files\Java\jdk-21.0.10\bin\nio.dll
0x00007ffc63f60000 - 0x00007ffc63f78000 	C:\Program Files\Java\jdk-21.0.10\bin\zip.dll
0x00007ffc5b4e0000 - 0x00007ffc5b504000 	C:\apache-maven-3.9.12\lib\jansi-native\Windows\x86_64\jansi.dll
0x00007ffc925c0000 - 0x00007ffc925d0000 	C:\Program Files\Java\jdk-21.0.10\bin\verify.dll

dbghelp: loaded successfully - version: 4.0.5 - missing functions: none
symbol engine: initialized successfully - sym options: 0x614 - pdb path: .;C:\Program Files\Java\jdk-21.0.10\bin;C:\Windows\SYSTEM32;C:\Windows\WinSxS\amd64_microsoft.windows.common-controls_6595b64144ccf1df_6.0.22621.6060_none_2712eda17382d24b;C:\Program Files\Java\jdk-21.0.10\bin\server;C:\apache-maven-3.9.12\lib\jansi-native\Windows\x86_64

VM Arguments:
jvm_args: --enable-native-access=ALL-UNNAMED -Dclassworlds.conf=C:\apache-maven-3.9.12\bin\m2.conf -Dmaven.home=C:\apache-maven-3.9.12 -Dlibrary.jansi.path=C:\apache-maven-3.9.12\lib\jansi-native -Dmaven.multiModuleProjectDirectory=D:\proj2\proj\eventmate-back 
java_command: org.codehaus.plexus.classworlds.launcher.Launcher spring-boot:run
java_class_path (initial): C:\apache-maven-3.9.12\boot\plexus-classworlds-2.9.0.jar
Launcher Type: SUN_STANDARD

[Global flags]
     intx CICompilerCount                          = 4                                         {product} {ergonomic}
     uint ConcGCThreads                            = 2                                         {product} {ergonomic}
     uint G1ConcRefinementThreads                  = 8                                         {product} {ergonomic}
   size_t G1HeapRegionSize                         = 2097152                                   {product} {ergonomic}
    uintx GCDrainStackTargetSize                   = 64                                        {product} {ergonomic}
   size_t InitialHeapSize                          = 266338304                                 {product} {ergonomic}
   size_t MarkStackSize                            = 4194304                                   {product} {ergonomic}
   size_t MaxHeapSize                              = 4238344192                                {product} {ergonomic}
   size_t MaxNewSize                               = 2541748224                                {product} {ergonomic}
   size_t MinHeapDeltaBytes                        = 2097152                                   {product} {ergonomic}
   size_t MinHeapSize                              = 8388608                                   {product} {ergonomic}
    uintx NonNMethodCodeHeapSize                   = 5839372                                {pd product} {ergonomic}
    uintx NonProfiledCodeHeapSize                  = 122909434                              {pd product} {ergonomic}
    uintx ProfiledCodeHeapSize                     = 122909434                              {pd product} {ergonomic}
    uintx ReservedCodeCacheSize                    = 251658240                              {pd product} {ergonomic}
     bool SegmentedCodeCache                       = true                                      {product} {ergonomic}
   size_t SoftMaxHeapSize                          = 4238344192                             {manageable} {ergonomic}
     bool UseCompressedOops                        = true                           {product lp64_product} {ergonomic}
     bool UseG1GC                                  = true                                      {product} {ergonomic}
     bool UseLargePagesIndividualAllocation        = false                                  {pd product} {ergonomic}

Logging:
Log output configuration:
 #0: stdout all=warning uptime,level,tags foldmultilines=false
 #1: stderr all=off uptime,level,tags foldmultilines=false

Environment Variables:
PATH=C:\Program Files\Common Files\Oracle\Java\javapath;C:\app\thang\product\21c\dbhomeXE\bin;C:\Windows\system32;C:\Windows;C:\Windows\System32\Wbem;C:\Windows\System32\WindowsPowerShell\v1.0\;C:\Windows\System32\OpenSSH\;C:\Program Files\Microsoft SQL Server\Client SDK\ODBC\170\Tools\Binn\;C:\Program Files\Microsoft SQL Server\150\Tools\Binn\;C:\Program Files\dotnet\;C:\php-8.4.5-;C:\php-8.4.5-\;C:\Program Files\nodejs\;C:\Program Files\Git\cmd;C:\apache-maven-3.9.12\bin;C:\Program Files\MySQL\MySQL Server 8.0\bin;C:\Program Files\GitHub CLI\;C:\Users\thang\AppData\Local\Microsoft\WindowsApps;C:\Users\thang\.dotnet\tools;C:\Users\thang\AppData\Local\Programs\Microsoft VS Code\bin;C:\Program Files\Java\jdk-21.0.6\bin;C:\Users\thang\AppData\Roaming\npm;C:\Users\thang\AppData\Local\Python\bin
USERNAME=thang
OS=Windows_NT
PROCESSOR_IDENTIFIER=Intel64 Family 6 Model 140 Stepping 2, GenuineIntel
TMP=C:\Users\thang\AppData\Local\Temp
TEMP=C:\Users\thang\AppData\Local\Temp




Periodic native trim disabled

---------------  S Y S T E M  ---------------

OS:
 Windows 11 , 64 bit Build 22621 (10.0.22621.5415)
OS uptime: 0 days 0:18 hours
Hyper-V role detected

CPU: total 8 (initial active 8) (4 cores per cpu, 2 threads per core) family 6 model 140 stepping 2 microcode 0x26, cx8, cmov, fxsr, ht, mmx, 3dnowpref, sse, sse2, sse3, ssse3, sse4.1, sse4.2, popcnt, lzcnt, tsc, tscinvbit, avx, avx2, aes, erms, clmul, bmi1, bmi2, adx, avx512f, avx512dq, avx512cd, avx512bw, avx512vl, sha, fma, vzeroupper, avx512_vpopcntdq, avx512_vpclmulqdq, avx512_vaes, avx512_vnni, clflush, clflushopt, clwb, avx512_vbmi2, avx512_vbmi, hv, rdtscp, rdpid, fsrm, gfni, avx512_bitalg, f16c, cet_ibt, cet_ss, avx512_ifma
Processor Information for processor 0
  Max Mhz: 2496, Current Mhz: 1198, Mhz Limit: 2496
Processor Information for processor 1
  Max Mhz: 2496, Current Mhz: 2496, Mhz Limit: 2496
Processor Information for processor 2
  Max Mhz: 2496, Current Mhz: 1198, Mhz Limit: 2496
Processor Information for processor 3
  Max Mhz: 2496, Current Mhz: 2496, Mhz Limit: 2496
Processor Information for processor 4
  Max Mhz: 2496, Current Mhz: 1198, Mhz Limit: 2496
Processor Information for processor 5
  Max Mhz: 2496, Current Mhz: 2496, Mhz Limit: 2496
Processor Information for processor 6
  Max Mhz: 2496, Current Mhz: 2496, Mhz Limit: 2496
Processor Information for processor 7
  Max Mhz: 2496, Current Mhz: 2496, Mhz Limit: 2496

Memory: 4k page, system-wide physical 16167M (2730M free)
TotalPageFile size 17228M (AvailPageFile size 5M)
current process WorkingSet (physical memory assigned to process): 122M, peak: 122M
current process commit charge ("private bytes"): 379M, peak: 379M

vm_info: Java HotSpot(TM) 64-Bit Server VM (21.0.10+8-LTS-217) for windows-amd64 JRE (21.0.10+8-LTS-217), built on 2025-12-18T14:59:28Z by "mach5run" with MS VC++ 17.13 (VS2022)

END.
