#
# There is insufficient memory for the Java Runtime Environment to continue.
# Native memory allocation (malloc) failed to allocate 686416 bytes for Chunk::new
# Possible reasons:
#   The system is out of physical RAM or swap space
#   The process is running with CompressedOops enabled, and the Java Heap may be blocking the growth of the native heap
# Possible solutions:
#   Reduce memory load on the system
#   Increase physical memory or swap space
#   Check if swap backing store is full
#   Decrease Java heap size (-Xmx/-Xms)
#   Decrease number of Java threads
#   Decrease Java thread stack sizes (-Xss)
#   Set larger code cache with -XX:ReservedCodeCacheSize=
#   JVM is running with Zero Based Compressed Oops mode in which the Java heap is
#     placed in the first 32GB address space. The Java Heap base address is the
#     maximum limit for the native heap growth. Please use -XX:HeapBaseMinAddress
#     to set the Java Heap base and to place the Java Heap above 32GB virtual address.
# This output file may be truncated or incomplete.
#
#  Out of Memory Error (arena.cpp:168), pid=12764, tid=14528
#
# JRE version: Java(TM) SE Runtime Environment (21.0.10+8) (build 21.0.10+8-LTS-217)
# Java VM: Java HotSpot(TM) 64-Bit Server VM (21.0.10+8-LTS-217, mixed mode, sharing, tiered, compressed oops, compressed class ptrs, g1 gc, windows-amd64)
# No core dump will be written. Minidumps are not enabled by default on client versions of Windows
#

---------------  S U M M A R Y ------------

Command Line: --enable-native-access=ALL-UNNAMED -Dclassworlds.conf=C:\apache-maven-3.9.12\bin\m2.conf -Dmaven.home=C:\apache-maven-3.9.12 -Dlibrary.jansi.path=C:\apache-maven-3.9.12\lib\jansi-native -Dmaven.multiModuleProjectDirectory=D:\proj2\proj\eventmate-back org.codehaus.plexus.classworlds.launcher.Launcher spring-boot:run

Host: 11th Gen Intel(R) Core(TM) i5-1155G7 @ 2.50GHz, 8 cores, 15G,  Windows 11 , 64 bit Build 22621 (10.0.22621.5415)
Time: Sat Mar  7 14:02:52 2026 India Standard Time elapsed time: 12.633270 seconds (0d 0h 0m 12s)

---------------  T H R E A D  ---------------

Current thread (0x000002272daf7d40):  JavaThread "C2 CompilerThread0" daemon [_thread_in_native, id=14528, stack(0x0000008738c00000,0x0000008738d00000) (1024K)]


Current CompileTask:
C2:  12633 1129       4       org.codehaus.plexus.util.InterpolationFilterReader::read (477 bytes)

Stack: [0x0000008738c00000,0x0000008738d00000]
Native frames: (J=compiled Java code, j=interpreted, Vv=VM code, C=native code)
V  [jvm.dll+0x6d0b59]
V  [jvm.dll+0x85fd56]
V  [jvm.dll+0x86224e]
V  [jvm.dll+0x862923]
V  [jvm.dll+0x282a16]
V  [jvm.dll+0xc662d]
V  [jvm.dll+0xc6b71]
V  [jvm.dll+0x3bbb5b]
V  [jvm.dll+0x387fd2]
V  [jvm.dll+0x38741a]
V  [jvm.dll+0x24b370]
V  [jvm.dll+0x24a94f]
V  [jvm.dll+0x1cacfe]
V  [jvm.dll+0x25a629]
V  [jvm.dll+0x258bb5]
V  [jvm.dll+0x3f4da1]
V  [jvm.dll+0x80a83d]
V  [jvm.dll+0x6cf3fd]
C  [ucrtbase.dll+0x29333]
C  [KERNEL32.DLL+0x1259d]
C  [ntdll.dll+0x5af78]


---------------  P R O C E S S  ---------------

Threads class SMR info:
_java_thread_list=0x0000022773a2dd90, length=13, elements={
0x000002270c7ae6e0, 0x000002272daec120, 0x000002272daed130, 0x000002272daeeff0,
0x000002272daf1d80, 0x000002272daf38e0, 0x000002272daf9700, 0x000002272daf7d40,
0x000002272db05d60, 0x000002277314fc80, 0x000002277315f050, 0x0000022773bcdf20,
0x0000022773bc6da0
}

Java Threads: ( => current thread )
  0x000002270c7ae6e0 JavaThread "main"                              [_thread_in_Java, id=17272, stack(0x0000008737e00000,0x0000008737f00000) (1024K)]
  0x000002272daec120 JavaThread "Reference Handler"          daemon [_thread_blocked, id=19104, stack(0x0000008738600000,0x0000008738700000) (1024K)]
  0x000002272daed130 JavaThread "Finalizer"                  daemon [_thread_blocked, id=18352, stack(0x0000008738700000,0x0000008738800000) (1024K)]
  0x000002272daeeff0 JavaThread "Signal Dispatcher"          daemon [_thread_blocked, id=68, stack(0x0000008738800000,0x0000008738900000) (1024K)]
  0x000002272daf1d80 JavaThread "Attach Listener"            daemon [_thread_blocked, id=15068, stack(0x0000008738900000,0x0000008738a00000) (1024K)]
  0x000002272daf38e0 JavaThread "Service Thread"             daemon [_thread_blocked, id=4892, stack(0x0000008738a00000,0x0000008738b00000) (1024K)]
  0x000002272daf9700 JavaThread "Monitor Deflation Thread"   daemon [_thread_blocked, id=21668, stack(0x0000008738b00000,0x0000008738c00000) (1024K)]
=>0x000002272daf7d40 JavaThread "C2 CompilerThread0"         daemon [_thread_in_native, id=14528, stack(0x0000008738c00000,0x0000008738d00000) (1024K)]
  0x000002272db05d60 JavaThread "C1 CompilerThread0"         daemon [_thread_in_vm, id=11788, stack(0x0000008738d00000,0x0000008738e00000) (1024K)]
  0x000002277314fc80 JavaThread "Notification Thread"        daemon [_thread_blocked, id=2448, stack(0x0000008738e00000,0x0000008738f00000) (1024K)]
  0x000002277315f050 JavaThread "Common-Cleaner"             daemon [_thread_blocked, id=17868, stack(0x0000008738f00000,0x0000008739000000) (1024K)]
  0x0000022773bcdf20 JavaThread "C2 CompilerThread1"         daemon [_thread_in_native, id=13288, stack(0x0000008739000000,0x0000008739100000) (1024K)]
  0x0000022773bc6da0 JavaThread "C2 CompilerThread2"         daemon [_thread_in_native, id=16000, stack(0x0000008739100000,0x0000008739200000) (1024K)]
Total: 13

Other Threads:
  0x000002272dacece0 VMThread "VM Thread"                           [id=9300, stack(0x0000008738500000,0x0000008738600000) (1024K)]
  0x000002272dabe900 WatcherThread "VM Periodic Task Thread"        [id=21132, stack(0x0000008738400000,0x0000008738500000) (1024K)]
  0x000002270ea2e3d0 WorkerThread "GC Thread#0"                     [id=18248, stack(0x0000008737f00000,0x0000008738000000) (1024K)]
  0x0000022773bc7450 WorkerThread "GC Thread#1"                     [id=12936, stack(0x0000008739200000,0x0000008739300000) (1024K)]
  0x0000022773bc7800 WorkerThread "GC Thread#2"                     [id=17064, stack(0x0000008739300000,0x0000008739400000) (1024K)]
  0x0000022773c5c1b0 WorkerThread "GC Thread#3"                     [id=14520, stack(0x0000008739400000,0x0000008739500000) (1024K)]
  0x0000022773c5c560 WorkerThread "GC Thread#4"                     [id=9612, stack(0x0000008739500000,0x0000008739600000) (1024K)]
  0x00000227737b0ed0 WorkerThread "GC Thread#5"                     [id=20668, stack(0x0000008739600000,0x0000008739700000) (1024K)]
  0x00000227737a94b0 WorkerThread "GC Thread#6"                     [id=6416, stack(0x0000008739700000,0x0000008739800000) (1024K)]
  0x00000227737a9860 WorkerThread "GC Thread#7"                     [id=19168, stack(0x0000008739800000,0x0000008739900000) (1024K)]
  0x000002270ea3f200 ConcurrentGCThread "G1 Main Marker"            [id=3692, stack(0x0000008738000000,0x0000008738100000) (1024K)]
  0x000002270ea3fd10 WorkerThread "G1 Conc#0"                       [id=17660, stack(0x0000008738100000,0x0000008738200000) (1024K)]
  0x000002270ea8e9c0 ConcurrentGCThread "G1 Refine#0"               [id=22060, stack(0x0000008738200000,0x0000008738300000) (1024K)]
  0x000002272d992bd0 ConcurrentGCThread "G1 Service"                [id=20688, stack(0x0000008738300000,0x0000008738400000) (1024K)]
Total: 14

Threads with active compile tasks:
C2 CompilerThread0    12647 1129       4       org.codehaus.plexus.util.InterpolationFilterReader::read (477 bytes)
C1 CompilerThread0    12647 1230       2       java.util.stream.PipelineHelper::<init> (5 bytes)
C2 CompilerThread1    12647 1171   !   4       sun.nio.cs.StreamDecoder::read (78 bytes)
C2 CompilerThread2    12647 1116       4       java.io.InputStreamReader::read (11 bytes)
Total: 4

VM state: not at safepoint (normal execution)

VM Mutex/Monitor currently owned by a thread: None

Heap address: 0x0000000703600000, size: 4042 MB, Compressed Oops mode: Zero based, Oop shift amount: 3

CDS archive(s) mapped at: [0x000002272e000000-0x000002272ec90000-0x000002272ec90000), size 13172736, SharedBaseAddress: 0x000002272e000000, ArchiveRelocationMode: 1.
Compressed class space mapped at: 0x000002272f000000-0x000002276f000000, reserved size: 1073741824
Narrow klass base: 0x000002272e000000, Narrow klass shift: 0, Narrow klass range: 0x100000000

GC Precious Log:
 CardTable entry size: 512
 Card Set container configuration: InlinePtr #cards 4 size 8 Array Of Cards #cards 16 size 48 Howl #buckets 8 coarsen threshold 3686 Howl Bitmap #cards 512 size 80 coarsen threshold 460 Card regions per heap region 1 cards per card region 4096
 CPUs: 8 total, 8 available
 Memory: 16167M
 Large Page Support: Disabled
 NUMA Support: Disabled
 Compressed Oops: Enabled (Zero based)
 Heap Region Size: 2M
 Heap Min Capacity: 8M
 Heap Initial Capacity: 254M
 Heap Max Capacity: 4042M
 Pre-touch: Disabled
 Parallel Workers: 8
 Concurrent Workers: 2
 Concurrent Refinement Workers: 8
 Periodic GC: Disabled

Heap:
 garbage-first heap   total 260096K, used 5960K [0x0000000703600000, 0x0000000800000000)
  region size 2048K, 5 young (10240K), 2 survivors (4096K)
 Metaspace       used 5852K, committed 6016K, reserved 1114112K
  class space    used 680K, committed 768K, reserved 1048576K

Heap Regions: E=young(eden), S=young(survivor), O=old, HS=humongous(starts), HC=humongous(continues), CS=collection set, F=free, TAMS=top-at-mark-start, PB=parsable bottom
|   0|0x0000000703600000, 0x0000000703600000, 0x0000000703800000|  0%| F|  |TAMS 0x0000000703600000| PB 0x0000000703600000| Untracked 
|   1|0x0000000703800000, 0x0000000703800000, 0x0000000703a00000|  0%| F|  |TAMS 0x0000000703800000| PB 0x0000000703800000| Untracked 
|   2|0x0000000703a00000, 0x0000000703a00000, 0x0000000703c00000|  0%| F|  |TAMS 0x0000000703a00000| PB 0x0000000703a00000| Untracked 
|   3|0x0000000703c00000, 0x0000000703c00000, 0x0000000703e00000|  0%| F|  |TAMS 0x0000000703c00000| PB 0x0000000703c00000| Untracked 
|   4|0x0000000703e00000, 0x0000000703e00000, 0x0000000704000000|  0%| F|  |TAMS 0x0000000703e00000| PB 0x0000000703e00000| Untracked 
|   5|0x0000000704000000, 0x0000000704000000, 0x0000000704200000|  0%| F|  |TAMS 0x0000000704000000| PB 0x0000000704000000| Untracked 
|   6|0x0000000704200000, 0x0000000704200000, 0x0000000704400000|  0%| F|  |TAMS 0x0000000704200000| PB 0x0000000704200000| Untracked 
|   7|0x0000000704400000, 0x0000000704400000, 0x0000000704600000|  0%| F|  |TAMS 0x0000000704400000| PB 0x0000000704400000| Untracked 
|   8|0x0000000704600000, 0x0000000704600000, 0x0000000704800000|  0%| F|  |TAMS 0x0000000704600000| PB 0x0000000704600000| Untracked 
|   9|0x0000000704800000, 0x0000000704800000, 0x0000000704a00000|  0%| F|  |TAMS 0x0000000704800000| PB 0x0000000704800000| Untracked 
|  10|0x0000000704a00000, 0x0000000704a00000, 0x0000000704c00000|  0%| F|  |TAMS 0x0000000704a00000| PB 0x0000000704a00000| Untracked 
|  11|0x0000000704c00000, 0x0000000704c00000, 0x0000000704e00000|  0%| F|  |TAMS 0x0000000704c00000| PB 0x0000000704c00000| Untracked 
|  12|0x0000000704e00000, 0x0000000704e00000, 0x0000000705000000|  0%| F|  |TAMS 0x0000000704e00000| PB 0x0000000704e00000| Untracked 
|  13|0x0000000705000000, 0x0000000705000000, 0x0000000705200000|  0%| F|  |TAMS 0x0000000705000000| PB 0x0000000705000000| Untracked 
|  14|0x0000000705200000, 0x0000000705200000, 0x0000000705400000|  0%| F|  |TAMS 0x0000000705200000| PB 0x0000000705200000| Untracked 
|  15|0x0000000705400000, 0x0000000705400000, 0x0000000705600000|  0%| F|  |TAMS 0x0000000705400000| PB 0x0000000705400000| Untracked 
|  16|0x0000000705600000, 0x0000000705600000, 0x0000000705800000|  0%| F|  |TAMS 0x0000000705600000| PB 0x0000000705600000| Untracked 
|  17|0x0000000705800000, 0x0000000705800000, 0x0000000705a00000|  0%| F|  |TAMS 0x0000000705800000| PB 0x0000000705800000| Untracked 
|  18|0x0000000705a00000, 0x0000000705a00000, 0x0000000705c00000|  0%| F|  |TAMS 0x0000000705a00000| PB 0x0000000705a00000| Untracked 
|  19|0x0000000705c00000, 0x0000000705c00000, 0x0000000705e00000|  0%| F|  |TAMS 0x0000000705c00000| PB 0x0000000705c00000| Untracked 
|  20|0x0000000705e00000, 0x0000000705e00000, 0x0000000706000000|  0%| F|  |TAMS 0x0000000705e00000| PB 0x0000000705e00000| Untracked 
|  21|0x0000000706000000, 0x0000000706000000, 0x0000000706200000|  0%| F|  |TAMS 0x0000000706000000| PB 0x0000000706000000| Untracked 
|  22|0x0000000706200000, 0x0000000706200000, 0x0000000706400000|  0%| F|  |TAMS 0x0000000706200000| PB 0x0000000706200000| Untracked 
|  23|0x0000000706400000, 0x0000000706400000, 0x0000000706600000|  0%| F|  |TAMS 0x0000000706400000| PB 0x0000000706400000| Untracked 
|  24|0x0000000706600000, 0x0000000706600000, 0x0000000706800000|  0%| F|  |TAMS 0x0000000706600000| PB 0x0000000706600000| Untracked 
|  25|0x0000000706800000, 0x0000000706800000, 0x0000000706a00000|  0%| F|  |TAMS 0x0000000706800000| PB 0x0000000706800000| Untracked 
|  26|0x0000000706a00000, 0x0000000706a00000, 0x0000000706c00000|  0%| F|  |TAMS 0x0000000706a00000| PB 0x0000000706a00000| Untracked 
|  27|0x0000000706c00000, 0x0000000706c00000, 0x0000000706e00000|  0%| F|  |TAMS 0x0000000706c00000| PB 0x0000000706c00000| Untracked 
|  28|0x0000000706e00000, 0x0000000706e00000, 0x0000000707000000|  0%| F|  |TAMS 0x0000000706e00000| PB 0x0000000706e00000| Untracked 
|  29|0x0000000707000000, 0x0000000707000000, 0x0000000707200000|  0%| F|  |TAMS 0x0000000707000000| PB 0x0000000707000000| Untracked 
|  30|0x0000000707200000, 0x0000000707200000, 0x0000000707400000|  0%| F|  |TAMS 0x0000000707200000| PB 0x0000000707200000| Untracked 
|  31|0x0000000707400000, 0x0000000707400000, 0x0000000707600000|  0%| F|  |TAMS 0x0000000707400000| PB 0x0000000707400000| Untracked 
|  32|0x0000000707600000, 0x0000000707600000, 0x0000000707800000|  0%| F|  |TAMS 0x0000000707600000| PB 0x0000000707600000| Untracked 
|  33|0x0000000707800000, 0x0000000707800000, 0x0000000707a00000|  0%| F|  |TAMS 0x0000000707800000| PB 0x0000000707800000| Untracked 
|  34|0x0000000707a00000, 0x0000000707a00000, 0x0000000707c00000|  0%| F|  |TAMS 0x0000000707a00000| PB 0x0000000707a00000| Untracked 
|  35|0x0000000707c00000, 0x0000000707c00000, 0x0000000707e00000|  0%| F|  |TAMS 0x0000000707c00000| PB 0x0000000707c00000| Untracked 
|  36|0x0000000707e00000, 0x0000000707e00000, 0x0000000708000000|  0%| F|  |TAMS 0x0000000707e00000| PB 0x0000000707e00000| Untracked 
|  37|0x0000000708000000, 0x0000000708000000, 0x0000000708200000|  0%| F|  |TAMS 0x0000000708000000| PB 0x0000000708000000| Untracked 
|  38|0x0000000708200000, 0x0000000708200000, 0x0000000708400000|  0%| F|  |TAMS 0x0000000708200000| PB 0x0000000708200000| Untracked 
|  39|0x0000000708400000, 0x0000000708400000, 0x0000000708600000|  0%| F|  |TAMS 0x0000000708400000| PB 0x0000000708400000| Untracked 
|  40|0x0000000708600000, 0x0000000708600000, 0x0000000708800000|  0%| F|  |TAMS 0x0000000708600000| PB 0x0000000708600000| Untracked 
|  41|0x0000000708800000, 0x0000000708800000, 0x0000000708a00000|  0%| F|  |TAMS 0x0000000708800000| PB 0x0000000708800000| Untracked 
|  42|0x0000000708a00000, 0x0000000708a00000, 0x0000000708c00000|  0%| F|  |TAMS 0x0000000708a00000| PB 0x0000000708a00000| Untracked 
|  43|0x0000000708c00000, 0x0000000708c00000, 0x0000000708e00000|  0%| F|  |TAMS 0x0000000708c00000| PB 0x0000000708c00000| Untracked 
|  44|0x0000000708e00000, 0x0000000708e00000, 0x0000000709000000|  0%| F|  |TAMS 0x0000000708e00000| PB 0x0000000708e00000| Untracked 
|  45|0x0000000709000000, 0x0000000709000000, 0x0000000709200000|  0%| F|  |TAMS 0x0000000709000000| PB 0x0000000709000000| Untracked 
|  46|0x0000000709200000, 0x0000000709200000, 0x0000000709400000|  0%| F|  |TAMS 0x0000000709200000| PB 0x0000000709200000| Untracked 
|  47|0x0000000709400000, 0x0000000709400000, 0x0000000709600000|  0%| F|  |TAMS 0x0000000709400000| PB 0x0000000709400000| Untracked 
|  48|0x0000000709600000, 0x0000000709600000, 0x0000000709800000|  0%| F|  |TAMS 0x0000000709600000| PB 0x0000000709600000| Untracked 
|  49|0x0000000709800000, 0x0000000709800000, 0x0000000709a00000|  0%| F|  |TAMS 0x0000000709800000| PB 0x0000000709800000| Untracked 
|  50|0x0000000709a00000, 0x0000000709a00000, 0x0000000709c00000|  0%| F|  |TAMS 0x0000000709a00000| PB 0x0000000709a00000| Untracked 
|  51|0x0000000709c00000, 0x0000000709c00000, 0x0000000709e00000|  0%| F|  |TAMS 0x0000000709c00000| PB 0x0000000709c00000| Untracked 
|  52|0x0000000709e00000, 0x0000000709e00000, 0x000000070a000000|  0%| F|  |TAMS 0x0000000709e00000| PB 0x0000000709e00000| Untracked 
|  53|0x000000070a000000, 0x000000070a000000, 0x000000070a200000|  0%| F|  |TAMS 0x000000070a000000| PB 0x000000070a000000| Untracked 
|  54|0x000000070a200000, 0x000000070a200000, 0x000000070a400000|  0%| F|  |TAMS 0x000000070a200000| PB 0x000000070a200000| Untracked 
|  55|0x000000070a400000, 0x000000070a400000, 0x000000070a600000|  0%| F|  |TAMS 0x000000070a400000| PB 0x000000070a400000| Untracked 
|  56|0x000000070a600000, 0x000000070a600000, 0x000000070a800000|  0%| F|  |TAMS 0x000000070a600000| PB 0x000000070a600000| Untracked 
|  57|0x000000070a800000, 0x000000070a800000, 0x000000070aa00000|  0%| F|  |TAMS 0x000000070a800000| PB 0x000000070a800000| Untracked 
|  58|0x000000070aa00000, 0x000000070aa00000, 0x000000070ac00000|  0%| F|  |TAMS 0x000000070aa00000| PB 0x000000070aa00000| Untracked 
|  59|0x000000070ac00000, 0x000000070ac00000, 0x000000070ae00000|  0%| F|  |TAMS 0x000000070ac00000| PB 0x000000070ac00000| Untracked 
|  60|0x000000070ae00000, 0x000000070ae00000, 0x000000070b000000|  0%| F|  |TAMS 0x000000070ae00000| PB 0x000000070ae00000| Untracked 
|  61|0x000000070b000000, 0x000000070b000000, 0x000000070b200000|  0%| F|  |TAMS 0x000000070b000000| PB 0x000000070b000000| Untracked 
|  62|0x000000070b200000, 0x000000070b200000, 0x000000070b400000|  0%| F|  |TAMS 0x000000070b200000| PB 0x000000070b200000| Untracked 
|  63|0x000000070b400000, 0x000000070b400000, 0x000000070b600000|  0%| F|  |TAMS 0x000000070b400000| PB 0x000000070b400000| Untracked 
|  64|0x000000070b600000, 0x000000070b600000, 0x000000070b800000|  0%| F|  |TAMS 0x000000070b600000| PB 0x000000070b600000| Untracked 
|  65|0x000000070b800000, 0x000000070b800000, 0x000000070ba00000|  0%| F|  |TAMS 0x000000070b800000| PB 0x000000070b800000| Untracked 
|  66|0x000000070ba00000, 0x000000070ba00000, 0x000000070bc00000|  0%| F|  |TAMS 0x000000070ba00000| PB 0x000000070ba00000| Untracked 
|  67|0x000000070bc00000, 0x000000070bc00000, 0x000000070be00000|  0%| F|  |TAMS 0x000000070bc00000| PB 0x000000070bc00000| Untracked 
|  68|0x000000070be00000, 0x000000070be00000, 0x000000070c000000|  0%| F|  |TAMS 0x000000070be00000| PB 0x000000070be00000| Untracked 
|  69|0x000000070c000000, 0x000000070c000000, 0x000000070c200000|  0%| F|  |TAMS 0x000000070c000000| PB 0x000000070c000000| Untracked 
|  70|0x000000070c200000, 0x000000070c200000, 0x000000070c400000|  0%| F|  |TAMS 0x000000070c200000| PB 0x000000070c200000| Untracked 
|  71|0x000000070c400000, 0x000000070c400000, 0x000000070c600000|  0%| F|  |TAMS 0x000000070c400000| PB 0x000000070c400000| Untracked 
|  72|0x000000070c600000, 0x000000070c600000, 0x000000070c800000|  0%| F|  |TAMS 0x000000070c600000| PB 0x000000070c600000| Untracked 
|  73|0x000000070c800000, 0x000000070c800000, 0x000000070ca00000|  0%| F|  |TAMS 0x000000070c800000| PB 0x000000070c800000| Untracked 
|  74|0x000000070ca00000, 0x000000070ca00000, 0x000000070cc00000|  0%| F|  |TAMS 0x000000070ca00000| PB 0x000000070ca00000| Untracked 
|  75|0x000000070cc00000, 0x000000070cc00000, 0x000000070ce00000|  0%| F|  |TAMS 0x000000070cc00000| PB 0x000000070cc00000| Untracked 
|  76|0x000000070ce00000, 0x000000070ce00000, 0x000000070d000000|  0%| F|  |TAMS 0x000000070ce00000| PB 0x000000070ce00000| Untracked 
|  77|0x000000070d000000, 0x000000070d000000, 0x000000070d200000|  0%| F|  |TAMS 0x000000070d000000| PB 0x000000070d000000| Untracked 
|  78|0x000000070d200000, 0x000000070d200000, 0x000000070d400000|  0%| F|  |TAMS 0x000000070d200000| PB 0x000000070d200000| Untracked 
|  79|0x000000070d400000, 0x000000070d400000, 0x000000070d600000|  0%| F|  |TAMS 0x000000070d400000| PB 0x000000070d400000| Untracked 
|  80|0x000000070d600000, 0x000000070d600000, 0x000000070d800000|  0%| F|  |TAMS 0x000000070d600000| PB 0x000000070d600000| Untracked 
|  81|0x000000070d800000, 0x000000070d800000, 0x000000070da00000|  0%| F|  |TAMS 0x000000070d800000| PB 0x000000070d800000| Untracked 
|  82|0x000000070da00000, 0x000000070da00000, 0x000000070dc00000|  0%| F|  |TAMS 0x000000070da00000| PB 0x000000070da00000| Untracked 
|  83|0x000000070dc00000, 0x000000070dc00000, 0x000000070de00000|  0%| F|  |TAMS 0x000000070dc00000| PB 0x000000070dc00000| Untracked 
|  84|0x000000070de00000, 0x000000070de00000, 0x000000070e000000|  0%| F|  |TAMS 0x000000070de00000| PB 0x000000070de00000| Untracked 
|  85|0x000000070e000000, 0x000000070e000000, 0x000000070e200000|  0%| F|  |TAMS 0x000000070e000000| PB 0x000000070e000000| Untracked 
|  86|0x000000070e200000, 0x000000070e200000, 0x000000070e400000|  0%| F|  |TAMS 0x000000070e200000| PB 0x000000070e200000| Untracked 
|  87|0x000000070e400000, 0x000000070e400000, 0x000000070e600000|  0%| F|  |TAMS 0x000000070e400000| PB 0x000000070e400000| Untracked 
|  88|0x000000070e600000, 0x000000070e600000, 0x000000070e800000|  0%| F|  |TAMS 0x000000070e600000| PB 0x000000070e600000| Untracked 
|  89|0x000000070e800000, 0x000000070e800000, 0x000000070ea00000|  0%| F|  |TAMS 0x000000070e800000| PB 0x000000070e800000| Untracked 
|  90|0x000000070ea00000, 0x000000070ea00000, 0x000000070ec00000|  0%| F|  |TAMS 0x000000070ea00000| PB 0x000000070ea00000| Untracked 
|  91|0x000000070ec00000, 0x000000070ec00000, 0x000000070ee00000|  0%| F|  |TAMS 0x000000070ec00000| PB 0x000000070ec00000| Untracked 
|  92|0x000000070ee00000, 0x000000070ee00000, 0x000000070f000000|  0%| F|  |TAMS 0x000000070ee00000| PB 0x000000070ee00000| Untracked 
|  93|0x000000070f000000, 0x000000070f000000, 0x000000070f200000|  0%| F|  |TAMS 0x000000070f000000| PB 0x000000070f000000| Untracked 
|  94|0x000000070f200000, 0x000000070f200000, 0x000000070f400000|  0%| F|  |TAMS 0x000000070f200000| PB 0x000000070f200000| Untracked 
|  95|0x000000070f400000, 0x000000070f400000, 0x000000070f600000|  0%| F|  |TAMS 0x000000070f400000| PB 0x000000070f400000| Untracked 
|  96|0x000000070f600000, 0x000000070f600000, 0x000000070f800000|  0%| F|  |TAMS 0x000000070f600000| PB 0x000000070f600000| Untracked 
|  97|0x000000070f800000, 0x000000070f800000, 0x000000070fa00000|  0%| F|  |TAMS 0x000000070f800000| PB 0x000000070f800000| Untracked 
|  98|0x000000070fa00000, 0x000000070fa00000, 0x000000070fc00000|  0%| F|  |TAMS 0x000000070fa00000| PB 0x000000070fa00000| Untracked 
|  99|0x000000070fc00000, 0x000000070fc00000, 0x000000070fe00000|  0%| F|  |TAMS 0x000000070fc00000| PB 0x000000070fc00000| Untracked 
| 100|0x000000070fe00000, 0x000000070fe00000, 0x0000000710000000|  0%| F|  |TAMS 0x000000070fe00000| PB 0x000000070fe00000| Untracked 
| 101|0x0000000710000000, 0x0000000710000000, 0x0000000710200000|  0%| F|  |TAMS 0x0000000710000000| PB 0x0000000710000000| Untracked 
| 102|0x0000000710200000, 0x0000000710200000, 0x0000000710400000|  0%| F|  |TAMS 0x0000000710200000| PB 0x0000000710200000| Untracked 
| 103|0x0000000710400000, 0x0000000710400000, 0x0000000710600000|  0%| F|  |TAMS 0x0000000710400000| PB 0x0000000710400000| Untracked 
| 104|0x0000000710600000, 0x0000000710600000, 0x0000000710800000|  0%| F|  |TAMS 0x0000000710600000| PB 0x0000000710600000| Untracked 
| 105|0x0000000710800000, 0x0000000710800000, 0x0000000710a00000|  0%| F|  |TAMS 0x0000000710800000| PB 0x0000000710800000| Untracked 
| 106|0x0000000710a00000, 0x0000000710a00000, 0x0000000710c00000|  0%| F|  |TAMS 0x0000000710a00000| PB 0x0000000710a00000| Untracked 
| 107|0x0000000710c00000, 0x0000000710c00000, 0x0000000710e00000|  0%| F|  |TAMS 0x0000000710c00000| PB 0x0000000710c00000| Untracked 
| 108|0x0000000710e00000, 0x0000000710e00000, 0x0000000711000000|  0%| F|  |TAMS 0x0000000710e00000| PB 0x0000000710e00000| Untracked 
| 109|0x0000000711000000, 0x0000000711000000, 0x0000000711200000|  0%| F|  |TAMS 0x0000000711000000| PB 0x0000000711000000| Untracked 
| 110|0x0000000711200000, 0x0000000711200000, 0x0000000711400000|  0%| F|  |TAMS 0x0000000711200000| PB 0x0000000711200000| Untracked 
| 111|0x0000000711400000, 0x0000000711400000, 0x0000000711600000|  0%| F|  |TAMS 0x0000000711400000| PB 0x0000000711400000| Untracked 
| 112|0x0000000711600000, 0x0000000711600000, 0x0000000711800000|  0%| F|  |TAMS 0x0000000711600000| PB 0x0000000711600000| Untracked 
| 113|0x0000000711800000, 0x0000000711800000, 0x0000000711a00000|  0%| F|  |TAMS 0x0000000711800000| PB 0x0000000711800000| Untracked 
| 114|0x0000000711a00000, 0x0000000711bd23d0, 0x0000000711c00000| 91%| S|CS|TAMS 0x0000000711a00000| PB 0x0000000711a00000| Complete 
| 115|0x0000000711c00000, 0x0000000711e00000, 0x0000000711e00000|100%| S|CS|TAMS 0x0000000711c00000| PB 0x0000000711c00000| Complete 
| 116|0x0000000711e00000, 0x0000000711e00000, 0x0000000712000000|  0%| F|  |TAMS 0x0000000711e00000| PB 0x0000000711e00000| Untracked 
| 117|0x0000000712000000, 0x0000000712000000, 0x0000000712200000|  0%| F|  |TAMS 0x0000000712000000| PB 0x0000000712000000| Untracked 
| 118|0x0000000712200000, 0x0000000712200000, 0x0000000712400000|  0%| F|  |TAMS 0x0000000712200000| PB 0x0000000712200000| Untracked 
| 119|0x0000000712400000, 0x0000000712400000, 0x0000000712600000|  0%| F|  |TAMS 0x0000000712400000| PB 0x0000000712400000| Untracked 
| 120|0x0000000712600000, 0x0000000712600000, 0x0000000712800000|  0%| F|  |TAMS 0x0000000712600000| PB 0x0000000712600000| Untracked 
| 121|0x0000000712800000, 0x0000000712800000, 0x0000000712a00000|  0%| F|  |TAMS 0x0000000712800000| PB 0x0000000712800000| Untracked 
| 122|0x0000000712a00000, 0x0000000712a00000, 0x0000000712c00000|  0%| F|  |TAMS 0x0000000712a00000| PB 0x0000000712a00000| Untracked 
| 123|0x0000000712c00000, 0x0000000712c00000, 0x0000000712e00000|  0%| F|  |TAMS 0x0000000712c00000| PB 0x0000000712c00000| Untracked 
| 124|0x0000000712e00000, 0x0000000712f8d748, 0x0000000713000000| 77%| E|  |TAMS 0x0000000712e00000| PB 0x0000000712e00000| Complete 
| 125|0x0000000713000000, 0x0000000713200000, 0x0000000713200000|100%| E|CS|TAMS 0x0000000713000000| PB 0x0000000713000000| Complete 
| 126|0x0000000713200000, 0x0000000713400000, 0x0000000713400000|100%| E|  |TAMS 0x0000000713200000| PB 0x0000000713200000| Complete 

Card table byte_map: [0x0000022726990000,0x0000022727180000] _byte_map_base: 0x0000022723175000

Marking Bits: (CMBitMap*) 0x000002270ea2eae0
 Bits: [0x0000022727180000, 0x000002272b0a8000)

Polling page: 0x000002270c950000

Metaspace:

Usage:
  Non-class:      5.06 MB used.
      Class:    680.70 KB used.
       Both:      5.72 MB used.

Virtual space:
  Non-class space:       64.00 MB reserved,       5.12 MB (  8%) committed,  1 nodes.
      Class space:        1.00 GB reserved,     768.00 KB ( <1%) committed,  1 nodes.
             Both:        1.06 GB reserved,       5.88 MB ( <1%) committed. 

Chunk freelists:
   Non-Class:  9.02 MB
       Class:  15.25 MB
        Both:  24.27 MB

MaxMetaspaceSize: unlimited
CompressedClassSpaceSize: 1.00 GB
Initial GC threshold: 21.00 MB
Current GC threshold: 21.00 MB
CDS: on
 - commit_granule_bytes: 65536.
 - commit_granule_words: 8192.
 - virtual_space_node_default_size: 8388608.
 - enlarge_chunks_in_place: 1.
 - use_allocation_guard: 0.


Internal statistics:

num_allocs_failed_limit: 0.
num_arena_births: 66.
num_arena_deaths: 0.
num_vsnodes_births: 2.
num_vsnodes_deaths: 0.
num_space_committed: 94.
num_space_uncommitted: 0.
num_chunks_returned_to_freelist: 0.
num_chunks_taken_from_freelist: 235.
num_chunk_merges: 0.
num_chunk_splits: 151.
num_chunks_enlarged: 123.
num_inconsistent_stats: 0.

CodeHeap 'non-profiled nmethods': size=120000Kb used=425Kb max_used=425Kb free=119574Kb
 bounds [0x000002271e940000, 0x000002271ebb0000, 0x0000022725e70000]
CodeHeap 'profiled nmethods': size=120000Kb used=2330Kb max_used=2330Kb free=117669Kb
 bounds [0x0000022716e70000, 0x00000227170e0000, 0x000002271e3a0000]
CodeHeap 'non-nmethods': size=5760Kb used=1517Kb max_used=1536Kb free=4242Kb
 bounds [0x000002271e3a0000, 0x000002271e610000, 0x000002271e940000]
 total_blobs=1688 nmethods=1224 adapters=367
 compilation: enabled
              stopped_count=0, restarted_count=0
 full_count=0

Compilation events (20 events):
Event: 12.592 Thread 0x000002272daf7d40 nmethod 1128 0x000002271e9a4c10 code [0x000002271e9a4dc0, 0x000002271e9a4ef8]
Event: 12.592 Thread 0x000002272daf7d40 1129       4       org.codehaus.plexus.util.InterpolationFilterReader::read (477 bytes)
Event: 12.592 Thread 0x000002272db05d60 1165       3       sun.nio.cs.StreamDecoder::lockedRead (189 bytes)
Event: 12.593 Thread 0x000002272db05d60 nmethod 1165 0x000002271709e390 code [0x000002271709e620, 0x000002271709f0f8]
Event: 12.593 Thread 0x000002272db05d60 1166   !   3       sun.nio.cs.StreamDecoder::read (78 bytes)
Event: 12.593 Thread 0x000002272db05d60 nmethod 1166 0x000002271709f410 code [0x000002271709f6a0, 0x00000227170a0520]
Event: 12.605 Thread 0x0000022773bcdf20 nmethod 1137 0x000002271e9a5010 code [0x000002271e9a5300, 0x000002271e9a5ed8]
Event: 12.605 Thread 0x0000022773bcdf20 1171   !   4       sun.nio.cs.StreamDecoder::read (78 bytes)
Event: 12.609 Thread 0x000002272db05d60 1173       2       java.util.Collections::emptyMap (4 bytes)
Event: 12.610 Thread 0x000002272db05d60 nmethod 1173 0x00000227170a0a10 code [0x00000227170a0ba0, 0x00000227170a0c90]
Event: 12.612 Thread 0x000002272db05d60 1174 %     3       org.codehaus.plexus.util.InterpolationFilterReader::read @ 3 (48 bytes)
Event: 12.613 Thread 0x000002272db05d60 nmethod 1174% 0x00000227170a0d10 code [0x00000227170a0ee0, 0x00000227170a12e8]
Event: 12.613 Thread 0x000002272db05d60 1175       3       org.codehaus.plexus.util.InterpolationFilterReader::read (48 bytes)
Event: 12.613 Thread 0x000002272db05d60 nmethod 1175 0x00000227170a1490 code [0x00000227170a1660, 0x00000227170a1978]
Event: 12.615 Thread 0x000002272db05d60 1176       2       org.codehaus.plexus.util.xml.pull.MXParser::require (468 bytes)
Event: 12.617 Thread 0x000002272db05d60 nmethod 1176 0x00000227170a1b10 code [0x00000227170a20e0, 0x00000227170a3828]
Event: 12.624 Thread 0x000002272db05d60 1177       2       org.eclipse.sisu.space.URLClassSpace::deferLoadClass (10 bytes)
Event: 12.624 Thread 0x000002272db05d60 nmethod 1177 0x00000227170a4590 code [0x00000227170a4740, 0x00000227170a4970]
Event: 12.624 Thread 0x000002272db05d60 1178       2       org.eclipse.sisu.space.NamedClass::<init> (15 bytes)
Event: 12.624 Thread 0x000002272db05d60 nmethod 1178 0x00000227170a4a10 code [0x00000227170a4bc0, 0x00000227170a4d90]

GC Heap History (2 events):
Event: 12.580 GC heap before
{Heap before GC invocations=0 (full 0):
 garbage-first heap   total 260096K, used 22528K [0x0000000703600000, 0x0000000800000000)
  region size 2048K, 11 young (22528K), 0 survivors (0K)
 Metaspace       used 5619K, committed 5888K, reserved 1114112K
  class space    used 646K, committed 768K, reserved 1048576K
}
Event: 12.586 GC heap after
{Heap after GC invocations=1 (full 0):
 garbage-first heap   total 260096K, used 3912K [0x0000000703600000, 0x0000000800000000)
  region size 2048K, 2 young (4096K), 2 survivors (4096K)
 Metaspace       used 5619K, committed 5888K, reserved 1114112K
  class space    used 646K, committed 768K, reserved 1048576K
}

Dll operation events (8 events):
Event: 0.008 Loaded shared library C:\Program Files\Java\jdk-21.0.10\bin\java.dll
Event: 0.049 Loaded shared library C:\Program Files\Java\jdk-21.0.10\bin\jsvml.dll
Event: 0.070 Loaded shared library C:\Program Files\Java\jdk-21.0.10\bin\net.dll
Event: 0.073 Loaded shared library C:\Program Files\Java\jdk-21.0.10\bin\nio.dll
Event: 0.099 Loaded shared library C:\Program Files\Java\jdk-21.0.10\bin\zip.dll
Event: 10.730 Loaded shared library C:\Program Files\Java\jdk-21.0.10\bin\jimage.dll
Event: 10.814 Loaded shared library C:\apache-maven-3.9.12\lib\jansi-native\Windows\x86_64\jansi.dll
Event: 10.834 Loaded shared library C:\Program Files\Java\jdk-21.0.10\bin\verify.dll

Deoptimization events (20 events):
Event: 12.531 Thread 0x000002270c7ae6e0 Uncommon trap: trap_request=0xffffff45 fr.pc=0x000002271e9715e4 relative=0x00000000000000c4
Event: 12.531 Thread 0x000002270c7ae6e0 Uncommon trap: reason=unstable_if action=reinterpret pc=0x000002271e9715e4 method=org.codehaus.plexus.util.xml.pull.MXParser.more()C @ 8 c2
Event: 12.531 Thread 0x000002270c7ae6e0 DEOPT PACKING pc=0x000002271e9715e4 sp=0x0000008737efe110
Event: 12.531 Thread 0x000002270c7ae6e0 DEOPT UNPACKING pc=0x000002271e3f7da2 sp=0x0000008737efe0a0 mode 2
Event: 12.573 Thread 0x000002270c7ae6e0 Uncommon trap: trap_request=0xffffffde fr.pc=0x000002271e980654 relative=0x00000000000005b4
Event: 12.573 Thread 0x000002270c7ae6e0 Uncommon trap: reason=class_check action=maybe_recompile pc=0x000002271e980654 method=java.util.regex.Matcher.search(I)Z @ 121 c2
Event: 12.573 Thread 0x000002270c7ae6e0 DEOPT PACKING pc=0x000002271e980654 sp=0x0000008737efdf40
Event: 12.573 Thread 0x000002270c7ae6e0 DEOPT UNPACKING pc=0x000002271e3f7da2 sp=0x0000008737efdf20 mode 2
Event: 12.586 Thread 0x000002272daec120 Uncommon trap: trap_request=0xffffff45 fr.pc=0x000002271e999a60 relative=0x0000000000000040
Event: 12.586 Thread 0x000002272daec120 Uncommon trap: reason=unstable_if action=reinterpret pc=0x000002271e999a60 method=java.util.concurrent.locks.AbstractQueuedSynchronizer.signalNext(Ljava/util/concurrent/locks/AbstractQueuedSynchronizer$Node;)V @ 1 c2
Event: 12.586 Thread 0x000002272daec120 DEOPT PACKING pc=0x000002271e999a60 sp=0x00000087386ff340
Event: 12.586 Thread 0x000002272daec120 DEOPT UNPACKING pc=0x000002271e3f7da2 sp=0x00000087386ff2d0 mode 2
Event: 12.592 Thread 0x000002270c7ae6e0 Uncommon trap: trap_request=0xffffff45 fr.pc=0x000002271e99d424 relative=0x00000000000018c4
Event: 12.592 Thread 0x000002270c7ae6e0 Uncommon trap: reason=unstable_if action=reinterpret pc=0x000002271e99d424 method=java.nio.charset.CoderResult.isOverflow()Z @ 5 c2
Event: 12.592 Thread 0x000002270c7ae6e0 DEOPT PACKING pc=0x000002271e99d424 sp=0x0000008737efdda0
Event: 12.592 Thread 0x000002270c7ae6e0 DEOPT UNPACKING pc=0x000002271e3f7da2 sp=0x0000008737efd920 mode 2
Event: 12.592 Thread 0x000002270c7ae6e0 Uncommon trap: trap_request=0xffffff45 fr.pc=0x000002271e9a19b8 relative=0x0000000000001758
Event: 12.592 Thread 0x000002270c7ae6e0 Uncommon trap: reason=unstable_if action=reinterpret pc=0x000002271e9a19b8 method=java.nio.charset.CoderResult.isOverflow()Z @ 5 c2
Event: 12.592 Thread 0x000002270c7ae6e0 DEOPT PACKING pc=0x000002271e9a19b8 sp=0x0000008737efdcd0
Event: 12.592 Thread 0x000002270c7ae6e0 DEOPT UNPACKING pc=0x000002271e3f7da2 sp=0x0000008737efd920 mode 2

Classes loaded (20 events):
Event: 12.486 Loading class java/lang/annotation/Target
Event: 12.486 Loading class java/lang/annotation/Target done
Event: 12.486 Loading class java/lang/annotation/ElementType
Event: 12.486 Loading class java/lang/annotation/ElementType done
Event: 12.486 Loading class java/lang/annotation/Documented
Event: 12.486 Loading class java/lang/annotation/Documented done
Event: 12.498 Loading class java/util/concurrent/TimeoutException
Event: 12.499 Loading class java/util/concurrent/TimeoutException done
Event: 12.499 Loading class java/util/concurrent/CancellationException
Event: 12.499 Loading class java/util/concurrent/CancellationException done
Event: 12.506 Loading class java/lang/reflect/ParameterizedType
Event: 12.507 Loading class java/lang/reflect/ParameterizedType done
Event: 12.509 Loading class java/lang/reflect/WildcardType
Event: 12.509 Loading class java/lang/reflect/WildcardType done
Event: 12.512 Loading class sun/reflect/generics/tree/TypeVariableSignature
Event: 12.512 Loading class sun/reflect/generics/tree/TypeVariableSignature done
Event: 12.526 Loading class java/lang/annotation/IncompleteAnnotationException
Event: 12.526 Loading class java/lang/annotation/IncompleteAnnotationException done
Event: 12.567 Loading class java/lang/foreign/MemorySegment
Event: 12.568 Loading class java/lang/foreign/MemorySegment done

Classes unloaded (0 events):
No events

Classes redefined (0 events):
No events

Internal exceptions (20 events):
Event: 10.821 Thread 0x000002270c7ae6e0 Exception <a 'java/lang/NullPointerException'{0x0000000712fc09a0}> (0x0000000712fc09a0) 
thrown [s\open\src\hotspot\share\interpreter\linkResolver.cpp, line 1372]
Event: 10.821 Thread 0x000002270c7ae6e0 Exception <a 'java/lang/NullPointerException'{0x0000000712fc0c80}> (0x0000000712fc0c80) 
thrown [s\open\src\hotspot\share\interpreter\linkResolver.cpp, line 1372]
Event: 10.823 Thread 0x000002270c7ae6e0 Exception <a 'java/lang/NullPointerException'{0x0000000712c02860}> (0x0000000712c02860) 
thrown [s\open\src\hotspot\share\interpreter\linkResolver.cpp, line 1372]
Event: 10.825 Thread 0x000002270c7ae6e0 Exception <a 'java/lang/NullPointerException'{0x0000000712c162d8}> (0x0000000712c162d8) 
thrown [s\open\src\hotspot\share\interpreter\linkResolver.cpp, line 1372]
Event: 10.825 Thread 0x000002270c7ae6e0 Exception <a 'java/lang/NullPointerException'{0x0000000712c165b8}> (0x0000000712c165b8) 
thrown [s\open\src\hotspot\share\interpreter\linkResolver.cpp, line 1372]
Event: 10.825 Thread 0x000002270c7ae6e0 Exception <a 'java/lang/NullPointerException'{0x0000000712c16898}> (0x0000000712c16898) 
thrown [s\open\src\hotspot\share\interpreter\linkResolver.cpp, line 1372]
Event: 10.825 Thread 0x000002270c7ae6e0 Exception <a 'java/lang/NullPointerException'{0x0000000712c16b78}> (0x0000000712c16b78) 
thrown [s\open\src\hotspot\share\interpreter\linkResolver.cpp, line 1372]
Event: 10.843 Thread 0x000002270c7ae6e0 Exception <a 'java/lang/NoSuchMethodError'{0x0000000712c82018}: 'void java.lang.invoke.DirectMethodHandle$Holder.invokeVirtual(java.lang.Object, java.lang.Object)'> (0x0000000712c82018) 
thrown [s\open\src\hotspot\share\interpreter\linkResolver.cpp, line 773]
Event: 10.846 Thread 0x000002270c7ae6e0 Exception <a 'java/lang/NoSuchMethodError'{0x0000000712c9dd08}: 'void java.lang.invoke.DirectMethodHandle$Holder.invokeStatic(java.lang.Object, java.lang.Object)'> (0x0000000712c9dd08) 
thrown [s\open\src\hotspot\share\interpreter\linkResolver.cpp, line 773]
Event: 10.847 Thread 0x000002270c7ae6e0 Exception <a 'java/lang/NoSuchMethodError'{0x0000000712ca0dd0}: 'void java.lang.invoke.DirectMethodHandle$Holder.invokeStaticInit(java.lang.Object, java.lang.Object)'> (0x0000000712ca0dd0) 
thrown [s\open\src\hotspot\share\interpreter\linkResolver.cpp, line 773]
Event: 10.861 Thread 0x000002270c7ae6e0 Exception <a 'java/lang/NoSuchMethodError'{0x0000000712ce6c28}: 'void java.lang.invoke.DirectMethodHandle$Holder.invokeStatic(java.lang.Object, java.lang.Object, java.lang.Object)'> (0x0000000712ce6c28) 
thrown [s\open\src\hotspot\share\interpreter\linkResolver.cpp, line 773]
Event: 12.165 Thread 0x000002270c7ae6e0 Exception <a 'java/lang/NoSuchMethodError'{0x0000000712a61788}: 'java.lang.Object java.lang.invoke.DirectMethodHandle$Holder.invokeSpecialIFC(java.lang.Object, java.lang.Object, java.lang.Object, java.lang.Object)'> (0x0000000712a61788) 
thrown [s\open\src\hotspot\share\interpreter\linkResolver.cpp, line 773]
Event: 12.365 Thread 0x000002270c7ae6e0 Exception <a 'java/lang/NoSuchMethodError'{0x00000007124191f0}: 'void java.lang.invoke.DirectMethodHandle$Holder.invokeSpecial(java.lang.Object, java.lang.Object, java.lang.Object)'> (0x00000007124191f0) 
thrown [s\open\src\hotspot\share\interpreter\linkResolver.cpp, line 773]
Event: 12.409 Thread 0x000002270c7ae6e0 Exception <a 'java/lang/NoSuchMethodError'{0x00000007125709a0}: 'java.lang.Object java.lang.invoke.DirectMethodHandle$Holder.invokeInterface(java.lang.Object, java.lang.Object)'> (0x00000007125709a0) 
thrown [s\open\src\hotspot\share\interpreter\linkResolver.cpp, line 773]
Event: 12.427 Thread 0x000002270c7ae6e0 Exception <a 'java/lang/NoSuchMethodError'{0x00000007122118a8}: 'int java.lang.invoke.DirectMethodHandle$Holder.invokeStatic(java.lang.Object, java.lang.Object, java.lang.Object, java.lang.Object)'> (0x00000007122118a8) 
thrown [s\open\src\hotspot\share\interpreter\linkResolver.cpp, line 773]
Event: 12.428 Thread 0x000002270c7ae6e0 Exception <a 'java/lang/NoSuchMethodError'{0x0000000712214f38}: 'java.lang.Object java.lang.invoke.Invokers$Holder.invokeExact_MT(java.lang.Object, java.lang.Object, java.lang.Object, java.lang.Object, java.lang.Object, java.lang.Object)'> (0x0000000712214f38) 
thrown [s\open\src\hotspot\share\interpreter\linkResolver.cpp, line 773]
Event: 12.430 Thread 0x000002270c7ae6e0 Exception <a 'java/lang/NoSuchMethodError'{0x00000007122234a8}: 'int java.lang.invoke.DirectMethodHandle$Holder.invokeSpecialIFC(java.lang.Object, java.lang.Object, java.lang.Object, java.lang.Object, java.lang.Object)'> (0x00000007122234a8) 
thrown [s\open\src\hotspot\share\interpreter\linkResolver.cpp, line 773]
Event: 12.487 Thread 0x000002270c7ae6e0 Exception <a 'java/lang/NoSuchMethodError'{0x00000007123bcc20}: 'java.lang.Object java.lang.invoke.DirectMethodHandle$Holder.newInvokeSpecial(java.lang.Object, java.lang.Object, java.lang.Object, java.lang.Object, java.lang.Object)'> (0x00000007123bcc20) 
thrown [s\open\src\hotspot\share\interpreter\linkResolver.cpp, line 773]
Event: 12.518 Thread 0x000002270c7ae6e0 Exception <a 'java/lang/NoSuchMethodError'{0x00000007120d7fa0}: 'int java.lang.invoke.DirectMethodHandle$Holder.invokeStaticInit(java.lang.Object, java.lang.Object)'> (0x00000007120d7fa0) 
thrown [s\open\src\hotspot\share\interpreter\linkResolver.cpp, line 773]
Event: 12.527 Thread 0x000002270c7ae6e0 Exception <a 'java/lang/NoClassDefFoundError'{0x000000071210f638}: javax/enterprise/inject/Typed> (0x000000071210f638) 
thrown [s\open\src\hotspot\share\classfile\systemDictionary.cpp, line 301]

ZGC Phase Switch (0 events):
No events

VM Operations (14 events):
Event: 0.100 Executing VM operation: HandshakeAllThreads (Deoptimize)
Event: 0.101 Executing VM operation: HandshakeAllThreads (Deoptimize) done
Event: 1.098 Executing VM operation: Cleanup
Event: 1.098 Executing VM operation: Cleanup done
Event: 10.199 Executing VM operation: Cleanup
Event: 10.199 Executing VM operation: Cleanup done
Event: 10.719 Executing VM operation: HandshakeAllThreads (Deoptimize)
Event: 10.719 Executing VM operation: HandshakeAllThreads (Deoptimize) done
Event: 10.741 Executing VM operation: HandshakeAllThreads (Deoptimize)
Event: 10.741 Executing VM operation: HandshakeAllThreads (Deoptimize) done
Event: 11.749 Executing VM operation: Cleanup
Event: 11.749 Executing VM operation: Cleanup done
Event: 12.579 Executing VM operation: G1CollectForAllocation (G1 Evacuation Pause)
Event: 12.586 Executing VM operation: G1CollectForAllocation (G1 Evacuation Pause) done

Events (15 events):
Event: 0.030 Thread 0x000002270c7ae6e0 Thread added: 0x000002270c7ae6e0
Event: 0.046 Thread 0x000002272daec120 Thread added: 0x000002272daec120
Event: 0.046 Thread 0x000002272daed130 Thread added: 0x000002272daed130
Event: 0.046 Thread 0x000002272daeeff0 Thread added: 0x000002272daeeff0
Event: 0.046 Thread 0x000002272daf1d80 Thread added: 0x000002272daf1d80
Event: 0.046 Thread 0x000002272daf38e0 Thread added: 0x000002272daf38e0
Event: 0.046 Thread 0x000002272daf9700 Thread added: 0x000002272daf9700
Event: 0.046 Thread 0x000002272daf7d40 Thread added: 0x000002272daf7d40
Event: 0.046 Thread 0x000002272db05d60 Thread added: 0x000002272db05d60
Event: 0.064 Thread 0x000002277314fc80 Thread added: 0x000002277314fc80
Event: 0.066 Thread 0x000002277315f050 Thread added: 0x000002277315f050
Event: 10.725 Thread 0x00000227730e1e40 Thread added: 0x00000227730e1e40
Event: 10.745 Thread 0x00000227730e1e40 Thread exited: 0x00000227730e1e40
Event: 12.537 Thread 0x0000022773bcdf20 Thread added: 0x0000022773bcdf20
Event: 12.556 Thread 0x0000022773bc6da0 Thread added: 0x0000022773bc6da0


Dynamic libraries:
0x00007ff751c50000 - 0x00007ff751c60000 	C:\Program Files\Java\jdk-21.0.10\bin\java.exe
0x00007ff8b3b70000 - 0x00007ff8b3d88000 	C:\Windows\SYSTEM32\ntdll.dll
0x00007ff8b26a0000 - 0x00007ff8b2764000 	C:\Windows\System32\KERNEL32.DLL
0x00007ff8b11a0000 - 0x00007ff8b1573000 	C:\Windows\System32\KERNELBASE.dll
0x00007ff8b1580000 - 0x00007ff8b1691000 	C:\Windows\System32\ucrtbase.dll
0x00007ff87bd40000 - 0x00007ff87bd5e000 	C:\Program Files\Java\jdk-21.0.10\bin\VCRUNTIME140.dll
0x00007ff8681b0000 - 0x00007ff8681c9000 	C:\Program Files\Java\jdk-21.0.10\bin\jli.dll
0x00007ff8b1880000 - 0x00007ff8b1931000 	C:\Windows\System32\ADVAPI32.dll
0x00007ff8b3a80000 - 0x00007ff8b3b27000 	C:\Windows\System32\msvcrt.dll
0x00007ff8b1fe0000 - 0x00007ff8b2088000 	C:\Windows\System32\sechost.dll
0x00007ff8b0f90000 - 0x00007ff8b0fb8000 	C:\Windows\System32\bcrypt.dll
0x00007ff8b37f0000 - 0x00007ff8b3908000 	C:\Windows\System32\RPCRT4.dll
0x00007ff8b1dd0000 - 0x00007ff8b1f82000 	C:\Windows\System32\USER32.dll
0x00007ff8b17e0000 - 0x00007ff8b1806000 	C:\Windows\System32\win32u.dll
0x00007ff8b3030000 - 0x00007ff8b3059000 	C:\Windows\System32\GDI32.dll
0x00007ff8b0c80000 - 0x00007ff8b0d9b000 	C:\Windows\System32\gdi32full.dll
0x00007ff8b0fc0000 - 0x00007ff8b105a000 	C:\Windows\System32\msvcp_win.dll
0x00007ff89bab0000 - 0x00007ff89bd4c000 	C:\Windows\WinSxS\amd64_microsoft.windows.common-controls_6595b64144ccf1df_6.0.22621.6060_none_2712eda17382d24b\COMCTL32.dll
0x00007ff8a8f30000 - 0x00007ff8a8f3a000 	C:\Windows\SYSTEM32\VERSION.dll
0x00007ff8b34e0000 - 0x00007ff8b3511000 	C:\Windows\System32\IMM32.DLL
0x00007ff895890000 - 0x00007ff89589c000 	C:\Program Files\Java\jdk-21.0.10\bin\vcruntime140_1.dll
0x00007ff8590c0000 - 0x00007ff85914d000 	C:\Program Files\Java\jdk-21.0.10\bin\msvcp140.dll
0x00007ff81a1f0000 - 0x00007ff81af17000 	C:\Program Files\Java\jdk-21.0.10\bin\server\jvm.dll
0x00007ff8b3550000 - 0x00007ff8b35c1000 	C:\Windows\System32\WS2_32.dll
0x00007ff8b09a0000 - 0x00007ff8b09ed000 	C:\Windows\SYSTEM32\POWRPROF.dll
0x00007ff8a9a60000 - 0x00007ff8a9a94000 	C:\Windows\SYSTEM32\WINMM.dll
0x00007ff8b0980000 - 0x00007ff8b0993000 	C:\Windows\SYSTEM32\UMPDC.dll
0x00007ff8afc20000 - 0x00007ff8afc38000 	C:\Windows\SYSTEM32\kernel.appcore.dll
0x00007ff8951f0000 - 0x00007ff8951fa000 	C:\Program Files\Java\jdk-21.0.10\bin\jimage.dll
0x00007ff8ae0f0000 - 0x00007ff8ae323000 	C:\Windows\SYSTEM32\DBGHELP.DLL
0x00007ff8b3060000 - 0x00007ff8b33f1000 	C:\Windows\System32\combase.dll
0x00007ff8b39a0000 - 0x00007ff8b3a78000 	C:\Windows\System32\OLEAUT32.dll
0x00007ff88f450000 - 0x00007ff88f482000 	C:\Windows\SYSTEM32\dbgcore.DLL
0x00007ff8b1060000 - 0x00007ff8b10db000 	C:\Windows\System32\bcryptPrimitives.dll
0x00007ff868180000 - 0x00007ff8681a1000 	C:\Program Files\Java\jdk-21.0.10\bin\java.dll
0x00007ff8b2770000 - 0x00007ff8b300c000 	C:\Windows\System32\SHELL32.dll
0x00007ff8b16a0000 - 0x00007ff8b17df000 	C:\Windows\System32\wintypes.dll
0x00007ff8aeb30000 - 0x00007ff8af44a000 	C:\Windows\SYSTEM32\windows.storage.dll
0x00007ff8b36e0000 - 0x00007ff8b37e4000 	C:\Windows\System32\SHCORE.dll
0x00007ff8b1810000 - 0x00007ff8b1879000 	C:\Windows\System32\shlwapi.dll
0x00007ff8b0bb0000 - 0x00007ff8b0bd5000 	C:\Windows\SYSTEM32\profapi.dll
0x00007ff851160000 - 0x00007ff851237000 	C:\Program Files\Java\jdk-21.0.10\bin\jsvml.dll
0x00007ff868160000 - 0x00007ff868171000 	C:\Program Files\Java\jdk-21.0.10\bin\net.dll
0x00007ff8ac800000 - 0x00007ff8ac92c000 	C:\Windows\SYSTEM32\WINHTTP.dll
0x00007ff8b00e0000 - 0x00007ff8b0149000 	C:\Windows\system32\mswsock.dll
0x00007ff868040000 - 0x00007ff868056000 	C:\Program Files\Java\jdk-21.0.10\bin\nio.dll
0x00007ff867df0000 - 0x00007ff867e08000 	C:\Program Files\Java\jdk-21.0.10\bin\zip.dll
0x00007ff864e90000 - 0x00007ff864eb4000 	C:\apache-maven-3.9.12\lib\jansi-native\Windows\x86_64\jansi.dll
0x00007ff87e1f0000 - 0x00007ff87e200000 	C:\Program Files\Java\jdk-21.0.10\bin\verify.dll

dbghelp: loaded successfully - version: 4.0.5 - missing functions: none
symbol engine: initialized successfully - sym options: 0x614 - pdb path: .;C:\Program Files\Java\jdk-21.0.10\bin;C:\Windows\SYSTEM32;C:\Windows\WinSxS\amd64_microsoft.windows.common-controls_6595b64144ccf1df_6.0.22621.6060_none_2712eda17382d24b;C:\Program Files\Java\jdk-21.0.10\bin\server;C:\apache-maven-3.9.12\lib\jansi-native\Windows\x86_64

VM Arguments:
jvm_args: --enable-native-access=ALL-UNNAMED -Dclassworlds.conf=C:\apache-maven-3.9.12\bin\m2.conf -Dmaven.home=C:\apache-maven-3.9.12 -Dlibrary.jansi.path=C:\apache-maven-3.9.12\lib\jansi-native -Dmaven.multiModuleProjectDirectory=D:\proj2\proj\eventmate-back 
java_command: org.codehaus.plexus.classworlds.launcher.Launcher spring-boot:run
java_class_path (initial): C:\apache-maven-3.9.12\boot\plexus-classworlds-2.9.0.jar
Launcher Type: SUN_STANDARD

[Global flags]
     intx CICompilerCount                          = 4                                         {product} {ergonomic}
     uint ConcGCThreads                            = 2                                         {product} {ergonomic}
     uint G1ConcRefinementThreads                  = 8                                         {product} {ergonomic}
   size_t G1HeapRegionSize                         = 2097152                                   {product} {ergonomic}
    uintx GCDrainStackTargetSize                   = 64                                        {product} {ergonomic}
   size_t InitialHeapSize                          = 266338304                                 {product} {ergonomic}
   size_t MarkStackSize                            = 4194304                                   {product} {ergonomic}
   size_t MaxHeapSize                              = 4238344192                                {product} {ergonomic}
   size_t MaxNewSize                               = 2541748224                                {product} {ergonomic}
   size_t MinHeapDeltaBytes                        = 2097152                                   {product} {ergonomic}
   size_t MinHeapSize                              = 8388608                                   {product} {ergonomic}
    uintx NonNMethodCodeHeapSize                   = 5839372                                {pd product} {ergonomic}
    uintx NonProfiledCodeHeapSize                  = 122909434                              {pd product} {ergonomic}
    uintx ProfiledCodeHeapSize                     = 122909434                              {pd product} {ergonomic}
    uintx ReservedCodeCacheSize                    = 251658240                              {pd product} {ergonomic}
     bool SegmentedCodeCache                       = true                                      {product} {ergonomic}
   size_t SoftMaxHeapSize                          = 4238344192                             {manageable} {ergonomic}
     bool UseCompressedOops                        = true                           {product lp64_product} {ergonomic}
     bool UseG1GC                                  = true                                      {product} {ergonomic}
     bool UseLargePagesIndividualAllocation        = false                                  {pd product} {ergonomic}

Logging:
Log output configuration:
 #0: stdout all=warning uptime,level,tags foldmultilines=false
 #1: stderr all=off uptime,level,tags foldmultilines=false

Environment Variables:
PATH=C:\Program Files\Common Files\Oracle\Java\javapath;C:\app\thang\product\21c\dbhomeXE\bin;C:\Windows\system32;C:\Windows;C:\Windows\System32\Wbem;C:\Windows\System32\WindowsPowerShell\v1.0\;C:\Windows\System32\OpenSSH\;C:\Program Files\Microsoft SQL Server\Client SDK\ODBC\170\Tools\Binn\;C:\Program Files\Microsoft SQL Server\150\Tools\Binn\;C:\Program Files\dotnet\;C:\php-8.4.5-;C:\php-8.4.5-\;C:\Program Files\nodejs\;C:\Program Files\Git\cmd;C:\apache-maven-3.9.12\bin;C:\Program Files\MySQL\MySQL Server 8.0\bin;C:\Program Files\GitHub CLI\;C:\Users\thang\AppData\Local\Microsoft\WindowsApps;C:\Users\thang\.dotnet\tools;C:\Users\thang\AppData\Local\Programs\Microsoft VS Code\bin;C:\Program Files\Java\jdk-21.0.6\bin;C:\Users\thang\AppData\Roaming\npm;C:\Users\thang\AppData\Local\Python\bin
USERNAME=thang
OS=Windows_NT
PROCESSOR_IDENTIFIER=Intel64 Family 6 Model 140 Stepping 2, GenuineIntel
TMP=C:\Users\thang\AppData\Local\Temp
TEMP=C:\Users\thang\AppData\Local\Temp




Periodic native trim disabled

---------------  S Y S T E M  ---------------

OS:
 Windows 11 , 64 bit Build 22621 (10.0.22621.5415)
OS uptime: 0 days 2:10 hours
Hyper-V role detected

CPU: total 8 (initial active 8) (4 cores per cpu, 2 threads per core) family 6 model 140 stepping 2 microcode 0x26, cx8, cmov, fxsr, ht, mmx, 3dnowpref, sse, sse2, sse3, ssse3, sse4.1, sse4.2, popcnt, lzcnt, tsc, tscinvbit, avx, avx2, aes, erms, clmul, bmi1, bmi2, adx, avx512f, avx512dq, avx512cd, avx512bw, avx512vl, sha, fma, vzeroupper, avx512_vpopcntdq, avx512_vpclmulqdq, avx512_vaes, avx512_vnni, clflush, clflushopt, clwb, avx512_vbmi2, avx512_vbmi, hv, rdtscp, rdpid, fsrm, gfni, avx512_bitalg, f16c, cet_ibt, cet_ss, avx512_ifma
Processor Information for processor 0
  Max Mhz: 2496, Current Mhz: 1198, Mhz Limit: 2496
Processor Information for processor 1
  Max Mhz: 2496, Current Mhz: 2496, Mhz Limit: 2496
Processor Information for processor 2
  Max Mhz: 2496, Current Mhz: 1198, Mhz Limit: 2496
Processor Information for processor 3
  Max Mhz: 2496, Current Mhz: 2496, Mhz Limit: 2496
Processor Information for processor 4
  Max Mhz: 2496, Current Mhz: 1198, Mhz Limit: 2496
Processor Information for processor 5
  Max Mhz: 2496, Current Mhz: 2496, Mhz Limit: 2496
Processor Information for processor 6
  Max Mhz: 2496, Current Mhz: 1198, Mhz Limit: 2496
Processor Information for processor 7
  Max Mhz: 2496, Current Mhz: 2496, Mhz Limit: 2496

Memory: 4k page, system-wide physical 16167M (2425M free)
TotalPageFile size 17687M (AvailPageFile size 5M)
current process WorkingSet (physical memory assigned to process): 90M, peak: 92M
current process commit charge ("private bytes"): 364M, peak: 366M

vm_info: Java HotSpot(TM) 64-Bit Server VM (21.0.10+8-LTS-217) for windows-amd64 JRE (21.0.10+8-LTS-217), built on 2025-12-18T14:59:28Z by "mach5run" with MS VC++ 17.13 (VS2022)

END.
